1587939809270,Log Generated,out/ssrlcv.log
1587939809270,state,start
1587939809271,state,SEED
1587939809280,VDD_SYS_GPU,12224,VDD_SYS_SOC,12224,VDD_IN,12224,VDD_SYS_CPU,12224,
1587939809281,CRR_SYS_GPU,8,CRR_SYS_SOC,32,CRR_IN,122,CRR_SYS_CPU,12,
1587939809283,PWR_SYS_GPU,97,PWR_SYS_SOC,391,PWR_IN,1491,PWR_SYS_CPU,146,
1587939810284,VDD_SYS_GPU,12216,VDD_SYS_SOC,12208,VDD_IN,12216,VDD_SYS_CPU,12216,
1587939810286,CRR_SYS_GPU,68,CRR_SYS_SOC,40,CRR_IN,234,CRR_SYS_CPU,16,
1587939810289,PWR_SYS_GPU,830,PWR_SYS_SOC,488,PWR_IN,2858,PWR_SYS_CPU,195,
1587939811290,VDD_SYS_GPU,12152,VDD_SYS_SOC,12152,VDD_IN,12168,VDD_SYS_CPU,12152,
1587939811291,CRR_SYS_GPU,476,CRR_SYS_SOC,48,CRR_IN,664,CRR_SYS_CPU,12,
1587939811293,PWR_SYS_GPU,5784,PWR_SYS_SOC,583,PWR_IN,8079,PWR_SYS_CPU,145,
1587939812295,VDD_SYS_GPU,12136,VDD_SYS_SOC,12144,VDD_IN,12152,VDD_SYS_CPU,12144,
1587939812297,CRR_SYS_GPU,560,CRR_SYS_SOC,48,CRR_IN,746,CRR_SYS_CPU,8,
1587939812300,PWR_SYS_GPU,6796,PWR_SYS_SOC,582,PWR_IN,9065,PWR_SYS_CPU,97,
1587939813302,VDD_SYS_GPU,12136,VDD_SYS_SOC,12136,VDD_IN,12152,VDD_SYS_CPU,12144,
1587939813304,CRR_SYS_GPU,568,CRR_SYS_SOC,48,CRR_IN,754,CRR_SYS_CPU,8,
1587939813306,PWR_SYS_GPU,6893,PWR_SYS_SOC,582,PWR_IN,9162,PWR_SYS_CPU,97,
1587939814309,VDD_SYS_GPU,12136,VDD_SYS_SOC,12136,VDD_IN,12152,VDD_SYS_CPU,12144,
1587939814311,CRR_SYS_GPU,576,CRR_SYS_SOC,48,CRR_IN,762,CRR_SYS_CPU,8,
1587939814314,PWR_SYS_GPU,6990,PWR_SYS_SOC,582,PWR_IN,9259,PWR_SYS_CPU,97,
1587939815316,VDD_SYS_GPU,12152,VDD_SYS_SOC,12152,VDD_IN,12168,VDD_SYS_CPU,12152,
1587939815318,CRR_SYS_GPU,484,CRR_SYS_SOC,48,CRR_IN,678,CRR_SYS_CPU,16,
1587939815320,PWR_SYS_GPU,5881,PWR_SYS_SOC,583,PWR_IN,8274,PWR_SYS_CPU,194,
1587939816321,VDD_SYS_GPU,12176,VDD_SYS_SOC,12176,VDD_IN,12184,VDD_SYS_CPU,12176,
1587939816322,CRR_SYS_GPU,320,CRR_SYS_SOC,52,CRR_IN,542,CRR_SYS_CPU,32,
1587939816324,PWR_SYS_GPU,3896,PWR_SYS_SOC,633,PWR_IN,6603,PWR_SYS_CPU,389,
1587939817325,VDD_SYS_GPU,12208,VDD_SYS_SOC,12208,VDD_IN,12216,VDD_SYS_CPU,12208,
1587939817327,CRR_SYS_GPU,128,CRR_SYS_SOC,52,CRR_IN,356,CRR_SYS_CPU,40,
1587939817328,PWR_SYS_GPU,1562,PWR_SYS_SOC,634,PWR_IN,4348,PWR_SYS_CPU,488,
1587939818331,VDD_SYS_GPU,12216,VDD_SYS_SOC,12216,VDD_IN,12224,VDD_SYS_CPU,12216,
1587939818333,CRR_SYS_GPU,124,CRR_SYS_SOC,48,CRR_IN,310,CRR_SYS_CPU,16,
1587939818335,PWR_SYS_GPU,1514,PWR_SYS_SOC,586,PWR_IN,3789,PWR_SYS_CPU,195,
1587939818920,state,SEED
1587939818920,state,FEATURES
1587939819337,VDD_SYS_GPU,12184,VDD_SYS_SOC,12184,VDD_IN,12192,VDD_SYS_CPU,12184,
1587939819340,CRR_SYS_GPU,252,CRR_SYS_SOC,48,CRR_IN,468,CRR_SYS_CPU,32,
1587939819343,PWR_SYS_GPU,3119,PWR_SYS_SOC,584,PWR_IN,5730,PWR_SYS_CPU,341,
1587939820345,VDD_SYS_GPU,12144,VDD_SYS_SOC,12144,VDD_IN,12160,VDD_SYS_CPU,12144,
1587939820347,CRR_SYS_GPU,524,CRR_SYS_SOC,48,CRR_IN,718,CRR_SYS_CPU,12,
1587939820350,PWR_SYS_GPU,6363,PWR_SYS_SOC,582,PWR_IN,8730,PWR_SYS_CPU,145,
1587939821352,VDD_SYS_GPU,12136,VDD_SYS_SOC,12136,VDD_IN,12152,VDD_SYS_CPU,12144,
1587939821354,CRR_SYS_GPU,564,CRR_SYS_SOC,48,CRR_IN,754,CRR_SYS_CPU,8,
1587939821357,PWR_SYS_GPU,6844,PWR_SYS_SOC,582,PWR_IN,9162,PWR_SYS_CPU,97,
1587939822359,VDD_SYS_GPU,12136,VDD_SYS_SOC,12136,VDD_IN,12152,VDD_SYS_CPU,12144,
1587939822361,CRR_SYS_GPU,564,CRR_SYS_SOC,48,CRR_IN,750,CRR_SYS_CPU,8,
1587939822364,PWR_SYS_GPU,6844,PWR_SYS_SOC,582,PWR_IN,9114,PWR_SYS_CPU,97,
1587939823366,VDD_SYS_GPU,12136,VDD_SYS_SOC,12136,VDD_IN,12152,VDD_SYS_CPU,12136,
1587939823368,CRR_SYS_GPU,584,CRR_SYS_SOC,48,CRR_IN,770,CRR_SYS_CPU,8,
1587939823370,PWR_SYS_GPU,7087,PWR_SYS_SOC,582,PWR_IN,9357,PWR_SYS_CPU,97,
1587939824373,VDD_SYS_GPU,12136,VDD_SYS_SOC,12136,VDD_IN,12152,VDD_SYS_CPU,12136,
1587939824375,CRR_SYS_GPU,588,CRR_SYS_SOC,48,CRR_IN,774,CRR_SYS_CPU,8,
1587939824377,PWR_SYS_GPU,7135,PWR_SYS_SOC,582,PWR_IN,9405,PWR_SYS_CPU,97,
1587939825379,VDD_SYS_GPU,12152,VDD_SYS_SOC,12152,VDD_IN,12168,VDD_SYS_CPU,12152,
1587939825381,CRR_SYS_GPU,468,CRR_SYS_SOC,48,CRR_IN,674,CRR_SYS_CPU,20,
1587939825383,PWR_SYS_GPU,5687,PWR_SYS_SOC,583,PWR_IN,8201,PWR_SYS_CPU,243,
1587939826386,VDD_SYS_GPU,12152,VDD_SYS_SOC,12160,VDD_IN,12168,VDD_SYS_CPU,12160,
1587939826388,CRR_SYS_GPU,440,CRR_SYS_SOC,48,CRR_IN,646,CRR_SYS_CPU,24,
1587939826390,PWR_SYS_GPU,5395,PWR_SYS_SOC,583,PWR_IN,7860,PWR_SYS_CPU,291,
1587939827392,VDD_SYS_GPU,12192,VDD_SYS_SOC,12192,VDD_IN,12200,VDD_SYS_CPU,12192,
1587939827394,CRR_SYS_GPU,220,CRR_SYS_SOC,48,CRR_IN,424,CRR_SYS_CPU,20,
1587939827397,PWR_SYS_GPU,2682,PWR_SYS_SOC,585,PWR_IN,5172,PWR_SYS_CPU,243,
1587939828398,VDD_SYS_GPU,12208,VDD_SYS_SOC,12200,VDD_IN,12208,VDD_SYS_CPU,12208,
1587939828399,CRR_SYS_GPU,112,CRR_SYS_SOC,52,CRR_IN,362,CRR_SYS_CPU,48,
1587939828401,PWR_SYS_GPU,1367,PWR_SYS_SOC,634,PWR_IN,4419,PWR_SYS_CPU,585,
1587939829403,VDD_SYS_GPU,12216,VDD_SYS_SOC,12216,VDD_IN,12216,VDD_SYS_CPU,12216,
1587939829405,CRR_SYS_GPU,124,CRR_SYS_SOC,48,CRR_IN,312,CRR_SYS_CPU,12,
1587939829407,PWR_SYS_GPU,1514,PWR_SYS_SOC,586,PWR_IN,3811,PWR_SYS_CPU,146,
1587939830409,VDD_SYS_GPU,12216,VDD_SYS_SOC,12216,VDD_IN,12224,VDD_SYS_CPU,12216,
1587939830411,CRR_SYS_GPU,124,CRR_SYS_SOC,48,CRR_IN,308,CRR_SYS_CPU,8,
1587939830414,PWR_SYS_GPU,1514,PWR_SYS_SOC,586,PWR_IN,3764,PWR_SYS_CPU,97,
1587939831416,VDD_SYS_GPU,12216,VDD_SYS_SOC,12216,VDD_IN,12224,VDD_SYS_CPU,12216,
1587939831418,CRR_SYS_GPU,124,CRR_SYS_SOC,48,CRR_IN,308,CRR_SYS_CPU,8,
1587939831421,PWR_SYS_GPU,1514,PWR_SYS_SOC,586,PWR_IN,3764,PWR_SYS_CPU,97,
1587939832422,VDD_SYS_GPU,12200,VDD_SYS_SOC,12192,VDD_IN,12208,VDD_SYS_CPU,12200,
1587939832423,CRR_SYS_GPU,192,CRR_SYS_SOC,48,CRR_IN,410,CRR_SYS_CPU,32,
1587939832425,PWR_SYS_GPU,2342,PWR_SYS_SOC,585,PWR_IN,5005,PWR_SYS_CPU,390,
1587939833427,VDD_SYS_GPU,12144,VDD_SYS_SOC,12144,VDD_IN,12160,VDD_SYS_CPU,12152,
1587939833429,CRR_SYS_GPU,508,CRR_SYS_SOC,48,CRR_IN,704,CRR_SYS_CPU,12,
1587939833431,PWR_SYS_GPU,6169,PWR_SYS_SOC,582,PWR_IN,8560,PWR_SYS_CPU,145,
1587939834433,VDD_SYS_GPU,12136,VDD_SYS_SOC,12136,VDD_IN,12152,VDD_SYS_CPU,12144,
1587939834436,CRR_SYS_GPU,560,CRR_SYS_SOC,48,CRR_IN,752,CRR_SYS_CPU,8,
1587939834439,PWR_SYS_GPU,6796,PWR_SYS_SOC,582,PWR_IN,9138,PWR_SYS_CPU,97,
1587939835441,VDD_SYS_GPU,12136,VDD_SYS_SOC,12144,VDD_IN,12152,VDD_SYS_CPU,12144,
1587939835443,CRR_SYS_GPU,556,CRR_SYS_SOC,48,CRR_IN,748,CRR_SYS_CPU,12,
1587939835446,PWR_SYS_GPU,6747,PWR_SYS_SOC,582,PWR_IN,9089,PWR_SYS_CPU,145,
1587939836448,VDD_SYS_GPU,12136,VDD_SYS_SOC,12136,VDD_IN,12152,VDD_SYS_CPU,12136,
1587939836450,CRR_SYS_GPU,588,CRR_SYS_SOC,48,CRR_IN,772,CRR_SYS_CPU,8,
1587939836452,PWR_SYS_GPU,7135,PWR_SYS_SOC,582,PWR_IN,9381,PWR_SYS_CPU,97,
1587939837455,VDD_SYS_GPU,12136,VDD_SYS_SOC,12136,VDD_IN,12152,VDD_SYS_CPU,12136,
1587939837457,CRR_SYS_GPU,588,CRR_SYS_SOC,48,CRR_IN,774,CRR_SYS_CPU,8,
1587939837459,PWR_SYS_GPU,7135,PWR_SYS_SOC,582,PWR_IN,9405,PWR_SYS_CPU,97,
1587939838462,VDD_SYS_GPU,12152,VDD_SYS_SOC,12160,VDD_IN,12168,VDD_SYS_CPU,12160,
1587939838463,CRR_SYS_GPU,440,CRR_SYS_SOC,48,CRR_IN,650,CRR_SYS_CPU,28,
1587939838466,PWR_SYS_GPU,5346,PWR_SYS_SOC,583,PWR_IN,7933,PWR_SYS_CPU,340,
1587939839467,VDD_SYS_GPU,12160,VDD_SYS_SOC,12160,VDD_IN,12168,VDD_SYS_CPU,12160,
1587939839469,CRR_SYS_GPU,444,CRR_SYS_SOC,48,CRR_IN,652,CRR_SYS_CPU,24,
1587939839472,PWR_SYS_GPU,5447,PWR_SYS_SOC,583,PWR_IN,7957,PWR_SYS_CPU,291,
1587939840474,VDD_SYS_GPU,12192,VDD_SYS_SOC,12192,VDD_IN,12200,VDD_SYS_CPU,12192,
1587939840476,CRR_SYS_GPU,232,CRR_SYS_SOC,52,CRR_IN,440,CRR_SYS_CPU,24,
1587939840478,PWR_SYS_GPU,2828,PWR_SYS_SOC,633,PWR_IN,5368,PWR_SYS_CPU,292,
1587939841479,VDD_SYS_GPU,12208,VDD_SYS_SOC,12208,VDD_IN,12216,VDD_SYS_CPU,12208,
1587939841480,CRR_SYS_GPU,108,CRR_SYS_SOC,52,CRR_IN,350,CRR_SYS_CPU,48,
1587939841482,PWR_SYS_GPU,1318,PWR_SYS_SOC,634,PWR_IN,4275,PWR_SYS_CPU,585,
1587939842484,VDD_SYS_GPU,12216,VDD_SYS_SOC,12216,VDD_IN,12216,VDD_SYS_CPU,12216,
1587939842486,CRR_SYS_GPU,124,CRR_SYS_SOC,48,CRR_IN,314,CRR_SYS_CPU,12,
1587939842489,PWR_SYS_GPU,1514,PWR_SYS_SOC,586,PWR_IN,3835,PWR_SYS_CPU,146,
1587939843491,VDD_SYS_GPU,12216,VDD_SYS_SOC,12216,VDD_IN,12224,VDD_SYS_CPU,12216,
1587939843493,CRR_SYS_GPU,128,CRR_SYS_SOC,48,CRR_IN,308,CRR_SYS_CPU,8,
1587939843496,PWR_SYS_GPU,1563,PWR_SYS_SOC,586,PWR_IN,3764,PWR_SYS_CPU,97,
1587939844498,VDD_SYS_GPU,12216,VDD_SYS_SOC,12216,VDD_IN,12224,VDD_SYS_CPU,12216,
1587939844502,CRR_SYS_GPU,124,CRR_SYS_SOC,48,CRR_IN,310,CRR_SYS_CPU,8,
1587939844505,PWR_SYS_GPU,1514,PWR_SYS_SOC,586,PWR_IN,3789,PWR_SYS_CPU,97,
1587939845507,VDD_SYS_GPU,12216,VDD_SYS_SOC,12216,VDD_IN,12224,VDD_SYS_CPU,12216,
1587939845509,CRR_SYS_GPU,128,CRR_SYS_SOC,48,CRR_IN,308,CRR_SYS_CPU,8,
1587939845512,PWR_SYS_GPU,1563,PWR_SYS_SOC,586,PWR_IN,3764,PWR_SYS_CPU,97,
1587939846513,VDD_SYS_GPU,12160,VDD_SYS_SOC,12160,VDD_IN,12176,VDD_SYS_CPU,12160,
1587939846514,CRR_SYS_GPU,420,CRR_SYS_SOC,48,CRR_IN,622,CRR_SYS_CPU,20,
1587939846516,PWR_SYS_GPU,5058,PWR_SYS_SOC,583,PWR_IN,7573,PWR_SYS_CPU,243,
1587939847518,VDD_SYS_GPU,12144,VDD_SYS_SOC,12144,VDD_IN,12160,VDD_SYS_CPU,12144,
1587939847520,CRR_SYS_GPU,528,CRR_SYS_SOC,48,CRR_IN,722,CRR_SYS_CPU,12,
1587939847522,PWR_SYS_GPU,6412,PWR_SYS_SOC,582,PWR_IN,8803,PWR_SYS_CPU,145,
1587939848524,VDD_SYS_GPU,12136,VDD_SYS_SOC,12136,VDD_IN,12152,VDD_SYS_CPU,12136,
1587939848526,CRR_SYS_GPU,576,CRR_SYS_SOC,48,CRR_IN,764,CRR_SYS_CPU,8,
1587939848529,PWR_SYS_GPU,6990,PWR_SYS_SOC,582,PWR_IN,9284,PWR_SYS_CPU,97,
1587939849531,VDD_SYS_GPU,12136,VDD_SYS_SOC,12136,VDD_IN,12152,VDD_SYS_CPU,12136,
1587939849533,CRR_SYS_GPU,580,CRR_SYS_SOC,48,CRR_IN,768,CRR_SYS_CPU,8,
1587939849536,PWR_SYS_GPU,7038,PWR_SYS_SOC,582,PWR_IN,9332,PWR_SYS_CPU,97,
1587939850539,VDD_SYS_GPU,12136,VDD_SYS_SOC,12136,VDD_IN,12152,VDD_SYS_CPU,12136,
1587939850541,CRR_SYS_GPU,588,CRR_SYS_SOC,48,CRR_IN,774,CRR_SYS_CPU,8,
1587939850543,PWR_SYS_GPU,7135,PWR_SYS_SOC,582,PWR_IN,9405,PWR_SYS_CPU,97,
1587939851545,VDD_SYS_GPU,12176,VDD_SYS_SOC,12168,VDD_IN,12184,VDD_SYS_CPU,12176,
1587939851546,CRR_SYS_GPU,304,CRR_SYS_SOC,52,CRR_IN,562,CRR_SYS_CPU,48,
1587939851548,PWR_SYS_GPU,3701,PWR_SYS_SOC,632,PWR_IN,6847,PWR_SYS_CPU,584,
1587939852550,VDD_SYS_GPU,12136,VDD_SYS_SOC,12136,VDD_IN,12152,VDD_SYS_CPU,12144,
1587939852552,CRR_SYS_GPU,544,CRR_SYS_SOC,48,CRR_IN,764,CRR_SYS_CPU,12,
1587939852554,PWR_SYS_GPU,6601,PWR_SYS_SOC,582,PWR_IN,9284,PWR_SYS_CPU,145,
1587939853555,VDD_SYS_GPU,12168,VDD_SYS_SOC,12168,VDD_IN,12184,VDD_SYS_CPU,12168,
1587939853556,CRR_SYS_GPU,340,CRR_SYS_SOC,52,CRR_IN,574,CRR_SYS_CPU,32,
1587939853558,PWR_SYS_GPU,4137,PWR_SYS_SOC,632,PWR_IN,6969,PWR_SYS_CPU,389,
1587939854559,VDD_SYS_GPU,12208,VDD_SYS_SOC,12208,VDD_IN,12216,VDD_SYS_CPU,12208,
1587939854560,CRR_SYS_GPU,112,CRR_SYS_SOC,52,CRR_IN,360,CRR_SYS_CPU,52,
1587939854563,PWR_SYS_GPU,1367,PWR_SYS_SOC,634,PWR_IN,4397,PWR_SYS_CPU,683,
1587939855565,VDD_SYS_GPU,12208,VDD_SYS_SOC,12208,VDD_IN,12216,VDD_SYS_CPU,12208,
1587939855567,CRR_SYS_GPU,120,CRR_SYS_SOC,52,CRR_IN,332,CRR_SYS_CPU,20,
1587939855569,PWR_SYS_GPU,1464,PWR_SYS_SOC,634,PWR_IN,4055,PWR_SYS_CPU,244,
1587939856572,VDD_SYS_GPU,12216,VDD_SYS_SOC,12216,VDD_IN,12224,VDD_SYS_CPU,12216,
1587939856574,CRR_SYS_GPU,124,CRR_SYS_SOC,48,CRR_IN,310,CRR_SYS_CPU,8,
1587939856576,PWR_SYS_GPU,1514,PWR_SYS_SOC,586,PWR_IN,3789,PWR_SYS_CPU,97,
1587939857578,VDD_SYS_GPU,12216,VDD_SYS_SOC,12216,VDD_IN,12224,VDD_SYS_CPU,12216,
1587939857580,CRR_SYS_GPU,124,CRR_SYS_SOC,48,CRR_IN,308,CRR_SYS_CPU,8,
1587939857583,PWR_SYS_GPU,1514,PWR_SYS_SOC,586,PWR_IN,3764,PWR_SYS_CPU,97,
1587939858585,VDD_SYS_GPU,12216,VDD_SYS_SOC,12216,VDD_IN,12224,VDD_SYS_CPU,12216,
1587939858587,CRR_SYS_GPU,128,CRR_SYS_SOC,48,CRR_IN,310,CRR_SYS_CPU,8,
1587939858590,PWR_SYS_GPU,1563,PWR_SYS_SOC,586,PWR_IN,3789,PWR_SYS_CPU,97,
1587939859294,state,FEATURES
1587939859294,state,MATCHING
1587939859592,VDD_SYS_GPU,12208,VDD_SYS_SOC,12200,VDD_IN,12208,VDD_SYS_CPU,12200,
1587939859594,CRR_SYS_GPU,164,CRR_SYS_SOC,52,CRR_IN,378,CRR_SYS_CPU,16,
1587939859597,PWR_SYS_GPU,2002,PWR_SYS_SOC,634,PWR_IN,4639,PWR_SYS_CPU,195,
1587939860599,VDD_SYS_GPU,12200,VDD_SYS_SOC,12192,VDD_IN,12208,VDD_SYS_CPU,12200,
1587939860601,CRR_SYS_GPU,204,CRR_SYS_SOC,52,CRR_IN,420,CRR_SYS_CPU,8,
1587939860604,PWR_SYS_GPU,2488,PWR_SYS_SOC,633,PWR_IN,5127,PWR_SYS_CPU,97,
1587939861606,VDD_SYS_GPU,12200,VDD_SYS_SOC,12192,VDD_IN,12200,VDD_SYS_CPU,12200,
1587939861608,CRR_SYS_GPU,208,CRR_SYS_SOC,52,CRR_IN,426,CRR_SYS_CPU,8,
1587939861610,PWR_SYS_GPU,2537,PWR_SYS_SOC,633,PWR_IN,5197,PWR_SYS_CPU,97,
1587939862613,VDD_SYS_GPU,12200,VDD_SYS_SOC,12192,VDD_IN,12200,VDD_SYS_CPU,12200,
1587939862614,CRR_SYS_GPU,208,CRR_SYS_SOC,52,CRR_IN,426,CRR_SYS_CPU,8,
1587939862617,PWR_SYS_GPU,2537,PWR_SYS_SOC,633,PWR_IN,5197,PWR_SYS_CPU,97,
1587939863619,VDD_SYS_GPU,12200,VDD_SYS_SOC,12192,VDD_IN,12200,VDD_SYS_CPU,12200,
1587939863621,CRR_SYS_GPU,208,CRR_SYS_SOC,52,CRR_IN,426,CRR_SYS_CPU,8,
1587939863624,PWR_SYS_GPU,2537,PWR_SYS_SOC,633,PWR_IN,5197,PWR_SYS_CPU,97,
1587939864626,VDD_SYS_GPU,12200,VDD_SYS_SOC,12192,VDD_IN,12200,VDD_SYS_CPU,12200,
1587939864629,CRR_SYS_GPU,208,CRR_SYS_SOC,52,CRR_IN,426,CRR_SYS_CPU,8,
1587939864632,PWR_SYS_GPU,2537,PWR_SYS_SOC,633,PWR_IN,5197,PWR_SYS_CPU,97,
1587939865634,VDD_SYS_GPU,12200,VDD_SYS_SOC,12192,VDD_IN,12200,VDD_SYS_CPU,12200,
1587939865636,CRR_SYS_GPU,208,CRR_SYS_SOC,52,CRR_IN,426,CRR_SYS_CPU,8,
1587939865638,PWR_SYS_GPU,2537,PWR_SYS_SOC,633,PWR_IN,5197,PWR_SYS_CPU,97,
1587939866641,VDD_SYS_GPU,12200,VDD_SYS_SOC,12192,VDD_IN,12208,VDD_SYS_CPU,12200,
1587939866642,CRR_SYS_GPU,208,CRR_SYS_SOC,52,CRR_IN,426,CRR_SYS_CPU,8,
1587939866645,PWR_SYS_GPU,2537,PWR_SYS_SOC,633,PWR_IN,5197,PWR_SYS_CPU,97,
1587939867647,VDD_SYS_GPU,12200,VDD_SYS_SOC,12192,VDD_IN,12208,VDD_SYS_CPU,12200,
1587939867649,CRR_SYS_GPU,208,CRR_SYS_SOC,52,CRR_IN,426,CRR_SYS_CPU,8,
1587939867652,PWR_SYS_GPU,2537,PWR_SYS_SOC,633,PWR_IN,5197,PWR_SYS_CPU,97,
1587939868654,VDD_SYS_GPU,12200,VDD_SYS_SOC,12192,VDD_IN,12208,VDD_SYS_CPU,12200,
1587939868656,CRR_SYS_GPU,208,CRR_SYS_SOC,52,CRR_IN,426,CRR_SYS_CPU,8,
1587939868658,PWR_SYS_GPU,2537,PWR_SYS_SOC,633,PWR_IN,5200,PWR_SYS_CPU,97,
1587939869661,VDD_SYS_GPU,12200,VDD_SYS_SOC,12192,VDD_IN,12208,VDD_SYS_CPU,12200,
1587939869663,CRR_SYS_GPU,204,CRR_SYS_SOC,52,CRR_IN,424,CRR_SYS_CPU,8,
1587939869665,PWR_SYS_GPU,2488,PWR_SYS_SOC,633,PWR_IN,5176,PWR_SYS_CPU,97,
1587939870667,VDD_SYS_GPU,12200,VDD_SYS_SOC,12192,VDD_IN,12200,VDD_SYS_CPU,12200,
1587939870669,CRR_SYS_GPU,204,CRR_SYS_SOC,52,CRR_IN,430,CRR_SYS_CPU,8,
1587939870672,PWR_SYS_GPU,2488,PWR_SYS_SOC,633,PWR_IN,5246,PWR_SYS_CPU,97,
1587939871674,VDD_SYS_GPU,12192,VDD_SYS_SOC,12192,VDD_IN,12200,VDD_SYS_CPU,12192,
1587939871676,CRR_SYS_GPU,204,CRR_SYS_SOC,52,CRR_IN,432,CRR_SYS_CPU,8,
1587939871679,PWR_SYS_GPU,2487,PWR_SYS_SOC,633,PWR_IN,5270,PWR_SYS_CPU,97,
1587939872681,VDD_SYS_GPU,12192,VDD_SYS_SOC,12192,VDD_IN,12200,VDD_SYS_CPU,12192,
1587939872683,CRR_SYS_GPU,204,CRR_SYS_SOC,52,CRR_IN,432,CRR_SYS_CPU,8,
1587939872685,PWR_SYS_GPU,2487,PWR_SYS_SOC,633,PWR_IN,5270,PWR_SYS_CPU,97,
1587939873688,VDD_SYS_GPU,12192,VDD_SYS_SOC,12192,VDD_IN,12200,VDD_SYS_CPU,12192,
1587939873689,CRR_SYS_GPU,204,CRR_SYS_SOC,52,CRR_IN,432,CRR_SYS_CPU,8,
1587939873692,PWR_SYS_GPU,2487,PWR_SYS_SOC,633,PWR_IN,5270,PWR_SYS_CPU,97,
1587939874694,VDD_SYS_GPU,12192,VDD_SYS_SOC,12192,VDD_IN,12200,VDD_SYS_CPU,12192,
1587939874697,CRR_SYS_GPU,204,CRR_SYS_SOC,52,CRR_IN,432,CRR_SYS_CPU,8,
1587939874700,PWR_SYS_GPU,2487,PWR_SYS_SOC,633,PWR_IN,5270,PWR_SYS_CPU,97,
1587939875702,VDD_SYS_GPU,12192,VDD_SYS_SOC,12192,VDD_IN,12200,VDD_SYS_CPU,12200,
1587939875704,CRR_SYS_GPU,204,CRR_SYS_SOC,52,CRR_IN,432,CRR_SYS_CPU,8,
1587939875706,PWR_SYS_GPU,2487,PWR_SYS_SOC,633,PWR_IN,5270,PWR_SYS_CPU,97,
1587939876709,VDD_SYS_GPU,12192,VDD_SYS_SOC,12192,VDD_IN,12200,VDD_SYS_CPU,12192,
1587939876711,CRR_SYS_GPU,204,CRR_SYS_SOC,52,CRR_IN,432,CRR_SYS_CPU,8,
1587939876713,PWR_SYS_GPU,2487,PWR_SYS_SOC,633,PWR_IN,5270,PWR_SYS_CPU,97,
1587939877716,VDD_SYS_GPU,12192,VDD_SYS_SOC,12192,VDD_IN,12200,VDD_SYS_CPU,12192,
1587939877717,CRR_SYS_GPU,204,CRR_SYS_SOC,52,CRR_IN,432,CRR_SYS_CPU,8,
1587939877720,PWR_SYS_GPU,2487,PWR_SYS_SOC,633,PWR_IN,5270,PWR_SYS_CPU,97,
1587939878722,VDD_SYS_GPU,12192,VDD_SYS_SOC,12192,VDD_IN,12200,VDD_SYS_CPU,12192,
1587939878724,CRR_SYS_GPU,204,CRR_SYS_SOC,52,CRR_IN,432,CRR_SYS_CPU,8,
1587939878727,PWR_SYS_GPU,2487,PWR_SYS_SOC,633,PWR_IN,5270,PWR_SYS_CPU,97,
1587939879729,VDD_SYS_GPU,12192,VDD_SYS_SOC,12192,VDD_IN,12200,VDD_SYS_CPU,12192,
1587939879731,CRR_SYS_GPU,204,CRR_SYS_SOC,52,CRR_IN,432,CRR_SYS_CPU,8,
1587939879734,PWR_SYS_GPU,2487,PWR_SYS_SOC,633,PWR_IN,5270,PWR_SYS_CPU,97,
1587939880737,VDD_SYS_GPU,12192,VDD_SYS_SOC,12192,VDD_IN,12200,VDD_SYS_CPU,12192,
1587939880739,CRR_SYS_GPU,204,CRR_SYS_SOC,52,CRR_IN,432,CRR_SYS_CPU,8,
1587939880741,PWR_SYS_GPU,2487,PWR_SYS_SOC,633,PWR_IN,5270,PWR_SYS_CPU,97,
1587939881744,VDD_SYS_GPU,12192,VDD_SYS_SOC,12192,VDD_IN,12200,VDD_SYS_CPU,12200,
1587939881745,CRR_SYS_GPU,204,CRR_SYS_SOC,52,CRR_IN,432,CRR_SYS_CPU,8,
1587939881748,PWR_SYS_GPU,2487,PWR_SYS_SOC,633,PWR_IN,5270,PWR_SYS_CPU,97,
1587939882750,VDD_SYS_GPU,12192,VDD_SYS_SOC,12192,VDD_IN,12200,VDD_SYS_CPU,12200,
1587939882752,CRR_SYS_GPU,204,CRR_SYS_SOC,52,CRR_IN,430,CRR_SYS_CPU,8,
1587939882755,PWR_SYS_GPU,2487,PWR_SYS_SOC,633,PWR_IN,5246,PWR_SYS_CPU,97,
1587939883757,VDD_SYS_GPU,12192,VDD_SYS_SOC,12192,VDD_IN,12200,VDD_SYS_CPU,12200,
1587939883759,CRR_SYS_GPU,204,CRR_SYS_SOC,52,CRR_IN,432,CRR_SYS_CPU,8,
1587939883762,PWR_SYS_GPU,2487,PWR_SYS_SOC,633,PWR_IN,5270,PWR_SYS_CPU,97,
1587939884764,VDD_SYS_GPU,12192,VDD_SYS_SOC,12192,VDD_IN,12200,VDD_SYS_CPU,12192,
1587939884766,CRR_SYS_GPU,204,CRR_SYS_SOC,52,CRR_IN,432,CRR_SYS_CPU,8,
1587939884769,PWR_SYS_GPU,2487,PWR_SYS_SOC,633,PWR_IN,5270,PWR_SYS_CPU,97,
1587939885772,VDD_SYS_GPU,12192,VDD_SYS_SOC,12192,VDD_IN,12200,VDD_SYS_CPU,12200,
1587939885774,CRR_SYS_GPU,204,CRR_SYS_SOC,52,CRR_IN,432,CRR_SYS_CPU,8,
1587939885776,PWR_SYS_GPU,2487,PWR_SYS_SOC,633,PWR_IN,5270,PWR_SYS_CPU,97,
1587939886778,VDD_SYS_GPU,12192,VDD_SYS_SOC,12192,VDD_IN,12200,VDD_SYS_CPU,12192,
1587939886780,CRR_SYS_GPU,204,CRR_SYS_SOC,52,CRR_IN,432,CRR_SYS_CPU,8,
1587939886783,PWR_SYS_GPU,2487,PWR_SYS_SOC,633,PWR_IN,5270,PWR_SYS_CPU,97,
1587939887785,VDD_SYS_GPU,12192,VDD_SYS_SOC,12192,VDD_IN,12200,VDD_SYS_CPU,12200,
1587939887787,CRR_SYS_GPU,204,CRR_SYS_SOC,52,CRR_IN,432,CRR_SYS_CPU,8,
1587939887789,PWR_SYS_GPU,2487,PWR_SYS_SOC,633,PWR_IN,5270,PWR_SYS_CPU,97,
1587939888792,VDD_SYS_GPU,12192,VDD_SYS_SOC,12192,VDD_IN,12200,VDD_SYS_CPU,12200,
1587939888793,CRR_SYS_GPU,204,CRR_SYS_SOC,52,CRR_IN,430,CRR_SYS_CPU,8,
1587939888796,PWR_SYS_GPU,2487,PWR_SYS_SOC,633,PWR_IN,5246,PWR_SYS_CPU,97,
1587939889798,VDD_SYS_GPU,12192,VDD_SYS_SOC,12192,VDD_IN,12200,VDD_SYS_CPU,12192,
1587939889801,CRR_SYS_GPU,204,CRR_SYS_SOC,52,CRR_IN,432,CRR_SYS_CPU,8,
1587939889804,PWR_SYS_GPU,2487,PWR_SYS_SOC,633,PWR_IN,5270,PWR_SYS_CPU,97,
1587939890806,VDD_SYS_GPU,12192,VDD_SYS_SOC,12192,VDD_IN,12200,VDD_SYS_CPU,12200,
1587939890808,CRR_SYS_GPU,204,CRR_SYS_SOC,52,CRR_IN,432,CRR_SYS_CPU,8,
1587939890811,PWR_SYS_GPU,2487,PWR_SYS_SOC,633,PWR_IN,5270,PWR_SYS_CPU,97,
1587939891813,VDD_SYS_GPU,12192,VDD_SYS_SOC,12192,VDD_IN,12200,VDD_SYS_CPU,12200,
1587939891815,CRR_SYS_GPU,204,CRR_SYS_SOC,52,CRR_IN,432,CRR_SYS_CPU,8,
1587939891817,PWR_SYS_GPU,2487,PWR_SYS_SOC,633,PWR_IN,5270,PWR_SYS_CPU,97,
1587939892819,VDD_SYS_GPU,12192,VDD_SYS_SOC,12192,VDD_IN,12200,VDD_SYS_CPU,12200,
1587939892821,CRR_SYS_GPU,204,CRR_SYS_SOC,52,CRR_IN,432,CRR_SYS_CPU,8,
1587939892824,PWR_SYS_GPU,2487,PWR_SYS_SOC,633,PWR_IN,5270,PWR_SYS_CPU,97,
1587939893826,VDD_SYS_GPU,12192,VDD_SYS_SOC,12192,VDD_IN,12200,VDD_SYS_CPU,12192,
1587939893828,CRR_SYS_GPU,204,CRR_SYS_SOC,52,CRR_IN,432,CRR_SYS_CPU,8,
1587939893831,PWR_SYS_GPU,2487,PWR_SYS_SOC,633,PWR_IN,5270,PWR_SYS_CPU,97,
1587939894833,VDD_SYS_GPU,12192,VDD_SYS_SOC,12192,VDD_IN,12200,VDD_SYS_CPU,12192,
1587939894835,CRR_SYS_GPU,204,CRR_SYS_SOC,52,CRR_IN,432,CRR_SYS_CPU,8,
1587939894838,PWR_SYS_GPU,2487,PWR_SYS_SOC,633,PWR_IN,5270,PWR_SYS_CPU,97,
1587939895840,VDD_SYS_GPU,12192,VDD_SYS_SOC,12192,VDD_IN,12200,VDD_SYS_CPU,12192,
1587939895842,CRR_SYS_GPU,204,CRR_SYS_SOC,52,CRR_IN,432,CRR_SYS_CPU,8,
1587939895845,PWR_SYS_GPU,2487,PWR_SYS_SOC,633,PWR_IN,5270,PWR_SYS_CPU,97,
1587939896847,VDD_SYS_GPU,12192,VDD_SYS_SOC,12192,VDD_IN,12200,VDD_SYS_CPU,12192,
1587939896849,CRR_SYS_GPU,204,CRR_SYS_SOC,52,CRR_IN,434,CRR_SYS_CPU,8,
1587939896852,PWR_SYS_GPU,2487,PWR_SYS_SOC,633,PWR_IN,5294,PWR_SYS_CPU,97,
1587939897854,VDD_SYS_GPU,12192,VDD_SYS_SOC,12192,VDD_IN,12200,VDD_SYS_CPU,12192,
1587939897856,CRR_SYS_GPU,204,CRR_SYS_SOC,52,CRR_IN,434,CRR_SYS_CPU,8,
1587939897858,PWR_SYS_GPU,2487,PWR_SYS_SOC,633,PWR_IN,5294,PWR_SYS_CPU,97,
1587939898861,VDD_SYS_GPU,12192,VDD_SYS_SOC,12192,VDD_IN,12200,VDD_SYS_CPU,12192,
1587939898863,CRR_SYS_GPU,204,CRR_SYS_SOC,52,CRR_IN,434,CRR_SYS_CPU,8,
1587939898865,PWR_SYS_GPU,2487,PWR_SYS_SOC,633,PWR_IN,5294,PWR_SYS_CPU,97,
1587939899510,state,matching images
1587939899868,VDD_SYS_GPU,12200,VDD_SYS_SOC,12192,VDD_IN,12208,VDD_SYS_CPU,12200,
1587939899870,CRR_SYS_GPU,204,CRR_SYS_SOC,52,CRR_IN,424,CRR_SYS_CPU,8,
1587939899873,PWR_SYS_GPU,2488,PWR_SYS_SOC,633,PWR_IN,5176,PWR_SYS_CPU,97,
1587939900875,VDD_SYS_GPU,12200,VDD_SYS_SOC,12192,VDD_IN,12200,VDD_SYS_CPU,12200,
1587939900877,CRR_SYS_GPU,208,CRR_SYS_SOC,52,CRR_IN,426,CRR_SYS_CPU,8,
1587939900880,PWR_SYS_GPU,2537,PWR_SYS_SOC,633,PWR_IN,5197,PWR_SYS_CPU,97,
1587939901882,VDD_SYS_GPU,12200,VDD_SYS_SOC,12192,VDD_IN,12208,VDD_SYS_CPU,12200,
1587939901884,CRR_SYS_GPU,208,CRR_SYS_SOC,52,CRR_IN,428,CRR_SYS_CPU,8,
1587939901887,PWR_SYS_GPU,2537,PWR_SYS_SOC,633,PWR_IN,5225,PWR_SYS_CPU,97,
1587939902889,VDD_SYS_GPU,12200,VDD_SYS_SOC,12192,VDD_IN,12208,VDD_SYS_CPU,12200,
1587939902891,CRR_SYS_GPU,208,CRR_SYS_SOC,52,CRR_IN,428,CRR_SYS_CPU,8,
1587939902894,PWR_SYS_GPU,2537,PWR_SYS_SOC,633,PWR_IN,5221,PWR_SYS_CPU,97,
1587939903896,VDD_SYS_GPU,12200,VDD_SYS_SOC,12192,VDD_IN,12208,VDD_SYS_CPU,12200,
1587939903898,CRR_SYS_GPU,208,CRR_SYS_SOC,52,CRR_IN,428,CRR_SYS_CPU,8,
1587939903900,PWR_SYS_GPU,2537,PWR_SYS_SOC,633,PWR_IN,5221,PWR_SYS_CPU,97,
1587939904903,VDD_SYS_GPU,12200,VDD_SYS_SOC,12192,VDD_IN,12208,VDD_SYS_CPU,12200,
1587939904905,CRR_SYS_GPU,208,CRR_SYS_SOC,52,CRR_IN,428,CRR_SYS_CPU,8,
1587939904908,PWR_SYS_GPU,2537,PWR_SYS_SOC,633,PWR_IN,5221,PWR_SYS_CPU,97,
1587939905910,VDD_SYS_GPU,12200,VDD_SYS_SOC,12192,VDD_IN,12208,VDD_SYS_CPU,12200,
1587939905912,CRR_SYS_GPU,208,CRR_SYS_SOC,52,CRR_IN,426,CRR_SYS_CPU,8,
1587939905915,PWR_SYS_GPU,2537,PWR_SYS_SOC,633,PWR_IN,5197,PWR_SYS_CPU,97,
1587939906917,VDD_SYS_GPU,12200,VDD_SYS_SOC,12192,VDD_IN,12200,VDD_SYS_CPU,12200,
1587939906919,CRR_SYS_GPU,208,CRR_SYS_SOC,52,CRR_IN,428,CRR_SYS_CPU,8,
1587939906922,PWR_SYS_GPU,2537,PWR_SYS_SOC,633,PWR_IN,5225,PWR_SYS_CPU,97,
1587939907924,VDD_SYS_GPU,12200,VDD_SYS_SOC,12192,VDD_IN,12208,VDD_SYS_CPU,12200,
1587939907926,CRR_SYS_GPU,208,CRR_SYS_SOC,52,CRR_IN,428,CRR_SYS_CPU,8,
1587939907929,PWR_SYS_GPU,2537,PWR_SYS_SOC,633,PWR_IN,5225,PWR_SYS_CPU,97,
1587939908931,VDD_SYS_GPU,12200,VDD_SYS_SOC,12192,VDD_IN,12200,VDD_SYS_CPU,12200,
1587939908933,CRR_SYS_GPU,208,CRR_SYS_SOC,52,CRR_IN,426,CRR_SYS_CPU,8,
1587939908936,PWR_SYS_GPU,2537,PWR_SYS_SOC,633,PWR_IN,5197,PWR_SYS_CPU,97,
1587939909938,VDD_SYS_GPU,12200,VDD_SYS_SOC,12192,VDD_IN,12200,VDD_SYS_CPU,12200,
1587939909940,CRR_SYS_GPU,204,CRR_SYS_SOC,52,CRR_IN,426,CRR_SYS_CPU,8,
1587939909943,PWR_SYS_GPU,2488,PWR_SYS_SOC,633,PWR_IN,5197,PWR_SYS_CPU,97,
1587939910945,VDD_SYS_GPU,12200,VDD_SYS_SOC,12192,VDD_IN,12200,VDD_SYS_CPU,12200,
1587939910947,CRR_SYS_GPU,204,CRR_SYS_SOC,52,CRR_IN,432,CRR_SYS_CPU,8,
1587939910950,PWR_SYS_GPU,2488,PWR_SYS_SOC,633,PWR_IN,5270,PWR_SYS_CPU,97,
1587939911952,VDD_SYS_GPU,12192,VDD_SYS_SOC,12192,VDD_IN,12200,VDD_SYS_CPU,12192,
1587939911954,CRR_SYS_GPU,204,CRR_SYS_SOC,52,CRR_IN,432,CRR_SYS_CPU,8,
1587939911957,PWR_SYS_GPU,2487,PWR_SYS_SOC,633,PWR_IN,5270,PWR_SYS_CPU,97,
1587939912959,VDD_SYS_GPU,12192,VDD_SYS_SOC,12192,VDD_IN,12200,VDD_SYS_CPU,12192,
1587939912961,CRR_SYS_GPU,204,CRR_SYS_SOC,52,CRR_IN,434,CRR_SYS_CPU,8,
1587939912964,PWR_SYS_GPU,2487,PWR_SYS_SOC,633,PWR_IN,5294,PWR_SYS_CPU,97,
1587939913966,VDD_SYS_GPU,12192,VDD_SYS_SOC,12192,VDD_IN,12200,VDD_SYS_CPU,12192,
1587939913968,CRR_SYS_GPU,204,CRR_SYS_SOC,52,CRR_IN,434,CRR_SYS_CPU,8,
1587939913971,PWR_SYS_GPU,2487,PWR_SYS_SOC,633,PWR_IN,5294,PWR_SYS_CPU,97,
1587939914973,VDD_SYS_GPU,12192,VDD_SYS_SOC,12192,VDD_IN,12200,VDD_SYS_CPU,12192,
1587939914975,CRR_SYS_GPU,204,CRR_SYS_SOC,52,CRR_IN,460,CRR_SYS_CPU,8,
1587939914977,PWR_SYS_GPU,2487,PWR_SYS_SOC,633,PWR_IN,5612,PWR_SYS_CPU,97,
1587939915979,VDD_SYS_GPU,12192,VDD_SYS_SOC,12192,VDD_IN,12200,VDD_SYS_CPU,12192,
1587939915981,CRR_SYS_GPU,204,CRR_SYS_SOC,52,CRR_IN,464,CRR_SYS_CPU,12,
1587939915983,PWR_SYS_GPU,2487,PWR_SYS_SOC,633,PWR_IN,5660,PWR_SYS_CPU,146,
1587939916985,VDD_SYS_GPU,12192,VDD_SYS_SOC,12192,VDD_IN,12200,VDD_SYS_CPU,12192,
1587939916987,CRR_SYS_GPU,204,CRR_SYS_SOC,52,CRR_IN,436,CRR_SYS_CPU,8,
1587939916990,PWR_SYS_GPU,2487,PWR_SYS_SOC,633,PWR_IN,5319,PWR_SYS_CPU,97,
1587939917992,VDD_SYS_GPU,12192,VDD_SYS_SOC,12192,VDD_IN,12200,VDD_SYS_CPU,12192,
1587939917993,CRR_SYS_GPU,204,CRR_SYS_SOC,52,CRR_IN,434,CRR_SYS_CPU,8,
1587939917996,PWR_SYS_GPU,2487,PWR_SYS_SOC,633,PWR_IN,5294,PWR_SYS_CPU,97,
1587939918997,VDD_SYS_GPU,12192,VDD_SYS_SOC,12192,VDD_IN,12200,VDD_SYS_CPU,12192,
1587939918999,CRR_SYS_GPU,204,CRR_SYS_SOC,52,CRR_IN,434,CRR_SYS_CPU,8,
1587939919002,PWR_SYS_GPU,2487,PWR_SYS_SOC,633,PWR_IN,5294,PWR_SYS_CPU,97,
1587939920004,VDD_SYS_GPU,12192,VDD_SYS_SOC,12192,VDD_IN,12200,VDD_SYS_CPU,12192,
1587939920006,CRR_SYS_GPU,204,CRR_SYS_SOC,52,CRR_IN,434,CRR_SYS_CPU,8,
1587939920008,PWR_SYS_GPU,2487,PWR_SYS_SOC,633,PWR_IN,5294,PWR_SYS_CPU,97,
1587939921010,VDD_SYS_GPU,12192,VDD_SYS_SOC,12192,VDD_IN,12200,VDD_SYS_CPU,12192,
1587939921012,CRR_SYS_GPU,204,CRR_SYS_SOC,52,CRR_IN,434,CRR_SYS_CPU,8,
1587939921014,PWR_SYS_GPU,2487,PWR_SYS_SOC,633,PWR_IN,5294,PWR_SYS_CPU,97,
1587939922017,VDD_SYS_GPU,12192,VDD_SYS_SOC,12192,VDD_IN,12200,VDD_SYS_CPU,12192,
1587939922018,CRR_SYS_GPU,204,CRR_SYS_SOC,52,CRR_IN,434,CRR_SYS_CPU,8,
1587939922021,PWR_SYS_GPU,2487,PWR_SYS_SOC,633,PWR_IN,5294,PWR_SYS_CPU,97,
1587939923024,VDD_SYS_GPU,12192,VDD_SYS_SOC,12192,VDD_IN,12200,VDD_SYS_CPU,12192,
1587939923025,CRR_SYS_GPU,204,CRR_SYS_SOC,52,CRR_IN,434,CRR_SYS_CPU,8,
1587939923028,PWR_SYS_GPU,2487,PWR_SYS_SOC,633,PWR_IN,5294,PWR_SYS_CPU,97,
1587939924030,VDD_SYS_GPU,12192,VDD_SYS_SOC,12192,VDD_IN,12200,VDD_SYS_CPU,12192,
1587939924032,CRR_SYS_GPU,204,CRR_SYS_SOC,52,CRR_IN,434,CRR_SYS_CPU,8,
1587939924035,PWR_SYS_GPU,2487,PWR_SYS_SOC,633,PWR_IN,5294,PWR_SYS_CPU,97,
1587939925037,VDD_SYS_GPU,12192,VDD_SYS_SOC,12192,VDD_IN,12200,VDD_SYS_CPU,12192,
1587939925039,CRR_SYS_GPU,204,CRR_SYS_SOC,52,CRR_IN,434,CRR_SYS_CPU,8,
1587939925042,PWR_SYS_GPU,2487,PWR_SYS_SOC,633,PWR_IN,5294,PWR_SYS_CPU,97,
1587939926045,VDD_SYS_GPU,12192,VDD_SYS_SOC,12192,VDD_IN,12200,VDD_SYS_CPU,12192,
1587939926046,CRR_SYS_GPU,204,CRR_SYS_SOC,52,CRR_IN,434,CRR_SYS_CPU,8,
1587939926049,PWR_SYS_GPU,2487,PWR_SYS_SOC,633,PWR_IN,5294,PWR_SYS_CPU,97,
1587939927051,VDD_SYS_GPU,12192,VDD_SYS_SOC,12192,VDD_IN,12200,VDD_SYS_CPU,12192,
1587939927053,CRR_SYS_GPU,204,CRR_SYS_SOC,52,CRR_IN,436,CRR_SYS_CPU,8,
1587939927056,PWR_SYS_GPU,2487,PWR_SYS_SOC,633,PWR_IN,5319,PWR_SYS_CPU,97,
1587939928058,VDD_SYS_GPU,12192,VDD_SYS_SOC,12192,VDD_IN,12200,VDD_SYS_CPU,12192,
1587939928060,CRR_SYS_GPU,204,CRR_SYS_SOC,52,CRR_IN,434,CRR_SYS_CPU,8,
1587939928062,PWR_SYS_GPU,2487,PWR_SYS_SOC,633,PWR_IN,5294,PWR_SYS_CPU,97,
1587939929064,VDD_SYS_GPU,12192,VDD_SYS_SOC,12192,VDD_IN,12200,VDD_SYS_CPU,12192,
1587939929066,CRR_SYS_GPU,204,CRR_SYS_SOC,52,CRR_IN,434,CRR_SYS_CPU,8,
1587939929069,PWR_SYS_GPU,2487,PWR_SYS_SOC,633,PWR_IN,5294,PWR_SYS_CPU,97,
1587939930070,VDD_SYS_GPU,12192,VDD_SYS_SOC,12192,VDD_IN,12200,VDD_SYS_CPU,12192,
1587939930073,CRR_SYS_GPU,204,CRR_SYS_SOC,52,CRR_IN,434,CRR_SYS_CPU,8,
1587939930076,PWR_SYS_GPU,2487,PWR_SYS_SOC,633,PWR_IN,5294,PWR_SYS_CPU,97,
1587939931078,VDD_SYS_GPU,12192,VDD_SYS_SOC,12192,VDD_IN,12200,VDD_SYS_CPU,12192,
1587939931080,CRR_SYS_GPU,204,CRR_SYS_SOC,52,CRR_IN,434,CRR_SYS_CPU,8,
1587939931083,PWR_SYS_GPU,2487,PWR_SYS_SOC,633,PWR_IN,5294,PWR_SYS_CPU,97,
1587939932085,VDD_SYS_GPU,12200,VDD_SYS_SOC,12192,VDD_IN,12200,VDD_SYS_CPU,12200,
1587939932087,CRR_SYS_GPU,204,CRR_SYS_SOC,52,CRR_IN,430,CRR_SYS_CPU,8,
1587939932090,PWR_SYS_GPU,2487,PWR_SYS_SOC,633,PWR_IN,5246,PWR_SYS_CPU,97,
1587939933092,VDD_SYS_GPU,12192,VDD_SYS_SOC,12192,VDD_IN,12200,VDD_SYS_CPU,12200,
1587939933094,CRR_SYS_GPU,204,CRR_SYS_SOC,52,CRR_IN,432,CRR_SYS_CPU,8,
1587939933096,PWR_SYS_GPU,2487,PWR_SYS_SOC,633,PWR_IN,5270,PWR_SYS_CPU,97,
1587939934099,VDD_SYS_GPU,12192,VDD_SYS_SOC,12192,VDD_IN,12200,VDD_SYS_CPU,12192,
1587939934100,CRR_SYS_GPU,204,CRR_SYS_SOC,52,CRR_IN,434,CRR_SYS_CPU,8,
1587939934103,PWR_SYS_GPU,2487,PWR_SYS_SOC,633,PWR_IN,5294,PWR_SYS_CPU,97,
1587939935105,VDD_SYS_GPU,12192,VDD_SYS_SOC,12192,VDD_IN,12200,VDD_SYS_CPU,12192,
1587939935107,CRR_SYS_GPU,204,CRR_SYS_SOC,52,CRR_IN,434,CRR_SYS_CPU,8,
1587939935109,PWR_SYS_GPU,2487,PWR_SYS_SOC,633,PWR_IN,5294,PWR_SYS_CPU,97,
1587939936111,VDD_SYS_GPU,12192,VDD_SYS_SOC,12192,VDD_IN,12200,VDD_SYS_CPU,12192,
1587939936113,CRR_SYS_GPU,204,CRR_SYS_SOC,52,CRR_IN,432,CRR_SYS_CPU,8,
1587939936116,PWR_SYS_GPU,2487,PWR_SYS_SOC,633,PWR_IN,5270,PWR_SYS_CPU,97,
1587939937118,VDD_SYS_GPU,12192,VDD_SYS_SOC,12192,VDD_IN,12200,VDD_SYS_CPU,12200,
1587939937120,CRR_SYS_GPU,208,CRR_SYS_SOC,52,CRR_IN,432,CRR_SYS_CPU,8,
1587939937122,PWR_SYS_GPU,2535,PWR_SYS_SOC,633,PWR_IN,5270,PWR_SYS_CPU,97,
1587939938125,VDD_SYS_GPU,12192,VDD_SYS_SOC,12192,VDD_IN,12200,VDD_SYS_CPU,12192,
1587939938126,CRR_SYS_GPU,204,CRR_SYS_SOC,52,CRR_IN,434,CRR_SYS_CPU,8,
1587939938129,PWR_SYS_GPU,2487,PWR_SYS_SOC,633,PWR_IN,5294,PWR_SYS_CPU,97,
1587939939131,VDD_SYS_GPU,12192,VDD_SYS_SOC,12192,VDD_IN,12200,VDD_SYS_CPU,12192,
1587939939133,CRR_SYS_GPU,204,CRR_SYS_SOC,52,CRR_IN,434,CRR_SYS_CPU,8,
1587939939136,PWR_SYS_GPU,2487,PWR_SYS_SOC,633,PWR_IN,5294,PWR_SYS_CPU,97,
1587939940138,VDD_SYS_GPU,12200,VDD_SYS_SOC,12192,VDD_IN,12200,VDD_SYS_CPU,12200,
1587939940140,CRR_SYS_GPU,204,CRR_SYS_SOC,52,CRR_IN,428,CRR_SYS_CPU,8,
1587939940142,PWR_SYS_GPU,2488,PWR_SYS_SOC,633,PWR_IN,5221,PWR_SYS_CPU,97,
1587939941144,VDD_SYS_GPU,12192,VDD_SYS_SOC,12192,VDD_IN,12200,VDD_SYS_CPU,12200,
1587939941146,CRR_SYS_GPU,208,CRR_SYS_SOC,52,CRR_IN,434,CRR_SYS_CPU,8,
1587939941149,PWR_SYS_GPU,2535,PWR_SYS_SOC,633,PWR_IN,5294,PWR_SYS_CPU,97,
1587939942151,VDD_SYS_GPU,12192,VDD_SYS_SOC,12192,VDD_IN,12200,VDD_SYS_CPU,12192,
1587939942153,CRR_SYS_GPU,204,CRR_SYS_SOC,52,CRR_IN,434,CRR_SYS_CPU,8,
1587939942156,PWR_SYS_GPU,2487,PWR_SYS_SOC,633,PWR_IN,5294,PWR_SYS_CPU,97,
1587939943158,VDD_SYS_GPU,12192,VDD_SYS_SOC,12192,VDD_IN,12200,VDD_SYS_CPU,12192,
1587939943160,CRR_SYS_GPU,208,CRR_SYS_SOC,52,CRR_IN,434,CRR_SYS_CPU,8,
1587939943163,PWR_SYS_GPU,2535,PWR_SYS_SOC,633,PWR_IN,5294,PWR_SYS_CPU,97,
1587939944165,VDD_SYS_GPU,12192,VDD_SYS_SOC,12192,VDD_IN,12200,VDD_SYS_CPU,12192,
1587939944167,CRR_SYS_GPU,204,CRR_SYS_SOC,52,CRR_IN,434,CRR_SYS_CPU,8,
1587939944170,PWR_SYS_GPU,2487,PWR_SYS_SOC,633,PWR_IN,5294,PWR_SYS_CPU,97,
1587939945171,VDD_SYS_GPU,12192,VDD_SYS_SOC,12192,VDD_IN,12200,VDD_SYS_CPU,12192,
1587939945173,CRR_SYS_GPU,208,CRR_SYS_SOC,52,CRR_IN,434,CRR_SYS_CPU,8,
1587939945175,PWR_SYS_GPU,2535,PWR_SYS_SOC,633,PWR_IN,5294,PWR_SYS_CPU,97,
1587939946178,VDD_SYS_GPU,12192,VDD_SYS_SOC,12192,VDD_IN,12200,VDD_SYS_CPU,12192,
1587939946180,CRR_SYS_GPU,208,CRR_SYS_SOC,52,CRR_IN,434,CRR_SYS_CPU,8,
1587939946182,PWR_SYS_GPU,2535,PWR_SYS_SOC,633,PWR_IN,5294,PWR_SYS_CPU,97,
1587939947185,VDD_SYS_GPU,12192,VDD_SYS_SOC,12192,VDD_IN,12200,VDD_SYS_CPU,12192,
1587939947187,CRR_SYS_GPU,204,CRR_SYS_SOC,52,CRR_IN,436,CRR_SYS_CPU,8,
1587939947189,PWR_SYS_GPU,2487,PWR_SYS_SOC,633,PWR_IN,5319,PWR_SYS_CPU,97,
1587939948191,VDD_SYS_GPU,12192,VDD_SYS_SOC,12192,VDD_IN,12200,VDD_SYS_CPU,12192,
1587939948193,CRR_SYS_GPU,204,CRR_SYS_SOC,52,CRR_IN,434,CRR_SYS_CPU,8,
1587939948196,PWR_SYS_GPU,2487,PWR_SYS_SOC,633,PWR_IN,5294,PWR_SYS_CPU,97,
1587939949197,VDD_SYS_GPU,12192,VDD_SYS_SOC,12192,VDD_IN,12200,VDD_SYS_CPU,12192,
1587939949198,CRR_SYS_GPU,204,CRR_SYS_SOC,52,CRR_IN,434,CRR_SYS_CPU,8,
1587939949200,PWR_SYS_GPU,2487,PWR_SYS_SOC,633,PWR_IN,5294,PWR_SYS_CPU,97,
1587939950202,VDD_SYS_GPU,12192,VDD_SYS_SOC,12192,VDD_IN,12200,VDD_SYS_CPU,12192,
1587939950204,CRR_SYS_GPU,208,CRR_SYS_SOC,52,CRR_IN,434,CRR_SYS_CPU,8,
1587939950207,PWR_SYS_GPU,2535,PWR_SYS_SOC,633,PWR_IN,5319,PWR_SYS_CPU,97,
1587939951208,VDD_SYS_GPU,12192,VDD_SYS_SOC,12192,VDD_IN,12200,VDD_SYS_CPU,12192,
1587939951209,CRR_SYS_GPU,208,CRR_SYS_SOC,52,CRR_IN,434,CRR_SYS_CPU,8,
1587939951211,PWR_SYS_GPU,2535,PWR_SYS_SOC,633,PWR_IN,5294,PWR_SYS_CPU,97,
1587939952213,VDD_SYS_GPU,12192,VDD_SYS_SOC,12192,VDD_IN,12200,VDD_SYS_CPU,12192,
1587939952215,CRR_SYS_GPU,204,CRR_SYS_SOC,52,CRR_IN,434,CRR_SYS_CPU,8,
1587939952218,PWR_SYS_GPU,2487,PWR_SYS_SOC,633,PWR_IN,5294,PWR_SYS_CPU,97,
1587939953220,VDD_SYS_GPU,12192,VDD_SYS_SOC,12192,VDD_IN,12200,VDD_SYS_CPU,12192,
1587939953222,CRR_SYS_GPU,204,CRR_SYS_SOC,52,CRR_IN,434,CRR_SYS_CPU,8,
1587939953225,PWR_SYS_GPU,2487,PWR_SYS_SOC,633,PWR_IN,5294,PWR_SYS_CPU,97,
1587939954226,VDD_SYS_GPU,12192,VDD_SYS_SOC,12192,VDD_IN,12200,VDD_SYS_CPU,12192,
1587939954228,CRR_SYS_GPU,208,CRR_SYS_SOC,52,CRR_IN,436,CRR_SYS_CPU,8,
1587939954231,PWR_SYS_GPU,2535,PWR_SYS_SOC,633,PWR_IN,5319,PWR_SYS_CPU,97,
1587939955232,VDD_SYS_GPU,12192,VDD_SYS_SOC,12192,VDD_IN,12200,VDD_SYS_CPU,12192,
1587939955234,CRR_SYS_GPU,204,CRR_SYS_SOC,52,CRR_IN,436,CRR_SYS_CPU,8,
1587939955237,PWR_SYS_GPU,2535,PWR_SYS_SOC,633,PWR_IN,5319,PWR_SYS_CPU,97,
1587939956239,VDD_SYS_GPU,12192,VDD_SYS_SOC,12192,VDD_IN,12200,VDD_SYS_CPU,12192,
1587939956241,CRR_SYS_GPU,208,CRR_SYS_SOC,52,CRR_IN,436,CRR_SYS_CPU,8,
1587939956244,PWR_SYS_GPU,2535,PWR_SYS_SOC,633,PWR_IN,5319,PWR_SYS_CPU,97,
1587939957245,VDD_SYS_GPU,12192,VDD_SYS_SOC,12192,VDD_IN,12200,VDD_SYS_CPU,12192,
1587939957247,CRR_SYS_GPU,208,CRR_SYS_SOC,52,CRR_IN,434,CRR_SYS_CPU,8,
1587939957250,PWR_SYS_GPU,2535,PWR_SYS_SOC,633,PWR_IN,5294,PWR_SYS_CPU,97,
1587939958251,VDD_SYS_GPU,12192,VDD_SYS_SOC,12192,VDD_IN,12200,VDD_SYS_CPU,12192,
1587939958253,CRR_SYS_GPU,208,CRR_SYS_SOC,52,CRR_IN,434,CRR_SYS_CPU,8,
1587939958256,PWR_SYS_GPU,2535,PWR_SYS_SOC,633,PWR_IN,5294,PWR_SYS_CPU,97,
1587939959258,VDD_SYS_GPU,12192,VDD_SYS_SOC,12192,VDD_IN,12200,VDD_SYS_CPU,12192,
1587939959260,CRR_SYS_GPU,204,CRR_SYS_SOC,52,CRR_IN,434,CRR_SYS_CPU,8,
1587939959262,PWR_SYS_GPU,2487,PWR_SYS_SOC,633,PWR_IN,5294,PWR_SYS_CPU,97,
1587939960264,VDD_SYS_GPU,12192,VDD_SYS_SOC,12192,VDD_IN,12200,VDD_SYS_CPU,12192,
1587939960266,CRR_SYS_GPU,204,CRR_SYS_SOC,52,CRR_IN,434,CRR_SYS_CPU,8,
1587939960268,PWR_SYS_GPU,2487,PWR_SYS_SOC,633,PWR_IN,5294,PWR_SYS_CPU,97,
1587939961270,VDD_SYS_GPU,12192,VDD_SYS_SOC,12192,VDD_IN,12200,VDD_SYS_CPU,12192,
1587939961272,CRR_SYS_GPU,204,CRR_SYS_SOC,52,CRR_IN,434,CRR_SYS_CPU,8,
1587939961275,PWR_SYS_GPU,2487,PWR_SYS_SOC,633,PWR_IN,5294,PWR_SYS_CPU,97,
1587939962276,VDD_SYS_GPU,12192,VDD_SYS_SOC,12192,VDD_IN,12200,VDD_SYS_CPU,12192,
1587939962278,CRR_SYS_GPU,204,CRR_SYS_SOC,52,CRR_IN,434,CRR_SYS_CPU,8,
1587939962280,PWR_SYS_GPU,2487,PWR_SYS_SOC,633,PWR_IN,5294,PWR_SYS_CPU,97,
1587939963283,VDD_SYS_GPU,12192,VDD_SYS_SOC,12192,VDD_IN,12200,VDD_SYS_CPU,12200,
1587939963285,CRR_SYS_GPU,204,CRR_SYS_SOC,52,CRR_IN,432,CRR_SYS_CPU,8,
1587939963287,PWR_SYS_GPU,2487,PWR_SYS_SOC,633,PWR_IN,5270,PWR_SYS_CPU,97,
1587939964289,VDD_SYS_GPU,12192,VDD_SYS_SOC,12192,VDD_IN,12200,VDD_SYS_CPU,12192,
1587939964291,CRR_SYS_GPU,204,CRR_SYS_SOC,52,CRR_IN,436,CRR_SYS_CPU,8,
1587939964294,PWR_SYS_GPU,2487,PWR_SYS_SOC,633,PWR_IN,5319,PWR_SYS_CPU,97,
1587939965295,VDD_SYS_GPU,12192,VDD_SYS_SOC,12192,VDD_IN,12200,VDD_SYS_CPU,12192,
1587939965298,CRR_SYS_GPU,204,CRR_SYS_SOC,52,CRR_IN,436,CRR_SYS_CPU,8,
1587939965301,PWR_SYS_GPU,2487,PWR_SYS_SOC,633,PWR_IN,5319,PWR_SYS_CPU,97,
1587939966303,VDD_SYS_GPU,12192,VDD_SYS_SOC,12192,VDD_IN,12200,VDD_SYS_CPU,12192,
1587939966305,CRR_SYS_GPU,204,CRR_SYS_SOC,52,CRR_IN,434,CRR_SYS_CPU,8,
1587939966307,PWR_SYS_GPU,2487,PWR_SYS_SOC,633,PWR_IN,5294,PWR_SYS_CPU,97,
1587939967309,VDD_SYS_GPU,12192,VDD_SYS_SOC,12192,VDD_IN,12200,VDD_SYS_CPU,12192,
1587939967310,CRR_SYS_GPU,204,CRR_SYS_SOC,52,CRR_IN,436,CRR_SYS_CPU,8,
1587939967311,PWR_SYS_GPU,2487,PWR_SYS_SOC,633,PWR_IN,5319,PWR_SYS_CPU,97,
1587939968313,VDD_SYS_GPU,12192,VDD_SYS_SOC,12192,VDD_IN,12200,VDD_SYS_CPU,12192,
1587939968314,CRR_SYS_GPU,208,CRR_SYS_SOC,52,CRR_IN,436,CRR_SYS_CPU,8,
1587939968315,PWR_SYS_GPU,2535,PWR_SYS_SOC,633,PWR_IN,5319,PWR_SYS_CPU,97,
1587939969317,VDD_SYS_GPU,12192,VDD_SYS_SOC,12192,VDD_IN,12200,VDD_SYS_CPU,12200,
1587939969319,CRR_SYS_GPU,208,CRR_SYS_SOC,52,CRR_IN,432,CRR_SYS_CPU,8,
1587939969322,PWR_SYS_GPU,2535,PWR_SYS_SOC,633,PWR_IN,5270,PWR_SYS_CPU,97,
1587939970323,VDD_SYS_GPU,12192,VDD_SYS_SOC,12192,VDD_IN,12200,VDD_SYS_CPU,12192,
1587939970325,CRR_SYS_GPU,208,CRR_SYS_SOC,52,CRR_IN,436,CRR_SYS_CPU,8,
1587939970327,PWR_SYS_GPU,2535,PWR_SYS_SOC,633,PWR_IN,5319,PWR_SYS_CPU,97,
1587939971328,VDD_SYS_GPU,12200,VDD_SYS_SOC,12192,VDD_IN,12208,VDD_SYS_CPU,12200,
1587939971329,CRR_SYS_GPU,204,CRR_SYS_SOC,52,CRR_IN,424,CRR_SYS_CPU,8,
1587939971331,PWR_SYS_GPU,2488,PWR_SYS_SOC,633,PWR_IN,5176,PWR_SYS_CPU,97,
1587939972333,VDD_SYS_GPU,12200,VDD_SYS_SOC,12192,VDD_IN,12200,VDD_SYS_CPU,12200,
1587939972334,CRR_SYS_GPU,208,CRR_SYS_SOC,52,CRR_IN,428,CRR_SYS_CPU,8,
1587939972337,PWR_SYS_GPU,2537,PWR_SYS_SOC,633,PWR_IN,5221,PWR_SYS_CPU,97,
1587939973340,VDD_SYS_GPU,12200,VDD_SYS_SOC,12192,VDD_IN,12200,VDD_SYS_CPU,12200,
1587939973342,CRR_SYS_GPU,208,CRR_SYS_SOC,52,CRR_IN,428,CRR_SYS_CPU,8,
1587939973344,PWR_SYS_GPU,2537,PWR_SYS_SOC,633,PWR_IN,5221,PWR_SYS_CPU,97,
1587939974347,VDD_SYS_GPU,12200,VDD_SYS_SOC,12192,VDD_IN,12200,VDD_SYS_CPU,12200,
1587939974349,CRR_SYS_GPU,208,CRR_SYS_SOC,52,CRR_IN,428,CRR_SYS_CPU,8,
1587939974352,PWR_SYS_GPU,2537,PWR_SYS_SOC,633,PWR_IN,5221,PWR_SYS_CPU,97,
1587939975355,VDD_SYS_GPU,12200,VDD_SYS_SOC,12192,VDD_IN,12200,VDD_SYS_CPU,12200,
1587939975357,CRR_SYS_GPU,208,CRR_SYS_SOC,52,CRR_IN,428,CRR_SYS_CPU,8,
1587939975360,PWR_SYS_GPU,2537,PWR_SYS_SOC,633,PWR_IN,5221,PWR_SYS_CPU,97,
1587939976362,VDD_SYS_GPU,12200,VDD_SYS_SOC,12192,VDD_IN,12200,VDD_SYS_CPU,12200,
1587939976365,CRR_SYS_GPU,208,CRR_SYS_SOC,52,CRR_IN,428,CRR_SYS_CPU,8,
1587939976368,PWR_SYS_GPU,2537,PWR_SYS_SOC,633,PWR_IN,5221,PWR_SYS_CPU,97,
1587939977371,VDD_SYS_GPU,12192,VDD_SYS_SOC,12192,VDD_IN,12200,VDD_SYS_CPU,12192,
1587939977373,CRR_SYS_GPU,208,CRR_SYS_SOC,52,CRR_IN,440,CRR_SYS_CPU,8,
1587939977377,PWR_SYS_GPU,2535,PWR_SYS_SOC,633,PWR_IN,5368,PWR_SYS_CPU,97,
1587939978379,VDD_SYS_GPU,12192,VDD_SYS_SOC,12192,VDD_IN,12200,VDD_SYS_CPU,12192,
1587939978381,CRR_SYS_GPU,208,CRR_SYS_SOC,52,CRR_IN,458,CRR_SYS_CPU,8,
1587939978385,PWR_SYS_GPU,2535,PWR_SYS_SOC,633,PWR_IN,5587,PWR_SYS_CPU,97,
1587939979386,VDD_SYS_GPU,12184,VDD_SYS_SOC,12184,VDD_IN,12192,VDD_SYS_CPU,12184,
1587939979387,CRR_SYS_GPU,208,CRR_SYS_SOC,52,CRR_IN,496,CRR_SYS_CPU,56,
1587939979389,PWR_SYS_GPU,2534,PWR_SYS_SOC,633,PWR_IN,6047,PWR_SYS_CPU,682,
1587939980391,VDD_SYS_GPU,12192,VDD_SYS_SOC,12192,VDD_IN,12200,VDD_SYS_CPU,12192,
1587939980393,CRR_SYS_GPU,208,CRR_SYS_SOC,52,CRR_IN,444,CRR_SYS_CPU,20,
1587939980396,PWR_SYS_GPU,2535,PWR_SYS_SOC,633,PWR_IN,5416,PWR_SYS_CPU,243,
1587939981398,VDD_SYS_GPU,12200,VDD_SYS_SOC,12192,VDD_IN,12200,VDD_SYS_CPU,12200,
1587939981401,CRR_SYS_GPU,208,CRR_SYS_SOC,52,CRR_IN,428,CRR_SYS_CPU,8,
1587939981404,PWR_SYS_GPU,2537,PWR_SYS_SOC,633,PWR_IN,5246,PWR_SYS_CPU,97,
1587939982406,VDD_SYS_GPU,12200,VDD_SYS_SOC,12192,VDD_IN,12208,VDD_SYS_CPU,12200,
1587939982408,CRR_SYS_GPU,204,CRR_SYS_SOC,52,CRR_IN,426,CRR_SYS_CPU,8,
1587939982412,PWR_SYS_GPU,2488,PWR_SYS_SOC,633,PWR_IN,5221,PWR_SYS_CPU,97,
1587939983414,VDD_SYS_GPU,12200,VDD_SYS_SOC,12192,VDD_IN,12200,VDD_SYS_CPU,12200,
1587939983416,CRR_SYS_GPU,204,CRR_SYS_SOC,52,CRR_IN,432,CRR_SYS_CPU,8,
1587939983419,PWR_SYS_GPU,2488,PWR_SYS_SOC,633,PWR_IN,5270,PWR_SYS_CPU,97,
1587939984421,VDD_SYS_GPU,12200,VDD_SYS_SOC,12192,VDD_IN,12200,VDD_SYS_CPU,12200,
1587939984423,CRR_SYS_GPU,204,CRR_SYS_SOC,52,CRR_IN,432,CRR_SYS_CPU,8,
1587939984427,PWR_SYS_GPU,2488,PWR_SYS_SOC,633,PWR_IN,5270,PWR_SYS_CPU,97,
1587939985429,VDD_SYS_GPU,12192,VDD_SYS_SOC,12192,VDD_IN,12200,VDD_SYS_CPU,12200,
1587939985431,CRR_SYS_GPU,204,CRR_SYS_SOC,52,CRR_IN,434,CRR_SYS_CPU,8,
1587939985434,PWR_SYS_GPU,2487,PWR_SYS_SOC,633,PWR_IN,5294,PWR_SYS_CPU,97,
1587939986437,VDD_SYS_GPU,12192,VDD_SYS_SOC,12192,VDD_IN,12200,VDD_SYS_CPU,12192,
1587939986439,CRR_SYS_GPU,204,CRR_SYS_SOC,52,CRR_IN,434,CRR_SYS_CPU,8,
1587939986441,PWR_SYS_GPU,2487,PWR_SYS_SOC,633,PWR_IN,5294,PWR_SYS_CPU,97,
1587939987443,VDD_SYS_GPU,12200,VDD_SYS_SOC,12192,VDD_IN,12200,VDD_SYS_CPU,12200,
1587939987445,CRR_SYS_GPU,204,CRR_SYS_SOC,52,CRR_IN,434,CRR_SYS_CPU,8,
1587939987448,PWR_SYS_GPU,2488,PWR_SYS_SOC,633,PWR_IN,5294,PWR_SYS_CPU,97,
1587939988450,VDD_SYS_GPU,12200,VDD_SYS_SOC,12192,VDD_IN,12200,VDD_SYS_CPU,12200,
1587939988452,CRR_SYS_GPU,204,CRR_SYS_SOC,52,CRR_IN,432,CRR_SYS_CPU,8,
1587939988455,PWR_SYS_GPU,2487,PWR_SYS_SOC,633,PWR_IN,5270,PWR_SYS_CPU,97,
1587939989457,VDD_SYS_GPU,12192,VDD_SYS_SOC,12192,VDD_IN,12200,VDD_SYS_CPU,12200,
1587939989459,CRR_SYS_GPU,204,CRR_SYS_SOC,52,CRR_IN,432,CRR_SYS_CPU,8,
1587939989462,PWR_SYS_GPU,2487,PWR_SYS_SOC,633,PWR_IN,5270,PWR_SYS_CPU,97,
1587939990464,VDD_SYS_GPU,12192,VDD_SYS_SOC,12192,VDD_IN,12200,VDD_SYS_CPU,12200,
1587939990466,CRR_SYS_GPU,204,CRR_SYS_SOC,52,CRR_IN,432,CRR_SYS_CPU,8,
1587939990468,PWR_SYS_GPU,2487,PWR_SYS_SOC,633,PWR_IN,5270,PWR_SYS_CPU,97,
1587939991470,VDD_SYS_GPU,12200,VDD_SYS_SOC,12192,VDD_IN,12200,VDD_SYS_CPU,12200,
1587939991472,CRR_SYS_GPU,204,CRR_SYS_SOC,52,CRR_IN,434,CRR_SYS_CPU,8,
1587939991475,PWR_SYS_GPU,2488,PWR_SYS_SOC,633,PWR_IN,5294,PWR_SYS_CPU,97,
1587939992477,VDD_SYS_GPU,12192,VDD_SYS_SOC,12192,VDD_IN,12200,VDD_SYS_CPU,12200,
1587939992479,CRR_SYS_GPU,204,CRR_SYS_SOC,52,CRR_IN,434,CRR_SYS_CPU,8,
1587939992482,PWR_SYS_GPU,2487,PWR_SYS_SOC,633,PWR_IN,5294,PWR_SYS_CPU,97,
1587939993484,VDD_SYS_GPU,12192,VDD_SYS_SOC,12192,VDD_IN,12200,VDD_SYS_CPU,12192,
1587939993486,CRR_SYS_GPU,204,CRR_SYS_SOC,52,CRR_IN,434,CRR_SYS_CPU,8,
1587939993489,PWR_SYS_GPU,2487,PWR_SYS_SOC,633,PWR_IN,5294,PWR_SYS_CPU,97,
1587939994491,VDD_SYS_GPU,12200,VDD_SYS_SOC,12192,VDD_IN,12200,VDD_SYS_CPU,12200,
1587939994493,CRR_SYS_GPU,204,CRR_SYS_SOC,52,CRR_IN,434,CRR_SYS_CPU,8,
1587939994495,PWR_SYS_GPU,2488,PWR_SYS_SOC,633,PWR_IN,5294,PWR_SYS_CPU,97,
1587939995497,VDD_SYS_GPU,12200,VDD_SYS_SOC,12192,VDD_IN,12200,VDD_SYS_CPU,12200,
1587939995500,CRR_SYS_GPU,204,CRR_SYS_SOC,52,CRR_IN,432,CRR_SYS_CPU,8,
1587939995503,PWR_SYS_GPU,2487,PWR_SYS_SOC,633,PWR_IN,5294,PWR_SYS_CPU,97,
1587939996505,VDD_SYS_GPU,12192,VDD_SYS_SOC,12192,VDD_IN,12200,VDD_SYS_CPU,12192,
1587939996507,CRR_SYS_GPU,204,CRR_SYS_SOC,52,CRR_IN,434,CRR_SYS_CPU,8,
1587939996510,PWR_SYS_GPU,2487,PWR_SYS_SOC,633,PWR_IN,5294,PWR_SYS_CPU,97,
1587939997512,VDD_SYS_GPU,12200,VDD_SYS_SOC,12192,VDD_IN,12200,VDD_SYS_CPU,12200,
1587939997514,CRR_SYS_GPU,204,CRR_SYS_SOC,52,CRR_IN,434,CRR_SYS_CPU,8,
1587939997517,PWR_SYS_GPU,2488,PWR_SYS_SOC,633,PWR_IN,5294,PWR_SYS_CPU,97,
1587939998519,VDD_SYS_GPU,12200,VDD_SYS_SOC,12192,VDD_IN,12200,VDD_SYS_CPU,12200,
1587939998521,CRR_SYS_GPU,204,CRR_SYS_SOC,52,CRR_IN,434,CRR_SYS_CPU,8,
1587939998523,PWR_SYS_GPU,2488,PWR_SYS_SOC,633,PWR_IN,5294,PWR_SYS_CPU,97,
1587939999525,VDD_SYS_GPU,12200,VDD_SYS_SOC,12192,VDD_IN,12200,VDD_SYS_CPU,12200,
1587939999527,CRR_SYS_GPU,204,CRR_SYS_SOC,52,CRR_IN,434,CRR_SYS_CPU,8,
1587939999530,PWR_SYS_GPU,2487,PWR_SYS_SOC,633,PWR_IN,5294,PWR_SYS_CPU,97,
1587940000532,VDD_SYS_GPU,12200,VDD_SYS_SOC,12192,VDD_IN,12200,VDD_SYS_CPU,12200,
1587940000534,CRR_SYS_GPU,204,CRR_SYS_SOC,52,CRR_IN,434,CRR_SYS_CPU,8,
1587940000536,PWR_SYS_GPU,2488,PWR_SYS_SOC,633,PWR_IN,5294,PWR_SYS_CPU,97,
1587940001538,VDD_SYS_GPU,12200,VDD_SYS_SOC,12192,VDD_IN,12200,VDD_SYS_CPU,12200,
1587940001540,CRR_SYS_GPU,204,CRR_SYS_SOC,52,CRR_IN,434,CRR_SYS_CPU,8,
1587940001543,PWR_SYS_GPU,2488,PWR_SYS_SOC,633,PWR_IN,5294,PWR_SYS_CPU,97,
1587940002545,VDD_SYS_GPU,12200,VDD_SYS_SOC,12192,VDD_IN,12200,VDD_SYS_CPU,12200,
1587940002547,CRR_SYS_GPU,204,CRR_SYS_SOC,52,CRR_IN,434,CRR_SYS_CPU,8,
1587940002550,PWR_SYS_GPU,2488,PWR_SYS_SOC,633,PWR_IN,5294,PWR_SYS_CPU,97,
1587940003552,VDD_SYS_GPU,12192,VDD_SYS_SOC,12192,VDD_IN,12200,VDD_SYS_CPU,12200,
1587940003554,CRR_SYS_GPU,204,CRR_SYS_SOC,52,CRR_IN,434,CRR_SYS_CPU,8,
1587940003557,PWR_SYS_GPU,2487,PWR_SYS_SOC,633,PWR_IN,5294,PWR_SYS_CPU,97,
1587940004559,VDD_SYS_GPU,12200,VDD_SYS_SOC,12192,VDD_IN,12200,VDD_SYS_CPU,12200,
1587940004561,CRR_SYS_GPU,204,CRR_SYS_SOC,52,CRR_IN,430,CRR_SYS_CPU,8,
1587940004563,PWR_SYS_GPU,2488,PWR_SYS_SOC,633,PWR_IN,5246,PWR_SYS_CPU,97,
1587940005565,VDD_SYS_GPU,12200,VDD_SYS_SOC,12192,VDD_IN,12200,VDD_SYS_CPU,12200,
1587940005568,CRR_SYS_GPU,204,CRR_SYS_SOC,52,CRR_IN,430,CRR_SYS_CPU,8,
1587940005571,PWR_SYS_GPU,2488,PWR_SYS_SOC,633,PWR_IN,5246,PWR_SYS_CPU,97,
1587940006573,VDD_SYS_GPU,12200,VDD_SYS_SOC,12192,VDD_IN,12200,VDD_SYS_CPU,12200,
1587940006575,CRR_SYS_GPU,204,CRR_SYS_SOC,52,CRR_IN,432,CRR_SYS_CPU,8,
1587940006578,PWR_SYS_GPU,2488,PWR_SYS_SOC,633,PWR_IN,5270,PWR_SYS_CPU,97,
1587940007580,VDD_SYS_GPU,12192,VDD_SYS_SOC,12192,VDD_IN,12200,VDD_SYS_CPU,12200,
1587940007582,CRR_SYS_GPU,208,CRR_SYS_SOC,52,CRR_IN,434,CRR_SYS_CPU,8,
1587940007584,PWR_SYS_GPU,2535,PWR_SYS_SOC,633,PWR_IN,5294,PWR_SYS_CPU,97,
1587940008587,VDD_SYS_GPU,12192,VDD_SYS_SOC,12192,VDD_IN,12200,VDD_SYS_CPU,12200,
1587940008589,CRR_SYS_GPU,204,CRR_SYS_SOC,52,CRR_IN,432,CRR_SYS_CPU,8,
1587940008591,PWR_SYS_GPU,2488,PWR_SYS_SOC,633,PWR_IN,5270,PWR_SYS_CPU,97,
1587940009593,VDD_SYS_GPU,12200,VDD_SYS_SOC,12192,VDD_IN,12200,VDD_SYS_CPU,12200,
1587940009595,CRR_SYS_GPU,204,CRR_SYS_SOC,52,CRR_IN,432,CRR_SYS_CPU,8,
1587940009598,PWR_SYS_GPU,2488,PWR_SYS_SOC,633,PWR_IN,5270,PWR_SYS_CPU,97,
1587940010600,VDD_SYS_GPU,12200,VDD_SYS_SOC,12192,VDD_IN,12200,VDD_SYS_CPU,12200,
1587940010602,CRR_SYS_GPU,208,CRR_SYS_SOC,52,CRR_IN,432,CRR_SYS_CPU,8,
1587940010605,PWR_SYS_GPU,2537,PWR_SYS_SOC,633,PWR_IN,5270,PWR_SYS_CPU,97,
1587940011607,VDD_SYS_GPU,12200,VDD_SYS_SOC,12192,VDD_IN,12200,VDD_SYS_CPU,12200,
1587940011609,CRR_SYS_GPU,204,CRR_SYS_SOC,52,CRR_IN,432,CRR_SYS_CPU,8,
1587940011612,PWR_SYS_GPU,2488,PWR_SYS_SOC,633,PWR_IN,5270,PWR_SYS_CPU,97,
1587940012614,VDD_SYS_GPU,12192,VDD_SYS_SOC,12192,VDD_IN,12200,VDD_SYS_CPU,12200,
1587940012616,CRR_SYS_GPU,204,CRR_SYS_SOC,52,CRR_IN,434,CRR_SYS_CPU,8,
1587940012619,PWR_SYS_GPU,2487,PWR_SYS_SOC,633,PWR_IN,5294,PWR_SYS_CPU,97,
1587940013621,VDD_SYS_GPU,12192,VDD_SYS_SOC,12192,VDD_IN,12200,VDD_SYS_CPU,12200,
1587940013623,CRR_SYS_GPU,208,CRR_SYS_SOC,52,CRR_IN,436,CRR_SYS_CPU,8,
1587940013626,PWR_SYS_GPU,2535,PWR_SYS_SOC,633,PWR_IN,5319,PWR_SYS_CPU,97,
1587940014628,VDD_SYS_GPU,12192,VDD_SYS_SOC,12192,VDD_IN,12200,VDD_SYS_CPU,12192,
1587940014630,CRR_SYS_GPU,208,CRR_SYS_SOC,52,CRR_IN,436,CRR_SYS_CPU,8,
1587940014632,PWR_SYS_GPU,2535,PWR_SYS_SOC,633,PWR_IN,5319,PWR_SYS_CPU,97,
1587940015635,VDD_SYS_GPU,12192,VDD_SYS_SOC,12192,VDD_IN,12200,VDD_SYS_CPU,12192,
1587940015637,CRR_SYS_GPU,208,CRR_SYS_SOC,52,CRR_IN,436,CRR_SYS_CPU,8,
1587940015639,PWR_SYS_GPU,2535,PWR_SYS_SOC,633,PWR_IN,5319,PWR_SYS_CPU,97,
1587940016395,state,done matching images
1587940016395,state,MATCHING
1587940016395,state,TRIANGULATE
1587940016560,state,TRIANGULATE
1587940016560,state,FILTER
1587940016641,VDD_SYS_GPU,12208,VDD_SYS_SOC,12208,VDD_IN,12216,VDD_SYS_CPU,12208,
1587940016643,CRR_SYS_GPU,124,CRR_SYS_SOC,52,CRR_IN,338,CRR_SYS_CPU,20,
1587940016646,PWR_SYS_GPU,1513,PWR_SYS_SOC,634,PWR_IN,4129,PWR_SYS_CPU,195,
1587940017648,VDD_SYS_GPU,12216,VDD_SYS_SOC,12208,VDD_IN,12216,VDD_SYS_CPU,12216,
1587940017650,CRR_SYS_GPU,80,CRR_SYS_SOC,48,CRR_IN,276,CRR_SYS_CPU,12,
1587940017653,PWR_SYS_GPU,977,PWR_SYS_SOC,585,PWR_IN,3371,PWR_SYS_CPU,146,
1587940018654,VDD_SYS_GPU,12216,VDD_SYS_SOC,12208,VDD_IN,12216,VDD_SYS_CPU,12216,
1587940018655,CRR_SYS_GPU,72,CRR_SYS_SOC,48,CRR_IN,272,CRR_SYS_CPU,12,
1587940018657,PWR_SYS_GPU,879,PWR_SYS_SOC,585,PWR_IN,3322,PWR_SYS_CPU,146,
1587940019328,state,FILTER
1587940019328,state,BA
1587940019328,state,BA
1587940019328,state,end
