1587935056492,Log Generated,out/ssrlcv.log
1587935056492,state,start
1587935056493,state,SEED
1587935056503,VDD_SYS_GPU,12224,VDD_SYS_SOC,12224,VDD_IN,12224,VDD_SYS_CPU,12224,
1587935056504,CRR_SYS_GPU,8,CRR_SYS_SOC,36,CRR_IN,126,CRR_SYS_CPU,12,
1587935056505,PWR_SYS_GPU,97,PWR_SYS_SOC,440,PWR_IN,1540,PWR_SYS_CPU,146,
1587935057508,VDD_SYS_GPU,12224,VDD_SYS_SOC,12216,VDD_IN,12224,VDD_SYS_CPU,12224,
1587935057509,CRR_SYS_GPU,36,CRR_SYS_SOC,36,CRR_IN,172,CRR_SYS_CPU,16,
1587935057512,PWR_SYS_GPU,440,PWR_SYS_SOC,439,PWR_IN,2102,PWR_SYS_CPU,195,
1587935058514,VDD_SYS_GPU,12184,VDD_SYS_SOC,12184,VDD_IN,12192,VDD_SYS_CPU,12184,
1587935058516,CRR_SYS_GPU,260,CRR_SYS_SOC,48,CRR_IN,452,CRR_SYS_CPU,12,
1587935058518,PWR_SYS_GPU,3167,PWR_SYS_SOC,584,PWR_IN,5510,PWR_SYS_CPU,146,
1587935059521,VDD_SYS_GPU,12144,VDD_SYS_SOC,12144,VDD_IN,12160,VDD_SYS_CPU,12144,
1587935059523,CRR_SYS_GPU,524,CRR_SYS_SOC,48,CRR_IN,714,CRR_SYS_CPU,8,
1587935059525,PWR_SYS_GPU,6363,PWR_SYS_SOC,582,PWR_IN,8682,PWR_SYS_CPU,97,
1587935060528,VDD_SYS_GPU,12136,VDD_SYS_SOC,12144,VDD_IN,12160,VDD_SYS_CPU,12144,
1587935060529,CRR_SYS_GPU,556,CRR_SYS_SOC,48,CRR_IN,744,CRR_SYS_CPU,8,
1587935060532,PWR_SYS_GPU,6747,PWR_SYS_SOC,582,PWR_IN,9047,PWR_SYS_CPU,97,
1587935061534,VDD_SYS_GPU,12136,VDD_SYS_SOC,12136,VDD_IN,12152,VDD_SYS_CPU,12144,
1587935061537,CRR_SYS_GPU,576,CRR_SYS_SOC,48,CRR_IN,762,CRR_SYS_CPU,8,
1587935061539,PWR_SYS_GPU,6990,PWR_SYS_SOC,582,PWR_IN,9259,PWR_SYS_CPU,97,
1587935062541,VDD_SYS_GPU,12168,VDD_SYS_SOC,12168,VDD_IN,12176,VDD_SYS_CPU,12168,
1587935062543,CRR_SYS_GPU,380,CRR_SYS_SOC,48,CRR_IN,600,CRR_SYS_CPU,36,
1587935062546,PWR_SYS_GPU,4623,PWR_SYS_SOC,583,PWR_IN,7305,PWR_SYS_CPU,438,
1587935063547,VDD_SYS_GPU,12152,VDD_SYS_SOC,12152,VDD_IN,12168,VDD_SYS_CPU,12160,
1587935063548,CRR_SYS_GPU,440,CRR_SYS_SOC,48,CRR_IN,662,CRR_SYS_CPU,24,
1587935063550,PWR_SYS_GPU,5346,PWR_SYS_SOC,583,PWR_IN,8055,PWR_SYS_CPU,291,
1587935064552,VDD_SYS_GPU,12192,VDD_SYS_SOC,12192,VDD_IN,12200,VDD_SYS_CPU,12192,
1587935064553,CRR_SYS_GPU,212,CRR_SYS_SOC,48,CRR_IN,446,CRR_SYS_CPU,16,
1587935064556,PWR_SYS_GPU,2584,PWR_SYS_SOC,585,PWR_IN,5441,PWR_SYS_CPU,195,
1587935065558,VDD_SYS_GPU,12208,VDD_SYS_SOC,12208,VDD_IN,12216,VDD_SYS_CPU,12208,
1587935065560,CRR_SYS_GPU,120,CRR_SYS_SOC,48,CRR_IN,344,CRR_SYS_CPU,28,
1587935065563,PWR_SYS_GPU,1464,PWR_SYS_SOC,585,PWR_IN,4202,PWR_SYS_CPU,341,
1587935066565,VDD_SYS_GPU,12216,VDD_SYS_SOC,12216,VDD_IN,12224,VDD_SYS_CPU,12216,
1587935066567,CRR_SYS_GPU,124,CRR_SYS_SOC,48,CRR_IN,308,CRR_SYS_CPU,8,
1587935066570,PWR_SYS_GPU,1514,PWR_SYS_SOC,586,PWR_IN,3764,PWR_SYS_CPU,97,
1587935066606,state,SEED
1587935066606,state,FEATURES
1587935067571,VDD_SYS_GPU,12160,VDD_SYS_SOC,12160,VDD_IN,12176,VDD_SYS_CPU,12160,
1587935067572,CRR_SYS_GPU,420,CRR_SYS_SOC,48,CRR_IN,622,CRR_SYS_CPU,20,
1587935067573,PWR_SYS_GPU,5107,PWR_SYS_SOC,583,PWR_IN,7597,PWR_SYS_CPU,243,
1587935068575,VDD_SYS_GPU,12144,VDD_SYS_SOC,12144,VDD_IN,12160,VDD_SYS_CPU,12144,
1587935068577,CRR_SYS_GPU,532,CRR_SYS_SOC,48,CRR_IN,728,CRR_SYS_CPU,12,
1587935068580,PWR_SYS_GPU,6460,PWR_SYS_SOC,582,PWR_IN,8852,PWR_SYS_CPU,145,
1587935069582,VDD_SYS_GPU,12136,VDD_SYS_SOC,12136,VDD_IN,12152,VDD_SYS_CPU,12136,
1587935069584,CRR_SYS_GPU,576,CRR_SYS_SOC,48,CRR_IN,766,CRR_SYS_CPU,8,
1587935069587,PWR_SYS_GPU,6990,PWR_SYS_SOC,582,PWR_IN,9308,PWR_SYS_CPU,97,
1587935070589,VDD_SYS_GPU,12136,VDD_SYS_SOC,12136,VDD_IN,12152,VDD_SYS_CPU,12136,
1587935070591,CRR_SYS_GPU,584,CRR_SYS_SOC,48,CRR_IN,770,CRR_SYS_CPU,8,
1587935070594,PWR_SYS_GPU,7087,PWR_SYS_SOC,582,PWR_IN,9357,PWR_SYS_CPU,97,
1587935071596,VDD_SYS_GPU,12136,VDD_SYS_SOC,12136,VDD_IN,12152,VDD_SYS_CPU,12136,
1587935071599,CRR_SYS_GPU,588,CRR_SYS_SOC,48,CRR_IN,774,CRR_SYS_CPU,8,
1587935071601,PWR_SYS_GPU,7135,PWR_SYS_SOC,582,PWR_IN,9405,PWR_SYS_CPU,97,
1587935072602,VDD_SYS_GPU,12168,VDD_SYS_SOC,12168,VDD_IN,12184,VDD_SYS_CPU,12168,
1587935072603,CRR_SYS_GPU,328,CRR_SYS_SOC,52,CRR_IN,564,CRR_SYS_CPU,48,
1587935072605,PWR_SYS_GPU,3991,PWR_SYS_SOC,632,PWR_IN,6896,PWR_SYS_CPU,584,
1587935073607,VDD_SYS_GPU,12144,VDD_SYS_SOC,12144,VDD_IN,12160,VDD_SYS_CPU,12144,
1587935073609,CRR_SYS_GPU,548,CRR_SYS_SOC,48,CRR_IN,736,CRR_SYS_CPU,12,
1587935073612,PWR_SYS_GPU,6654,PWR_SYS_SOC,582,PWR_IN,8949,PWR_SYS_CPU,145,
1587935074613,VDD_SYS_GPU,12176,VDD_SYS_SOC,12176,VDD_IN,12184,VDD_SYS_CPU,12176,
1587935074614,CRR_SYS_GPU,304,CRR_SYS_SOC,52,CRR_IN,540,CRR_SYS_CPU,44,
1587935074616,PWR_SYS_GPU,3701,PWR_SYS_SOC,633,PWR_IN,6579,PWR_SYS_CPU,535,
1587935075617,VDD_SYS_GPU,12208,VDD_SYS_SOC,12208,VDD_IN,12216,VDD_SYS_CPU,12208,
1587935075618,CRR_SYS_GPU,112,CRR_SYS_SOC,52,CRR_IN,360,CRR_SYS_CPU,56,
1587935075620,PWR_SYS_GPU,1367,PWR_SYS_SOC,634,PWR_IN,4397,PWR_SYS_CPU,683,
1587935076622,VDD_SYS_GPU,12208,VDD_SYS_SOC,12208,VDD_IN,12216,VDD_SYS_CPU,12208,
1587935076624,CRR_SYS_GPU,120,CRR_SYS_SOC,52,CRR_IN,328,CRR_SYS_CPU,20,
1587935076627,PWR_SYS_GPU,1464,PWR_SYS_SOC,634,PWR_IN,4006,PWR_SYS_CPU,244,
1587935077629,VDD_SYS_GPU,12216,VDD_SYS_SOC,12216,VDD_IN,12224,VDD_SYS_CPU,12216,
1587935077631,CRR_SYS_GPU,128,CRR_SYS_SOC,48,CRR_IN,310,CRR_SYS_CPU,8,
1587935077634,PWR_SYS_GPU,1563,PWR_SYS_SOC,586,PWR_IN,3789,PWR_SYS_CPU,97,
1587935078636,VDD_SYS_GPU,12216,VDD_SYS_SOC,12216,VDD_IN,12224,VDD_SYS_CPU,12216,
1587935078638,CRR_SYS_GPU,128,CRR_SYS_SOC,48,CRR_IN,310,CRR_SYS_CPU,8,
1587935078641,PWR_SYS_GPU,1563,PWR_SYS_SOC,586,PWR_IN,3789,PWR_SYS_CPU,97,
1587935079643,VDD_SYS_GPU,12216,VDD_SYS_SOC,12216,VDD_IN,12224,VDD_SYS_CPU,12216,
1587935079645,CRR_SYS_GPU,128,CRR_SYS_SOC,48,CRR_IN,310,CRR_SYS_CPU,8,
1587935079648,PWR_SYS_GPU,1563,PWR_SYS_SOC,586,PWR_IN,3789,PWR_SYS_CPU,97,
1587935080650,VDD_SYS_GPU,12168,VDD_SYS_SOC,12168,VDD_IN,12184,VDD_SYS_CPU,12176,
1587935080651,CRR_SYS_GPU,348,CRR_SYS_SOC,48,CRR_IN,558,CRR_SYS_CPU,24,
1587935080654,PWR_SYS_GPU,4234,PWR_SYS_SOC,584,PWR_IN,6823,PWR_SYS_CPU,292,
1587935081655,VDD_SYS_GPU,12152,VDD_SYS_SOC,12152,VDD_IN,12168,VDD_SYS_CPU,12152,
1587935081656,CRR_SYS_GPU,484,CRR_SYS_SOC,48,CRR_IN,684,CRR_SYS_CPU,16,
1587935081659,PWR_SYS_GPU,5881,PWR_SYS_SOC,583,PWR_IN,8298,PWR_SYS_CPU,194,
1587935082661,VDD_SYS_GPU,12136,VDD_SYS_SOC,12136,VDD_IN,12152,VDD_SYS_CPU,12144,
1587935082663,CRR_SYS_GPU,572,CRR_SYS_SOC,48,CRR_IN,762,CRR_SYS_CPU,8,
1587935082666,PWR_SYS_GPU,6941,PWR_SYS_SOC,582,PWR_IN,9259,PWR_SYS_CPU,97,
1587935083668,VDD_SYS_GPU,12136,VDD_SYS_SOC,12136,VDD_IN,12152,VDD_SYS_CPU,12136,
1587935083670,CRR_SYS_GPU,576,CRR_SYS_SOC,48,CRR_IN,764,CRR_SYS_CPU,8,
1587935083673,PWR_SYS_GPU,6990,PWR_SYS_SOC,582,PWR_IN,9284,PWR_SYS_CPU,97,
1587935084675,VDD_SYS_GPU,12136,VDD_SYS_SOC,12136,VDD_IN,12152,VDD_SYS_CPU,12136,
1587935084677,CRR_SYS_GPU,588,CRR_SYS_SOC,48,CRR_IN,774,CRR_SYS_CPU,8,
1587935084680,PWR_SYS_GPU,7135,PWR_SYS_SOC,582,PWR_IN,9405,PWR_SYS_CPU,97,
1587935085681,VDD_SYS_GPU,12160,VDD_SYS_SOC,12168,VDD_IN,12176,VDD_SYS_CPU,12168,
1587935085682,CRR_SYS_GPU,392,CRR_SYS_SOC,52,CRR_IN,616,CRR_SYS_CPU,36,
1587935085683,PWR_SYS_GPU,4766,PWR_SYS_SOC,632,PWR_IN,7500,PWR_SYS_CPU,486,
1587935086685,VDD_SYS_GPU,12144,VDD_SYS_SOC,12152,VDD_IN,12160,VDD_SYS_CPU,12152,
1587935086688,CRR_SYS_GPU,496,CRR_SYS_SOC,48,CRR_IN,692,CRR_SYS_CPU,16,
1587935086691,PWR_SYS_GPU,6023,PWR_SYS_SOC,583,PWR_IN,8439,PWR_SYS_CPU,194,
1587935087692,VDD_SYS_GPU,12152,VDD_SYS_SOC,12152,VDD_IN,12168,VDD_SYS_CPU,12152,
1587935087693,CRR_SYS_GPU,476,CRR_SYS_SOC,48,CRR_IN,674,CRR_SYS_CPU,20,
1587935087695,PWR_SYS_GPU,5784,PWR_SYS_SOC,583,PWR_IN,8176,PWR_SYS_CPU,243,
1587935088696,VDD_SYS_GPU,12200,VDD_SYS_SOC,12200,VDD_IN,12208,VDD_SYS_CPU,12200,
1587935088697,CRR_SYS_GPU,192,CRR_SYS_SOC,52,CRR_IN,398,CRR_SYS_CPU,20,
1587935088699,PWR_SYS_GPU,2342,PWR_SYS_SOC,634,PWR_IN,4858,PWR_SYS_CPU,244,
1587935089701,VDD_SYS_GPU,12208,VDD_SYS_SOC,12208,VDD_IN,12216,VDD_SYS_CPU,12208,
1587935089702,CRR_SYS_GPU,112,CRR_SYS_SOC,52,CRR_IN,356,CRR_SYS_CPU,32,
1587935089705,PWR_SYS_GPU,1367,PWR_SYS_SOC,634,PWR_IN,4324,PWR_SYS_CPU,390,
1587935090707,VDD_SYS_GPU,12216,VDD_SYS_SOC,12216,VDD_IN,12224,VDD_SYS_CPU,12216,
1587935090708,CRR_SYS_GPU,124,CRR_SYS_SOC,48,CRR_IN,312,CRR_SYS_CPU,8,
1587935090710,PWR_SYS_GPU,1514,PWR_SYS_SOC,586,PWR_IN,3813,PWR_SYS_CPU,97,
1587935091712,VDD_SYS_GPU,12216,VDD_SYS_SOC,12216,VDD_IN,12224,VDD_SYS_CPU,12216,
1587935091713,CRR_SYS_GPU,128,CRR_SYS_SOC,48,CRR_IN,310,CRR_SYS_CPU,8,
1587935091715,PWR_SYS_GPU,1563,PWR_SYS_SOC,586,PWR_IN,3789,PWR_SYS_CPU,97,
1587935092716,VDD_SYS_GPU,12216,VDD_SYS_SOC,12216,VDD_IN,12224,VDD_SYS_CPU,12216,
1587935092718,CRR_SYS_GPU,128,CRR_SYS_SOC,48,CRR_IN,312,CRR_SYS_CPU,8,
1587935092720,PWR_SYS_GPU,1563,PWR_SYS_SOC,586,PWR_IN,3813,PWR_SYS_CPU,97,
1587935093721,VDD_SYS_GPU,12216,VDD_SYS_SOC,12216,VDD_IN,12216,VDD_SYS_CPU,12216,
1587935093723,CRR_SYS_GPU,100,CRR_SYS_SOC,48,CRR_IN,314,CRR_SYS_CPU,32,
1587935093724,PWR_SYS_GPU,1221,PWR_SYS_SOC,586,PWR_IN,3835,PWR_SYS_CPU,390,
1587935094727,VDD_SYS_GPU,12152,VDD_SYS_SOC,12152,VDD_IN,12168,VDD_SYS_CPU,12152,
1587935094729,CRR_SYS_GPU,464,CRR_SYS_SOC,48,CRR_IN,662,CRR_SYS_CPU,16,
1587935094732,PWR_SYS_GPU,5638,PWR_SYS_SOC,583,PWR_IN,8079,PWR_SYS_CPU,194,
1587935095734,VDD_SYS_GPU,12144,VDD_SYS_SOC,12144,VDD_IN,12160,VDD_SYS_CPU,12144,
1587935095736,CRR_SYS_GPU,548,CRR_SYS_SOC,48,CRR_IN,738,CRR_SYS_CPU,12,
1587935095739,PWR_SYS_GPU,6654,PWR_SYS_SOC,582,PWR_IN,8974,PWR_SYS_CPU,145,
1587935096741,VDD_SYS_GPU,12144,VDD_SYS_SOC,12144,VDD_IN,12160,VDD_SYS_CPU,12144,
1587935096743,CRR_SYS_GPU,540,CRR_SYS_SOC,48,CRR_IN,730,CRR_SYS_CPU,12,
1587935096746,PWR_SYS_GPU,6557,PWR_SYS_SOC,582,PWR_IN,8901,PWR_SYS_CPU,145,
1587935097748,VDD_SYS_GPU,12136,VDD_SYS_SOC,12136,VDD_IN,12152,VDD_SYS_CPU,12136,
1587935097751,CRR_SYS_GPU,584,CRR_SYS_SOC,48,CRR_IN,772,CRR_SYS_CPU,8,
1587935097754,PWR_SYS_GPU,7087,PWR_SYS_SOC,582,PWR_IN,9381,PWR_SYS_CPU,97,
1587935098756,VDD_SYS_GPU,12136,VDD_SYS_SOC,12136,VDD_IN,12152,VDD_SYS_CPU,12136,
1587935098758,CRR_SYS_GPU,588,CRR_SYS_SOC,48,CRR_IN,776,CRR_SYS_CPU,8,
1587935098761,PWR_SYS_GPU,7135,PWR_SYS_SOC,582,PWR_IN,9429,PWR_SYS_CPU,97,
1587935099764,VDD_SYS_GPU,12168,VDD_SYS_SOC,12168,VDD_IN,12176,VDD_SYS_CPU,12168,
1587935099766,CRR_SYS_GPU,380,CRR_SYS_SOC,52,CRR_IN,602,CRR_SYS_CPU,36,
1587935099769,PWR_SYS_GPU,4620,PWR_SYS_SOC,632,PWR_IN,7354,PWR_SYS_CPU,438,
1587935100771,VDD_SYS_GPU,12136,VDD_SYS_SOC,12144,VDD_IN,12152,VDD_SYS_CPU,12144,
1587935100774,CRR_SYS_GPU,560,CRR_SYS_SOC,48,CRR_IN,748,CRR_SYS_CPU,12,
1587935100777,PWR_SYS_GPU,6796,PWR_SYS_SOC,582,PWR_IN,9089,PWR_SYS_CPU,145,
1587935101779,VDD_SYS_GPU,12184,VDD_SYS_SOC,12184,VDD_IN,12192,VDD_SYS_CPU,12184,
1587935101782,CRR_SYS_GPU,272,CRR_SYS_SOC,52,CRR_IN,494,CRR_SYS_CPU,32,
1587935101786,PWR_SYS_GPU,3314,PWR_SYS_SOC,633,PWR_IN,6022,PWR_SYS_CPU,389,
1587935102787,VDD_SYS_GPU,12208,VDD_SYS_SOC,12208,VDD_IN,12216,VDD_SYS_CPU,12208,
1587935102789,CRR_SYS_GPU,128,CRR_SYS_SOC,52,CRR_IN,356,CRR_SYS_CPU,40,
1587935102793,PWR_SYS_GPU,1562,PWR_SYS_SOC,634,PWR_IN,4348,PWR_SYS_CPU,488,
1587935103795,VDD_SYS_GPU,12216,VDD_SYS_SOC,12208,VDD_IN,12216,VDD_SYS_CPU,12216,
1587935103798,CRR_SYS_GPU,124,CRR_SYS_SOC,48,CRR_IN,322,CRR_SYS_CPU,16,
1587935103801,PWR_SYS_GPU,1514,PWR_SYS_SOC,585,PWR_IN,3933,PWR_SYS_CPU,195,
1587935104803,VDD_SYS_GPU,12216,VDD_SYS_SOC,12216,VDD_IN,12224,VDD_SYS_CPU,12216,
1587935104805,CRR_SYS_GPU,128,CRR_SYS_SOC,48,CRR_IN,310,CRR_SYS_CPU,8,
1587935104809,PWR_SYS_GPU,1563,PWR_SYS_SOC,586,PWR_IN,3789,PWR_SYS_CPU,97,
1587935105811,VDD_SYS_GPU,12216,VDD_SYS_SOC,12216,VDD_IN,12224,VDD_SYS_CPU,12216,
1587935105813,CRR_SYS_GPU,128,CRR_SYS_SOC,48,CRR_IN,310,CRR_SYS_CPU,8,
1587935105816,PWR_SYS_GPU,1563,PWR_SYS_SOC,586,PWR_IN,3789,PWR_SYS_CPU,97,
1587935106818,VDD_SYS_GPU,12216,VDD_SYS_SOC,12216,VDD_IN,12224,VDD_SYS_CPU,12216,
1587935106821,CRR_SYS_GPU,128,CRR_SYS_SOC,48,CRR_IN,310,CRR_SYS_CPU,8,
1587935106824,PWR_SYS_GPU,1563,PWR_SYS_SOC,586,PWR_IN,3789,PWR_SYS_CPU,97,
1587935106971,state,FEATURES
1587935106971,state,MATCHING
1587935107826,VDD_SYS_GPU,12200,VDD_SYS_SOC,12200,VDD_IN,12208,VDD_SYS_CPU,12200,
1587935107828,CRR_SYS_GPU,196,CRR_SYS_SOC,52,CRR_IN,410,CRR_SYS_CPU,12,
1587935107831,PWR_SYS_GPU,2391,PWR_SYS_SOC,634,PWR_IN,5005,PWR_SYS_CPU,146,
1587935108833,VDD_SYS_GPU,12200,VDD_SYS_SOC,12192,VDD_IN,12208,VDD_SYS_CPU,12200,
1587935108835,CRR_SYS_GPU,208,CRR_SYS_SOC,52,CRR_IN,424,CRR_SYS_CPU,8,
1587935108838,PWR_SYS_GPU,2537,PWR_SYS_SOC,633,PWR_IN,5200,PWR_SYS_CPU,97,
1587935109840,VDD_SYS_GPU,12200,VDD_SYS_SOC,12192,VDD_IN,12200,VDD_SYS_CPU,12200,
1587935109842,CRR_SYS_GPU,208,CRR_SYS_SOC,52,CRR_IN,426,CRR_SYS_CPU,8,
1587935109845,PWR_SYS_GPU,2537,PWR_SYS_SOC,633,PWR_IN,5197,PWR_SYS_CPU,97,
1587935110847,VDD_SYS_GPU,12200,VDD_SYS_SOC,12192,VDD_IN,12200,VDD_SYS_CPU,12200,
1587935110849,CRR_SYS_GPU,208,CRR_SYS_SOC,52,CRR_IN,426,CRR_SYS_CPU,8,
1587935110851,PWR_SYS_GPU,2537,PWR_SYS_SOC,633,PWR_IN,5200,PWR_SYS_CPU,97,
1587935111853,VDD_SYS_GPU,12200,VDD_SYS_SOC,12192,VDD_IN,12208,VDD_SYS_CPU,12200,
1587935111855,CRR_SYS_GPU,208,CRR_SYS_SOC,52,CRR_IN,426,CRR_SYS_CPU,8,
1587935111857,PWR_SYS_GPU,2537,PWR_SYS_SOC,633,PWR_IN,5197,PWR_SYS_CPU,97,
1587935112860,VDD_SYS_GPU,12200,VDD_SYS_SOC,12192,VDD_IN,12200,VDD_SYS_CPU,12200,
1587935112861,CRR_SYS_GPU,208,CRR_SYS_SOC,52,CRR_IN,426,CRR_SYS_CPU,8,
1587935112864,PWR_SYS_GPU,2537,PWR_SYS_SOC,633,PWR_IN,5197,PWR_SYS_CPU,97,
1587935113866,VDD_SYS_GPU,12200,VDD_SYS_SOC,12192,VDD_IN,12200,VDD_SYS_CPU,12200,
1587935113868,CRR_SYS_GPU,208,CRR_SYS_SOC,52,CRR_IN,426,CRR_SYS_CPU,8,
1587935113870,PWR_SYS_GPU,2537,PWR_SYS_SOC,633,PWR_IN,5197,PWR_SYS_CPU,97,
1587935114873,VDD_SYS_GPU,12200,VDD_SYS_SOC,12192,VDD_IN,12208,VDD_SYS_CPU,12200,
1587935114875,CRR_SYS_GPU,208,CRR_SYS_SOC,52,CRR_IN,426,CRR_SYS_CPU,8,
1587935114877,PWR_SYS_GPU,2537,PWR_SYS_SOC,633,PWR_IN,5197,PWR_SYS_CPU,97,
1587935115879,VDD_SYS_GPU,12200,VDD_SYS_SOC,12192,VDD_IN,12200,VDD_SYS_CPU,12200,
1587935115881,CRR_SYS_GPU,208,CRR_SYS_SOC,52,CRR_IN,426,CRR_SYS_CPU,8,
1587935115884,PWR_SYS_GPU,2537,PWR_SYS_SOC,633,PWR_IN,5197,PWR_SYS_CPU,97,
1587935116886,VDD_SYS_GPU,12200,VDD_SYS_SOC,12192,VDD_IN,12208,VDD_SYS_CPU,12200,
1587935116888,CRR_SYS_GPU,208,CRR_SYS_SOC,52,CRR_IN,426,CRR_SYS_CPU,8,
1587935116890,PWR_SYS_GPU,2537,PWR_SYS_SOC,633,PWR_IN,5197,PWR_SYS_CPU,97,
1587935117893,VDD_SYS_GPU,12200,VDD_SYS_SOC,12192,VDD_IN,12208,VDD_SYS_CPU,12200,
1587935117894,CRR_SYS_GPU,208,CRR_SYS_SOC,52,CRR_IN,426,CRR_SYS_CPU,8,
1587935117897,PWR_SYS_GPU,2537,PWR_SYS_SOC,633,PWR_IN,5200,PWR_SYS_CPU,97,
1587935118899,VDD_SYS_GPU,12200,VDD_SYS_SOC,12192,VDD_IN,12200,VDD_SYS_CPU,12200,
1587935118901,CRR_SYS_GPU,204,CRR_SYS_SOC,52,CRR_IN,426,CRR_SYS_CPU,8,
1587935118904,PWR_SYS_GPU,2488,PWR_SYS_SOC,633,PWR_IN,5221,PWR_SYS_CPU,97,
1587935119906,VDD_SYS_GPU,12200,VDD_SYS_SOC,12192,VDD_IN,12200,VDD_SYS_CPU,12200,
1587935119908,CRR_SYS_GPU,204,CRR_SYS_SOC,52,CRR_IN,432,CRR_SYS_CPU,8,
1587935119910,PWR_SYS_GPU,2488,PWR_SYS_SOC,633,PWR_IN,5270,PWR_SYS_CPU,97,
1587935120912,VDD_SYS_GPU,12192,VDD_SYS_SOC,12192,VDD_IN,12200,VDD_SYS_CPU,12200,
1587935120914,CRR_SYS_GPU,204,CRR_SYS_SOC,52,CRR_IN,432,CRR_SYS_CPU,8,
1587935120917,PWR_SYS_GPU,2487,PWR_SYS_SOC,633,PWR_IN,5270,PWR_SYS_CPU,97,
1587935121919,VDD_SYS_GPU,12192,VDD_SYS_SOC,12192,VDD_IN,12200,VDD_SYS_CPU,12192,
1587935121921,CRR_SYS_GPU,204,CRR_SYS_SOC,52,CRR_IN,432,CRR_SYS_CPU,8,
1587935121923,PWR_SYS_GPU,2487,PWR_SYS_SOC,633,PWR_IN,5270,PWR_SYS_CPU,97,
1587935122925,VDD_SYS_GPU,12192,VDD_SYS_SOC,12192,VDD_IN,12200,VDD_SYS_CPU,12192,
1587935122927,CRR_SYS_GPU,204,CRR_SYS_SOC,52,CRR_IN,434,CRR_SYS_CPU,8,
1587935122930,PWR_SYS_GPU,2487,PWR_SYS_SOC,633,PWR_IN,5294,PWR_SYS_CPU,97,
1587935123932,VDD_SYS_GPU,12192,VDD_SYS_SOC,12192,VDD_IN,12200,VDD_SYS_CPU,12200,
1587935123934,CRR_SYS_GPU,204,CRR_SYS_SOC,52,CRR_IN,432,CRR_SYS_CPU,8,
1587935123936,PWR_SYS_GPU,2487,PWR_SYS_SOC,633,PWR_IN,5270,PWR_SYS_CPU,97,
1587935124939,VDD_SYS_GPU,12192,VDD_SYS_SOC,12192,VDD_IN,12200,VDD_SYS_CPU,12192,
1587935124941,CRR_SYS_GPU,204,CRR_SYS_SOC,52,CRR_IN,432,CRR_SYS_CPU,8,
1587935124943,PWR_SYS_GPU,2487,PWR_SYS_SOC,633,PWR_IN,5270,PWR_SYS_CPU,97,
1587935125945,VDD_SYS_GPU,12192,VDD_SYS_SOC,12192,VDD_IN,12200,VDD_SYS_CPU,12192,
1587935125947,CRR_SYS_GPU,204,CRR_SYS_SOC,52,CRR_IN,432,CRR_SYS_CPU,8,
1587935125950,PWR_SYS_GPU,2487,PWR_SYS_SOC,633,PWR_IN,5270,PWR_SYS_CPU,97,
1587935126952,VDD_SYS_GPU,12192,VDD_SYS_SOC,12192,VDD_IN,12200,VDD_SYS_CPU,12192,
1587935126955,CRR_SYS_GPU,204,CRR_SYS_SOC,52,CRR_IN,458,CRR_SYS_CPU,8,
1587935126958,PWR_SYS_GPU,2487,PWR_SYS_SOC,633,PWR_IN,5587,PWR_SYS_CPU,97,
1587935127959,VDD_SYS_GPU,12192,VDD_SYS_SOC,12192,VDD_IN,12200,VDD_SYS_CPU,12192,
1587935127960,CRR_SYS_GPU,204,CRR_SYS_SOC,52,CRR_IN,470,CRR_SYS_CPU,16,
1587935127962,PWR_SYS_GPU,2487,PWR_SYS_SOC,633,PWR_IN,5734,PWR_SYS_CPU,195,
1587935128964,VDD_SYS_GPU,12192,VDD_SYS_SOC,12192,VDD_IN,12200,VDD_SYS_CPU,12192,
1587935128966,CRR_SYS_GPU,204,CRR_SYS_SOC,52,CRR_IN,436,CRR_SYS_CPU,8,
1587935128968,PWR_SYS_GPU,2487,PWR_SYS_SOC,633,PWR_IN,5319,PWR_SYS_CPU,97,
1587935129970,VDD_SYS_GPU,12192,VDD_SYS_SOC,12192,VDD_IN,12200,VDD_SYS_CPU,12192,
1587935129972,CRR_SYS_GPU,204,CRR_SYS_SOC,52,CRR_IN,434,CRR_SYS_CPU,8,
1587935129975,PWR_SYS_GPU,2487,PWR_SYS_SOC,633,PWR_IN,5294,PWR_SYS_CPU,97,
1587935130977,VDD_SYS_GPU,12192,VDD_SYS_SOC,12192,VDD_IN,12200,VDD_SYS_CPU,12192,
1587935130979,CRR_SYS_GPU,204,CRR_SYS_SOC,52,CRR_IN,432,CRR_SYS_CPU,8,
1587935130982,PWR_SYS_GPU,2487,PWR_SYS_SOC,633,PWR_IN,5270,PWR_SYS_CPU,97,
1587935131984,VDD_SYS_GPU,12200,VDD_SYS_SOC,12192,VDD_IN,12200,VDD_SYS_CPU,12200,
1587935131986,CRR_SYS_GPU,204,CRR_SYS_SOC,52,CRR_IN,428,CRR_SYS_CPU,8,
1587935131988,PWR_SYS_GPU,2488,PWR_SYS_SOC,633,PWR_IN,5246,PWR_SYS_CPU,97,
1587935132990,VDD_SYS_GPU,12200,VDD_SYS_SOC,12192,VDD_IN,12200,VDD_SYS_CPU,12192,
1587935132992,CRR_SYS_GPU,204,CRR_SYS_SOC,52,CRR_IN,432,CRR_SYS_CPU,8,
1587935132995,PWR_SYS_GPU,2488,PWR_SYS_SOC,633,PWR_IN,5270,PWR_SYS_CPU,97,
1587935133997,VDD_SYS_GPU,12200,VDD_SYS_SOC,12192,VDD_IN,12200,VDD_SYS_CPU,12200,
1587935133999,CRR_SYS_GPU,204,CRR_SYS_SOC,52,CRR_IN,432,CRR_SYS_CPU,8,
1587935134002,PWR_SYS_GPU,2488,PWR_SYS_SOC,633,PWR_IN,5270,PWR_SYS_CPU,97,
1587935135004,VDD_SYS_GPU,12200,VDD_SYS_SOC,12192,VDD_IN,12200,VDD_SYS_CPU,12200,
1587935135006,CRR_SYS_GPU,204,CRR_SYS_SOC,52,CRR_IN,432,CRR_SYS_CPU,8,
1587935135009,PWR_SYS_GPU,2487,PWR_SYS_SOC,633,PWR_IN,5270,PWR_SYS_CPU,97,
1587935136011,VDD_SYS_GPU,12192,VDD_SYS_SOC,12192,VDD_IN,12200,VDD_SYS_CPU,12200,
1587935136013,CRR_SYS_GPU,204,CRR_SYS_SOC,52,CRR_IN,432,CRR_SYS_CPU,8,
1587935136016,PWR_SYS_GPU,2487,PWR_SYS_SOC,633,PWR_IN,5270,PWR_SYS_CPU,97,
1587935137018,VDD_SYS_GPU,12200,VDD_SYS_SOC,12192,VDD_IN,12200,VDD_SYS_CPU,12200,
1587935137020,CRR_SYS_GPU,204,CRR_SYS_SOC,52,CRR_IN,430,CRR_SYS_CPU,8,
1587935137023,PWR_SYS_GPU,2488,PWR_SYS_SOC,633,PWR_IN,5246,PWR_SYS_CPU,97,
1587935138025,VDD_SYS_GPU,12192,VDD_SYS_SOC,12192,VDD_IN,12200,VDD_SYS_CPU,12200,
1587935138027,CRR_SYS_GPU,204,CRR_SYS_SOC,52,CRR_IN,432,CRR_SYS_CPU,8,
1587935138029,PWR_SYS_GPU,2487,PWR_SYS_SOC,633,PWR_IN,5270,PWR_SYS_CPU,97,
1587935139031,VDD_SYS_GPU,12200,VDD_SYS_SOC,12192,VDD_IN,12200,VDD_SYS_CPU,12192,
1587935139033,CRR_SYS_GPU,204,CRR_SYS_SOC,52,CRR_IN,432,CRR_SYS_CPU,8,
1587935139036,PWR_SYS_GPU,2488,PWR_SYS_SOC,633,PWR_IN,5270,PWR_SYS_CPU,97,
1587935140038,VDD_SYS_GPU,12192,VDD_SYS_SOC,12192,VDD_IN,12200,VDD_SYS_CPU,12200,
1587935140040,CRR_SYS_GPU,204,CRR_SYS_SOC,52,CRR_IN,432,CRR_SYS_CPU,8,
1587935140043,PWR_SYS_GPU,2487,PWR_SYS_SOC,633,PWR_IN,5270,PWR_SYS_CPU,97,
1587935141045,VDD_SYS_GPU,12192,VDD_SYS_SOC,12192,VDD_IN,12200,VDD_SYS_CPU,12200,
1587935141047,CRR_SYS_GPU,204,CRR_SYS_SOC,52,CRR_IN,434,CRR_SYS_CPU,8,
1587935141050,PWR_SYS_GPU,2487,PWR_SYS_SOC,633,PWR_IN,5294,PWR_SYS_CPU,97,
1587935142052,VDD_SYS_GPU,12192,VDD_SYS_SOC,12192,VDD_IN,12200,VDD_SYS_CPU,12200,
1587935142054,CRR_SYS_GPU,204,CRR_SYS_SOC,52,CRR_IN,434,CRR_SYS_CPU,8,
1587935142056,PWR_SYS_GPU,2487,PWR_SYS_SOC,633,PWR_IN,5294,PWR_SYS_CPU,97,
1587935143058,VDD_SYS_GPU,12192,VDD_SYS_SOC,12192,VDD_IN,12200,VDD_SYS_CPU,12200,
1587935143060,CRR_SYS_GPU,204,CRR_SYS_SOC,52,CRR_IN,432,CRR_SYS_CPU,8,
1587935143063,PWR_SYS_GPU,2487,PWR_SYS_SOC,633,PWR_IN,5270,PWR_SYS_CPU,97,
1587935144065,VDD_SYS_GPU,12200,VDD_SYS_SOC,12192,VDD_IN,12200,VDD_SYS_CPU,12200,
1587935144067,CRR_SYS_GPU,204,CRR_SYS_SOC,52,CRR_IN,432,CRR_SYS_CPU,8,
1587935144069,PWR_SYS_GPU,2488,PWR_SYS_SOC,633,PWR_IN,5270,PWR_SYS_CPU,97,
1587935145072,VDD_SYS_GPU,12200,VDD_SYS_SOC,12192,VDD_IN,12200,VDD_SYS_CPU,12200,
1587935145074,CRR_SYS_GPU,204,CRR_SYS_SOC,52,CRR_IN,432,CRR_SYS_CPU,8,
1587935145077,PWR_SYS_GPU,2488,PWR_SYS_SOC,633,PWR_IN,5270,PWR_SYS_CPU,97,
1587935146079,VDD_SYS_GPU,12192,VDD_SYS_SOC,12192,VDD_IN,12200,VDD_SYS_CPU,12192,
1587935146081,CRR_SYS_GPU,204,CRR_SYS_SOC,52,CRR_IN,432,CRR_SYS_CPU,8,
1587935146083,PWR_SYS_GPU,2487,PWR_SYS_SOC,633,PWR_IN,5270,PWR_SYS_CPU,97,
1587935147085,VDD_SYS_GPU,12200,VDD_SYS_SOC,12192,VDD_IN,12200,VDD_SYS_CPU,12200,
1587935147088,CRR_SYS_GPU,204,CRR_SYS_SOC,52,CRR_IN,432,CRR_SYS_CPU,8,
1587935147091,PWR_SYS_GPU,2487,PWR_SYS_SOC,633,PWR_IN,5270,PWR_SYS_CPU,97,
1587935148093,VDD_SYS_GPU,12192,VDD_SYS_SOC,12192,VDD_IN,12200,VDD_SYS_CPU,12200,
1587935148095,CRR_SYS_GPU,204,CRR_SYS_SOC,52,CRR_IN,432,CRR_SYS_CPU,8,
1587935148098,PWR_SYS_GPU,2487,PWR_SYS_SOC,633,PWR_IN,5270,PWR_SYS_CPU,97,
1587935149100,VDD_SYS_GPU,12192,VDD_SYS_SOC,12192,VDD_IN,12200,VDD_SYS_CPU,12200,
1587935149102,CRR_SYS_GPU,204,CRR_SYS_SOC,52,CRR_IN,432,CRR_SYS_CPU,8,
1587935149104,PWR_SYS_GPU,2487,PWR_SYS_SOC,633,PWR_IN,5270,PWR_SYS_CPU,97,
1587935150106,VDD_SYS_GPU,12192,VDD_SYS_SOC,12192,VDD_IN,12200,VDD_SYS_CPU,12200,
1587935150108,CRR_SYS_GPU,204,CRR_SYS_SOC,52,CRR_IN,432,CRR_SYS_CPU,8,
1587935150111,PWR_SYS_GPU,2487,PWR_SYS_SOC,633,PWR_IN,5270,PWR_SYS_CPU,97,
1587935151113,VDD_SYS_GPU,12200,VDD_SYS_SOC,12192,VDD_IN,12200,VDD_SYS_CPU,12200,
1587935151115,CRR_SYS_GPU,204,CRR_SYS_SOC,52,CRR_IN,434,CRR_SYS_CPU,8,
1587935151118,PWR_SYS_GPU,2488,PWR_SYS_SOC,633,PWR_IN,5294,PWR_SYS_CPU,97,
1587935152120,VDD_SYS_GPU,12192,VDD_SYS_SOC,12192,VDD_IN,12200,VDD_SYS_CPU,12200,
1587935152122,CRR_SYS_GPU,204,CRR_SYS_SOC,52,CRR_IN,434,CRR_SYS_CPU,8,
1587935152124,PWR_SYS_GPU,2487,PWR_SYS_SOC,633,PWR_IN,5294,PWR_SYS_CPU,97,
1587935153127,VDD_SYS_GPU,12192,VDD_SYS_SOC,12192,VDD_IN,12200,VDD_SYS_CPU,12192,
1587935153129,CRR_SYS_GPU,204,CRR_SYS_SOC,52,CRR_IN,434,CRR_SYS_CPU,8,
1587935153131,PWR_SYS_GPU,2487,PWR_SYS_SOC,633,PWR_IN,5294,PWR_SYS_CPU,97,
1587935154133,VDD_SYS_GPU,12192,VDD_SYS_SOC,12192,VDD_IN,12200,VDD_SYS_CPU,12200,
1587935154135,CRR_SYS_GPU,204,CRR_SYS_SOC,52,CRR_IN,434,CRR_SYS_CPU,8,
1587935154138,PWR_SYS_GPU,2487,PWR_SYS_SOC,633,PWR_IN,5294,PWR_SYS_CPU,97,
1587935154369,state,matching images
1587935155140,VDD_SYS_GPU,12200,VDD_SYS_SOC,12192,VDD_IN,12208,VDD_SYS_CPU,12200,
1587935155142,CRR_SYS_GPU,204,CRR_SYS_SOC,52,CRR_IN,424,CRR_SYS_CPU,8,
1587935155145,PWR_SYS_GPU,2488,PWR_SYS_SOC,633,PWR_IN,5176,PWR_SYS_CPU,97,
1587935156147,VDD_SYS_GPU,12200,VDD_SYS_SOC,12192,VDD_IN,12208,VDD_SYS_CPU,12200,
1587935156149,CRR_SYS_GPU,208,CRR_SYS_SOC,52,CRR_IN,426,CRR_SYS_CPU,8,
1587935156152,PWR_SYS_GPU,2537,PWR_SYS_SOC,633,PWR_IN,5200,PWR_SYS_CPU,97,
1587935157154,VDD_SYS_GPU,12200,VDD_SYS_SOC,12192,VDD_IN,12208,VDD_SYS_CPU,12200,
1587935157156,CRR_SYS_GPU,208,CRR_SYS_SOC,52,CRR_IN,428,CRR_SYS_CPU,8,
1587935157159,PWR_SYS_GPU,2537,PWR_SYS_SOC,633,PWR_IN,5225,PWR_SYS_CPU,97,
1587935158161,VDD_SYS_GPU,12200,VDD_SYS_SOC,12192,VDD_IN,12200,VDD_SYS_CPU,12200,
1587935158163,CRR_SYS_GPU,208,CRR_SYS_SOC,52,CRR_IN,428,CRR_SYS_CPU,8,
1587935158166,PWR_SYS_GPU,2537,PWR_SYS_SOC,633,PWR_IN,5221,PWR_SYS_CPU,97,
1587935159168,VDD_SYS_GPU,12200,VDD_SYS_SOC,12192,VDD_IN,12208,VDD_SYS_CPU,12200,
1587935159170,CRR_SYS_GPU,208,CRR_SYS_SOC,52,CRR_IN,428,CRR_SYS_CPU,8,
1587935159173,PWR_SYS_GPU,2537,PWR_SYS_SOC,633,PWR_IN,5225,PWR_SYS_CPU,97,
1587935160175,VDD_SYS_GPU,12200,VDD_SYS_SOC,12192,VDD_IN,12208,VDD_SYS_CPU,12200,
1587935160177,CRR_SYS_GPU,208,CRR_SYS_SOC,52,CRR_IN,424,CRR_SYS_CPU,8,
1587935160180,PWR_SYS_GPU,2537,PWR_SYS_SOC,633,PWR_IN,5176,PWR_SYS_CPU,97,
1587935161182,VDD_SYS_GPU,12200,VDD_SYS_SOC,12192,VDD_IN,12208,VDD_SYS_CPU,12200,
1587935161184,CRR_SYS_GPU,208,CRR_SYS_SOC,52,CRR_IN,426,CRR_SYS_CPU,8,
1587935161186,PWR_SYS_GPU,2537,PWR_SYS_SOC,633,PWR_IN,5200,PWR_SYS_CPU,97,
1587935162189,VDD_SYS_GPU,12200,VDD_SYS_SOC,12192,VDD_IN,12208,VDD_SYS_CPU,12200,
1587935162191,CRR_SYS_GPU,208,CRR_SYS_SOC,52,CRR_IN,426,CRR_SYS_CPU,8,
1587935162193,PWR_SYS_GPU,2537,PWR_SYS_SOC,633,PWR_IN,5225,PWR_SYS_CPU,97,
1587935163195,VDD_SYS_GPU,12200,VDD_SYS_SOC,12192,VDD_IN,12208,VDD_SYS_CPU,12200,
1587935163197,CRR_SYS_GPU,208,CRR_SYS_SOC,52,CRR_IN,428,CRR_SYS_CPU,8,
1587935163199,PWR_SYS_GPU,2537,PWR_SYS_SOC,633,PWR_IN,5225,PWR_SYS_CPU,97,
1587935164201,VDD_SYS_GPU,12200,VDD_SYS_SOC,12192,VDD_IN,12208,VDD_SYS_CPU,12200,
1587935164203,CRR_SYS_GPU,208,CRR_SYS_SOC,52,CRR_IN,426,CRR_SYS_CPU,8,
1587935164206,PWR_SYS_GPU,2537,PWR_SYS_SOC,633,PWR_IN,5200,PWR_SYS_CPU,97,
1587935165208,VDD_SYS_GPU,12200,VDD_SYS_SOC,12192,VDD_IN,12208,VDD_SYS_CPU,12200,
1587935165210,CRR_SYS_GPU,208,CRR_SYS_SOC,52,CRR_IN,426,CRR_SYS_CPU,8,
1587935165213,PWR_SYS_GPU,2537,PWR_SYS_SOC,633,PWR_IN,5200,PWR_SYS_CPU,97,
1587935166215,VDD_SYS_GPU,12200,VDD_SYS_SOC,12192,VDD_IN,12208,VDD_SYS_CPU,12200,
1587935166217,CRR_SYS_GPU,208,CRR_SYS_SOC,52,CRR_IN,428,CRR_SYS_CPU,8,
1587935166220,PWR_SYS_GPU,2537,PWR_SYS_SOC,633,PWR_IN,5225,PWR_SYS_CPU,97,
1587935167222,VDD_SYS_GPU,12200,VDD_SYS_SOC,12192,VDD_IN,12200,VDD_SYS_CPU,12200,
1587935167224,CRR_SYS_GPU,208,CRR_SYS_SOC,52,CRR_IN,434,CRR_SYS_CPU,8,
1587935167226,PWR_SYS_GPU,2535,PWR_SYS_SOC,633,PWR_IN,5294,PWR_SYS_CPU,97,
1587935168228,VDD_SYS_GPU,12192,VDD_SYS_SOC,12192,VDD_IN,12200,VDD_SYS_CPU,12200,
1587935168230,CRR_SYS_GPU,204,CRR_SYS_SOC,52,CRR_IN,434,CRR_SYS_CPU,8,
1587935168233,PWR_SYS_GPU,2487,PWR_SYS_SOC,633,PWR_IN,5294,PWR_SYS_CPU,97,
1587935169235,VDD_SYS_GPU,12192,VDD_SYS_SOC,12192,VDD_IN,12200,VDD_SYS_CPU,12192,
1587935169237,CRR_SYS_GPU,208,CRR_SYS_SOC,52,CRR_IN,434,CRR_SYS_CPU,8,
1587935169239,PWR_SYS_GPU,2535,PWR_SYS_SOC,633,PWR_IN,5294,PWR_SYS_CPU,97,
1587935170242,VDD_SYS_GPU,12192,VDD_SYS_SOC,12192,VDD_IN,12200,VDD_SYS_CPU,12192,
1587935170243,CRR_SYS_GPU,204,CRR_SYS_SOC,52,CRR_IN,434,CRR_SYS_CPU,8,
1587935170246,PWR_SYS_GPU,2487,PWR_SYS_SOC,633,PWR_IN,5294,PWR_SYS_CPU,97,
1587935171248,VDD_SYS_GPU,12192,VDD_SYS_SOC,12192,VDD_IN,12200,VDD_SYS_CPU,12200,
1587935171250,CRR_SYS_GPU,204,CRR_SYS_SOC,52,CRR_IN,434,CRR_SYS_CPU,8,
1587935171253,PWR_SYS_GPU,2487,PWR_SYS_SOC,633,PWR_IN,5294,PWR_SYS_CPU,97,
1587935172255,VDD_SYS_GPU,12192,VDD_SYS_SOC,12192,VDD_IN,12200,VDD_SYS_CPU,12192,
1587935172257,CRR_SYS_GPU,208,CRR_SYS_SOC,52,CRR_IN,434,CRR_SYS_CPU,8,
1587935172260,PWR_SYS_GPU,2535,PWR_SYS_SOC,633,PWR_IN,5294,PWR_SYS_CPU,97,
1587935173262,VDD_SYS_GPU,12192,VDD_SYS_SOC,12192,VDD_IN,12200,VDD_SYS_CPU,12192,
1587935173264,CRR_SYS_GPU,208,CRR_SYS_SOC,52,CRR_IN,434,CRR_SYS_CPU,8,
1587935173266,PWR_SYS_GPU,2535,PWR_SYS_SOC,633,PWR_IN,5294,PWR_SYS_CPU,97,
1587935174269,VDD_SYS_GPU,12192,VDD_SYS_SOC,12192,VDD_IN,12200,VDD_SYS_CPU,12200,
1587935174270,CRR_SYS_GPU,204,CRR_SYS_SOC,52,CRR_IN,432,CRR_SYS_CPU,8,
1587935174273,PWR_SYS_GPU,2487,PWR_SYS_SOC,633,PWR_IN,5270,PWR_SYS_CPU,97,
1587935175275,VDD_SYS_GPU,12192,VDD_SYS_SOC,12192,VDD_IN,12200,VDD_SYS_CPU,12200,
1587935175277,CRR_SYS_GPU,204,CRR_SYS_SOC,52,CRR_IN,432,CRR_SYS_CPU,8,
1587935175280,PWR_SYS_GPU,2487,PWR_SYS_SOC,633,PWR_IN,5270,PWR_SYS_CPU,97,
1587935176282,VDD_SYS_GPU,12192,VDD_SYS_SOC,12192,VDD_IN,12200,VDD_SYS_CPU,12192,
1587935176284,CRR_SYS_GPU,208,CRR_SYS_SOC,52,CRR_IN,434,CRR_SYS_CPU,8,
1587935176287,PWR_SYS_GPU,2535,PWR_SYS_SOC,633,PWR_IN,5294,PWR_SYS_CPU,97,
1587935177289,VDD_SYS_GPU,12192,VDD_SYS_SOC,12192,VDD_IN,12200,VDD_SYS_CPU,12192,
1587935177291,CRR_SYS_GPU,208,CRR_SYS_SOC,52,CRR_IN,434,CRR_SYS_CPU,8,
1587935177294,PWR_SYS_GPU,2535,PWR_SYS_SOC,633,PWR_IN,5319,PWR_SYS_CPU,97,
1587935178296,VDD_SYS_GPU,12192,VDD_SYS_SOC,12192,VDD_IN,12200,VDD_SYS_CPU,12200,
1587935178298,CRR_SYS_GPU,204,CRR_SYS_SOC,52,CRR_IN,434,CRR_SYS_CPU,8,
1587935178301,PWR_SYS_GPU,2487,PWR_SYS_SOC,633,PWR_IN,5294,PWR_SYS_CPU,97,
1587935179303,VDD_SYS_GPU,12200,VDD_SYS_SOC,12192,VDD_IN,12200,VDD_SYS_CPU,12200,
1587935179305,CRR_SYS_GPU,204,CRR_SYS_SOC,52,CRR_IN,432,CRR_SYS_CPU,8,
1587935179308,PWR_SYS_GPU,2488,PWR_SYS_SOC,633,PWR_IN,5270,PWR_SYS_CPU,97,
1587935180310,VDD_SYS_GPU,12200,VDD_SYS_SOC,12192,VDD_IN,12200,VDD_SYS_CPU,12200,
1587935180312,CRR_SYS_GPU,204,CRR_SYS_SOC,52,CRR_IN,432,CRR_SYS_CPU,8,
1587935180314,PWR_SYS_GPU,2488,PWR_SYS_SOC,633,PWR_IN,5270,PWR_SYS_CPU,97,
1587935181317,VDD_SYS_GPU,12192,VDD_SYS_SOC,12192,VDD_IN,12200,VDD_SYS_CPU,12200,
1587935181319,CRR_SYS_GPU,204,CRR_SYS_SOC,52,CRR_IN,434,CRR_SYS_CPU,8,
1587935181321,PWR_SYS_GPU,2487,PWR_SYS_SOC,633,PWR_IN,5294,PWR_SYS_CPU,97,
1587935182324,VDD_SYS_GPU,12200,VDD_SYS_SOC,12192,VDD_IN,12200,VDD_SYS_CPU,12200,
1587935182326,CRR_SYS_GPU,204,CRR_SYS_SOC,52,CRR_IN,434,CRR_SYS_CPU,8,
1587935182328,PWR_SYS_GPU,2487,PWR_SYS_SOC,633,PWR_IN,5294,PWR_SYS_CPU,97,
1587935183330,VDD_SYS_GPU,12192,VDD_SYS_SOC,12192,VDD_IN,12200,VDD_SYS_CPU,12200,
1587935183332,CRR_SYS_GPU,204,CRR_SYS_SOC,52,CRR_IN,434,CRR_SYS_CPU,8,
1587935183334,PWR_SYS_GPU,2487,PWR_SYS_SOC,633,PWR_IN,5294,PWR_SYS_CPU,97,
1587935184337,VDD_SYS_GPU,12192,VDD_SYS_SOC,12192,VDD_IN,12200,VDD_SYS_CPU,12192,
1587935184338,CRR_SYS_GPU,208,CRR_SYS_SOC,52,CRR_IN,434,CRR_SYS_CPU,8,
1587935184341,PWR_SYS_GPU,2535,PWR_SYS_SOC,633,PWR_IN,5294,PWR_SYS_CPU,97,
1587935185343,VDD_SYS_GPU,12192,VDD_SYS_SOC,12192,VDD_IN,12200,VDD_SYS_CPU,12200,
1587935185345,CRR_SYS_GPU,204,CRR_SYS_SOC,52,CRR_IN,434,CRR_SYS_CPU,8,
1587935185348,PWR_SYS_GPU,2487,PWR_SYS_SOC,633,PWR_IN,5294,PWR_SYS_CPU,97,
1587935186350,VDD_SYS_GPU,12192,VDD_SYS_SOC,12192,VDD_IN,12200,VDD_SYS_CPU,12192,
1587935186352,CRR_SYS_GPU,204,CRR_SYS_SOC,52,CRR_IN,434,CRR_SYS_CPU,8,
1587935186355,PWR_SYS_GPU,2487,PWR_SYS_SOC,633,PWR_IN,5294,PWR_SYS_CPU,97,
1587935187357,VDD_SYS_GPU,12192,VDD_SYS_SOC,12192,VDD_IN,12200,VDD_SYS_CPU,12200,
1587935187359,CRR_SYS_GPU,204,CRR_SYS_SOC,52,CRR_IN,434,CRR_SYS_CPU,8,
1587935187362,PWR_SYS_GPU,2487,PWR_SYS_SOC,633,PWR_IN,5294,PWR_SYS_CPU,97,
1587935188365,VDD_SYS_GPU,12192,VDD_SYS_SOC,12192,VDD_IN,12200,VDD_SYS_CPU,12200,
1587935188366,CRR_SYS_GPU,208,CRR_SYS_SOC,52,CRR_IN,434,CRR_SYS_CPU,8,
1587935188369,PWR_SYS_GPU,2535,PWR_SYS_SOC,633,PWR_IN,5294,PWR_SYS_CPU,97,
1587935189371,VDD_SYS_GPU,12192,VDD_SYS_SOC,12192,VDD_IN,12200,VDD_SYS_CPU,12192,
1587935189373,CRR_SYS_GPU,208,CRR_SYS_SOC,52,CRR_IN,444,CRR_SYS_CPU,8,
1587935189376,PWR_SYS_GPU,2535,PWR_SYS_SOC,633,PWR_IN,5416,PWR_SYS_CPU,97,
1587935190378,VDD_SYS_GPU,12192,VDD_SYS_SOC,12192,VDD_IN,12200,VDD_SYS_CPU,12192,
1587935190380,CRR_SYS_GPU,204,CRR_SYS_SOC,52,CRR_IN,464,CRR_SYS_CPU,8,
1587935190383,PWR_SYS_GPU,2487,PWR_SYS_SOC,633,PWR_IN,5660,PWR_SYS_CPU,97,
1587935191385,VDD_SYS_GPU,12192,VDD_SYS_SOC,12192,VDD_IN,12200,VDD_SYS_CPU,12192,
1587935191387,CRR_SYS_GPU,204,CRR_SYS_SOC,52,CRR_IN,448,CRR_SYS_CPU,8,
1587935191390,PWR_SYS_GPU,2487,PWR_SYS_SOC,633,PWR_IN,5465,PWR_SYS_CPU,97,
1587935192392,VDD_SYS_GPU,12192,VDD_SYS_SOC,12192,VDD_IN,12200,VDD_SYS_CPU,12192,
1587935192394,CRR_SYS_GPU,204,CRR_SYS_SOC,52,CRR_IN,436,CRR_SYS_CPU,8,
1587935192396,PWR_SYS_GPU,2487,PWR_SYS_SOC,633,PWR_IN,5319,PWR_SYS_CPU,97,
1587935193399,VDD_SYS_GPU,12192,VDD_SYS_SOC,12192,VDD_IN,12200,VDD_SYS_CPU,12192,
1587935193401,CRR_SYS_GPU,208,CRR_SYS_SOC,52,CRR_IN,434,CRR_SYS_CPU,8,
1587935193403,PWR_SYS_GPU,2535,PWR_SYS_SOC,633,PWR_IN,5294,PWR_SYS_CPU,97,
1587935194405,VDD_SYS_GPU,12192,VDD_SYS_SOC,12192,VDD_IN,12200,VDD_SYS_CPU,12192,
1587935194407,CRR_SYS_GPU,204,CRR_SYS_SOC,56,CRR_IN,434,CRR_SYS_CPU,8,
1587935194410,PWR_SYS_GPU,2487,PWR_SYS_SOC,682,PWR_IN,5294,PWR_SYS_CPU,97,
1587935195412,VDD_SYS_GPU,12192,VDD_SYS_SOC,12192,VDD_IN,12200,VDD_SYS_CPU,12200,
1587935195414,CRR_SYS_GPU,208,CRR_SYS_SOC,52,CRR_IN,434,CRR_SYS_CPU,8,
1587935195417,PWR_SYS_GPU,2535,PWR_SYS_SOC,633,PWR_IN,5294,PWR_SYS_CPU,97,
1587935196419,VDD_SYS_GPU,12200,VDD_SYS_SOC,12192,VDD_IN,12200,VDD_SYS_CPU,12200,
1587935196421,CRR_SYS_GPU,208,CRR_SYS_SOC,56,CRR_IN,434,CRR_SYS_CPU,8,
1587935196424,PWR_SYS_GPU,2537,PWR_SYS_SOC,682,PWR_IN,5294,PWR_SYS_CPU,97,
1587935197426,VDD_SYS_GPU,12192,VDD_SYS_SOC,12192,VDD_IN,12200,VDD_SYS_CPU,12200,
1587935197428,CRR_SYS_GPU,204,CRR_SYS_SOC,52,CRR_IN,434,CRR_SYS_CPU,8,
1587935197431,PWR_SYS_GPU,2487,PWR_SYS_SOC,633,PWR_IN,5294,PWR_SYS_CPU,97,
1587935198433,VDD_SYS_GPU,12200,VDD_SYS_SOC,12192,VDD_IN,12200,VDD_SYS_CPU,12200,
1587935198435,CRR_SYS_GPU,208,CRR_SYS_SOC,52,CRR_IN,434,CRR_SYS_CPU,8,
1587935198438,PWR_SYS_GPU,2537,PWR_SYS_SOC,633,PWR_IN,5294,PWR_SYS_CPU,97,
1587935199440,VDD_SYS_GPU,12200,VDD_SYS_SOC,12192,VDD_IN,12200,VDD_SYS_CPU,12200,
1587935199442,CRR_SYS_GPU,204,CRR_SYS_SOC,52,CRR_IN,432,CRR_SYS_CPU,8,
1587935199445,PWR_SYS_GPU,2488,PWR_SYS_SOC,633,PWR_IN,5270,PWR_SYS_CPU,97,
1587935200447,VDD_SYS_GPU,12200,VDD_SYS_SOC,12192,VDD_IN,12200,VDD_SYS_CPU,12200,
1587935200449,CRR_SYS_GPU,208,CRR_SYS_SOC,52,CRR_IN,434,CRR_SYS_CPU,8,
1587935200452,PWR_SYS_GPU,2535,PWR_SYS_SOC,633,PWR_IN,5294,PWR_SYS_CPU,97,
1587935201454,VDD_SYS_GPU,12192,VDD_SYS_SOC,12192,VDD_IN,12200,VDD_SYS_CPU,12192,
1587935201457,CRR_SYS_GPU,208,CRR_SYS_SOC,52,CRR_IN,436,CRR_SYS_CPU,8,
1587935201459,PWR_SYS_GPU,2535,PWR_SYS_SOC,633,PWR_IN,5319,PWR_SYS_CPU,97,
1587935202461,VDD_SYS_GPU,12200,VDD_SYS_SOC,12192,VDD_IN,12208,VDD_SYS_CPU,12200,
1587935202464,CRR_SYS_GPU,204,CRR_SYS_SOC,52,CRR_IN,430,CRR_SYS_CPU,8,
1587935202467,PWR_SYS_GPU,2488,PWR_SYS_SOC,633,PWR_IN,5246,PWR_SYS_CPU,97,
1587935203469,VDD_SYS_GPU,12192,VDD_SYS_SOC,12192,VDD_IN,12200,VDD_SYS_CPU,12200,
1587935203471,CRR_SYS_GPU,208,CRR_SYS_SOC,52,CRR_IN,434,CRR_SYS_CPU,8,
1587935203473,PWR_SYS_GPU,2535,PWR_SYS_SOC,633,PWR_IN,5294,PWR_SYS_CPU,97,
1587935204476,VDD_SYS_GPU,12200,VDD_SYS_SOC,12192,VDD_IN,12200,VDD_SYS_CPU,12200,
1587935204478,CRR_SYS_GPU,204,CRR_SYS_SOC,52,CRR_IN,432,CRR_SYS_CPU,8,
1587935204480,PWR_SYS_GPU,2488,PWR_SYS_SOC,633,PWR_IN,5270,PWR_SYS_CPU,97,
1587935205483,VDD_SYS_GPU,12200,VDD_SYS_SOC,12192,VDD_IN,12208,VDD_SYS_CPU,12200,
1587935205485,CRR_SYS_GPU,208,CRR_SYS_SOC,52,CRR_IN,430,CRR_SYS_CPU,8,
1587935205487,PWR_SYS_GPU,2537,PWR_SYS_SOC,633,PWR_IN,5249,PWR_SYS_CPU,97,
1587935206489,VDD_SYS_GPU,12200,VDD_SYS_SOC,12192,VDD_IN,12200,VDD_SYS_CPU,12200,
1587935206491,CRR_SYS_GPU,208,CRR_SYS_SOC,52,CRR_IN,432,CRR_SYS_CPU,8,
1587935206494,PWR_SYS_GPU,2537,PWR_SYS_SOC,633,PWR_IN,5270,PWR_SYS_CPU,97,
1587935207496,VDD_SYS_GPU,12200,VDD_SYS_SOC,12192,VDD_IN,12208,VDD_SYS_CPU,12200,
1587935207498,CRR_SYS_GPU,208,CRR_SYS_SOC,52,CRR_IN,432,CRR_SYS_CPU,8,
1587935207501,PWR_SYS_GPU,2537,PWR_SYS_SOC,633,PWR_IN,5270,PWR_SYS_CPU,97,
1587935208503,VDD_SYS_GPU,12200,VDD_SYS_SOC,12192,VDD_IN,12200,VDD_SYS_CPU,12200,
1587935208505,CRR_SYS_GPU,208,CRR_SYS_SOC,52,CRR_IN,434,CRR_SYS_CPU,8,
1587935208508,PWR_SYS_GPU,2537,PWR_SYS_SOC,633,PWR_IN,5294,PWR_SYS_CPU,97,
1587935209510,VDD_SYS_GPU,12200,VDD_SYS_SOC,12192,VDD_IN,12200,VDD_SYS_CPU,12200,
1587935209512,CRR_SYS_GPU,208,CRR_SYS_SOC,52,CRR_IN,434,CRR_SYS_CPU,8,
1587935209515,PWR_SYS_GPU,2537,PWR_SYS_SOC,633,PWR_IN,5294,PWR_SYS_CPU,97,
1587935210517,VDD_SYS_GPU,12200,VDD_SYS_SOC,12192,VDD_IN,12200,VDD_SYS_CPU,12200,
1587935210519,CRR_SYS_GPU,208,CRR_SYS_SOC,52,CRR_IN,432,CRR_SYS_CPU,8,
1587935210522,PWR_SYS_GPU,2537,PWR_SYS_SOC,633,PWR_IN,5270,PWR_SYS_CPU,97,
1587935211524,VDD_SYS_GPU,12200,VDD_SYS_SOC,12192,VDD_IN,12200,VDD_SYS_CPU,12200,
1587935211526,CRR_SYS_GPU,208,CRR_SYS_SOC,52,CRR_IN,434,CRR_SYS_CPU,8,
1587935211528,PWR_SYS_GPU,2535,PWR_SYS_SOC,633,PWR_IN,5294,PWR_SYS_CPU,97,
1587935212531,VDD_SYS_GPU,12200,VDD_SYS_SOC,12192,VDD_IN,12200,VDD_SYS_CPU,12192,
1587935212533,CRR_SYS_GPU,208,CRR_SYS_SOC,52,CRR_IN,436,CRR_SYS_CPU,8,
1587935212535,PWR_SYS_GPU,2537,PWR_SYS_SOC,633,PWR_IN,5319,PWR_SYS_CPU,97,
1587935213537,VDD_SYS_GPU,12192,VDD_SYS_SOC,12192,VDD_IN,12200,VDD_SYS_CPU,12200,
1587935213539,CRR_SYS_GPU,204,CRR_SYS_SOC,56,CRR_IN,434,CRR_SYS_CPU,8,
1587935213542,PWR_SYS_GPU,2487,PWR_SYS_SOC,682,PWR_IN,5294,PWR_SYS_CPU,97,
1587935214544,VDD_SYS_GPU,12200,VDD_SYS_SOC,12192,VDD_IN,12200,VDD_SYS_CPU,12200,
1587935214546,CRR_SYS_GPU,204,CRR_SYS_SOC,52,CRR_IN,434,CRR_SYS_CPU,8,
1587935214549,PWR_SYS_GPU,2488,PWR_SYS_SOC,633,PWR_IN,5294,PWR_SYS_CPU,97,
1587935215551,VDD_SYS_GPU,12200,VDD_SYS_SOC,12192,VDD_IN,12200,VDD_SYS_CPU,12200,
1587935215553,CRR_SYS_GPU,204,CRR_SYS_SOC,52,CRR_IN,434,CRR_SYS_CPU,8,
1587935215556,PWR_SYS_GPU,2487,PWR_SYS_SOC,633,PWR_IN,5294,PWR_SYS_CPU,97,
1587935216558,VDD_SYS_GPU,12200,VDD_SYS_SOC,12192,VDD_IN,12200,VDD_SYS_CPU,12200,
1587935216560,CRR_SYS_GPU,208,CRR_SYS_SOC,52,CRR_IN,434,CRR_SYS_CPU,8,
1587935216562,PWR_SYS_GPU,2537,PWR_SYS_SOC,633,PWR_IN,5294,PWR_SYS_CPU,97,
1587935217565,VDD_SYS_GPU,12200,VDD_SYS_SOC,12192,VDD_IN,12200,VDD_SYS_CPU,12200,
1587935217567,CRR_SYS_GPU,204,CRR_SYS_SOC,52,CRR_IN,430,CRR_SYS_CPU,8,
1587935217569,PWR_SYS_GPU,2488,PWR_SYS_SOC,682,PWR_IN,5270,PWR_SYS_CPU,97,
1587935218571,VDD_SYS_GPU,12200,VDD_SYS_SOC,12192,VDD_IN,12200,VDD_SYS_CPU,12200,
1587935218573,CRR_SYS_GPU,208,CRR_SYS_SOC,56,CRR_IN,434,CRR_SYS_CPU,8,
1587935218575,PWR_SYS_GPU,2537,PWR_SYS_SOC,682,PWR_IN,5294,PWR_SYS_CPU,97,
1587935219578,VDD_SYS_GPU,12200,VDD_SYS_SOC,12192,VDD_IN,12200,VDD_SYS_CPU,12200,
1587935219580,CRR_SYS_GPU,208,CRR_SYS_SOC,52,CRR_IN,432,CRR_SYS_CPU,8,
1587935219582,PWR_SYS_GPU,2537,PWR_SYS_SOC,633,PWR_IN,5270,PWR_SYS_CPU,97,
1587935220585,VDD_SYS_GPU,12200,VDD_SYS_SOC,12192,VDD_IN,12200,VDD_SYS_CPU,12200,
1587935220586,CRR_SYS_GPU,204,CRR_SYS_SOC,52,CRR_IN,432,CRR_SYS_CPU,8,
1587935220589,PWR_SYS_GPU,2488,PWR_SYS_SOC,633,PWR_IN,5270,PWR_SYS_CPU,97,
1587935221591,VDD_SYS_GPU,12200,VDD_SYS_SOC,12192,VDD_IN,12200,VDD_SYS_CPU,12200,
1587935221593,CRR_SYS_GPU,204,CRR_SYS_SOC,52,CRR_IN,434,CRR_SYS_CPU,8,
1587935221596,PWR_SYS_GPU,2488,PWR_SYS_SOC,633,PWR_IN,5294,PWR_SYS_CPU,97,
1587935222598,VDD_SYS_GPU,12192,VDD_SYS_SOC,12192,VDD_IN,12200,VDD_SYS_CPU,12200,
1587935222600,CRR_SYS_GPU,208,CRR_SYS_SOC,52,CRR_IN,434,CRR_SYS_CPU,8,
1587935222602,PWR_SYS_GPU,2535,PWR_SYS_SOC,633,PWR_IN,5294,PWR_SYS_CPU,97,
1587935223605,VDD_SYS_GPU,12192,VDD_SYS_SOC,12192,VDD_IN,12200,VDD_SYS_CPU,12192,
1587935223606,CRR_SYS_GPU,208,CRR_SYS_SOC,56,CRR_IN,436,CRR_SYS_CPU,8,
1587935223609,PWR_SYS_GPU,2535,PWR_SYS_SOC,682,PWR_IN,5319,PWR_SYS_CPU,97,
1587935224611,VDD_SYS_GPU,12200,VDD_SYS_SOC,12192,VDD_IN,12200,VDD_SYS_CPU,12200,
1587935224613,CRR_SYS_GPU,204,CRR_SYS_SOC,56,CRR_IN,434,CRR_SYS_CPU,8,
1587935224616,PWR_SYS_GPU,2488,PWR_SYS_SOC,682,PWR_IN,5294,PWR_SYS_CPU,97,
1587935225618,VDD_SYS_GPU,12200,VDD_SYS_SOC,12192,VDD_IN,12200,VDD_SYS_CPU,12200,
1587935225620,CRR_SYS_GPU,204,CRR_SYS_SOC,56,CRR_IN,434,CRR_SYS_CPU,8,
1587935225623,PWR_SYS_GPU,2488,PWR_SYS_SOC,682,PWR_IN,5294,PWR_SYS_CPU,97,
1587935226625,VDD_SYS_GPU,12200,VDD_SYS_SOC,12192,VDD_IN,12200,VDD_SYS_CPU,12200,
1587935226627,CRR_SYS_GPU,204,CRR_SYS_SOC,52,CRR_IN,434,CRR_SYS_CPU,8,
1587935226630,PWR_SYS_GPU,2488,PWR_SYS_SOC,633,PWR_IN,5294,PWR_SYS_CPU,97,
1587935227632,VDD_SYS_GPU,12200,VDD_SYS_SOC,12192,VDD_IN,12200,VDD_SYS_CPU,12200,
1587935227634,CRR_SYS_GPU,208,CRR_SYS_SOC,52,CRR_IN,434,CRR_SYS_CPU,8,
1587935227636,PWR_SYS_GPU,2535,PWR_SYS_SOC,633,PWR_IN,5294,PWR_SYS_CPU,97,
1587935228638,VDD_SYS_GPU,12200,VDD_SYS_SOC,12192,VDD_IN,12200,VDD_SYS_CPU,12200,
1587935228640,CRR_SYS_GPU,208,CRR_SYS_SOC,52,CRR_IN,434,CRR_SYS_CPU,8,
1587935228643,PWR_SYS_GPU,2535,PWR_SYS_SOC,633,PWR_IN,5294,PWR_SYS_CPU,97,
1587935229645,VDD_SYS_GPU,12200,VDD_SYS_SOC,12192,VDD_IN,12200,VDD_SYS_CPU,12200,
1587935229647,CRR_SYS_GPU,208,CRR_SYS_SOC,52,CRR_IN,434,CRR_SYS_CPU,8,
1587935229649,PWR_SYS_GPU,2537,PWR_SYS_SOC,633,PWR_IN,5294,PWR_SYS_CPU,97,
1587935230652,VDD_SYS_GPU,12192,VDD_SYS_SOC,12192,VDD_IN,12200,VDD_SYS_CPU,12200,
1587935230654,CRR_SYS_GPU,208,CRR_SYS_SOC,52,CRR_IN,434,CRR_SYS_CPU,8,
1587935230656,PWR_SYS_GPU,2535,PWR_SYS_SOC,633,PWR_IN,5294,PWR_SYS_CPU,97,
1587935231658,VDD_SYS_GPU,12200,VDD_SYS_SOC,12192,VDD_IN,12200,VDD_SYS_CPU,12192,
1587935231660,CRR_SYS_GPU,208,CRR_SYS_SOC,56,CRR_IN,434,CRR_SYS_CPU,8,
1587935231663,PWR_SYS_GPU,2537,PWR_SYS_SOC,682,PWR_IN,5294,PWR_SYS_CPU,97,
1587935232665,VDD_SYS_GPU,12200,VDD_SYS_SOC,12192,VDD_IN,12200,VDD_SYS_CPU,12200,
1587935232668,CRR_SYS_GPU,208,CRR_SYS_SOC,52,CRR_IN,434,CRR_SYS_CPU,8,
1587935232671,PWR_SYS_GPU,2537,PWR_SYS_SOC,633,PWR_IN,5294,PWR_SYS_CPU,97,
1587935233673,VDD_SYS_GPU,12200,VDD_SYS_SOC,12192,VDD_IN,12200,VDD_SYS_CPU,12200,
1587935233675,CRR_SYS_GPU,208,CRR_SYS_SOC,52,CRR_IN,434,CRR_SYS_CPU,8,
1587935233678,PWR_SYS_GPU,2537,PWR_SYS_SOC,633,PWR_IN,5294,PWR_SYS_CPU,97,
1587935234680,VDD_SYS_GPU,12192,VDD_SYS_SOC,12192,VDD_IN,12200,VDD_SYS_CPU,12192,
1587935234682,CRR_SYS_GPU,208,CRR_SYS_SOC,56,CRR_IN,436,CRR_SYS_CPU,8,
1587935234684,PWR_SYS_GPU,2535,PWR_SYS_SOC,682,PWR_IN,5319,PWR_SYS_CPU,97,
1587935235687,VDD_SYS_GPU,12200,VDD_SYS_SOC,12200,VDD_IN,12208,VDD_SYS_CPU,12200,
1587935235689,CRR_SYS_GPU,208,CRR_SYS_SOC,52,CRR_IN,424,CRR_SYS_CPU,8,
1587935235691,PWR_SYS_GPU,2537,PWR_SYS_SOC,634,PWR_IN,5176,PWR_SYS_CPU,97,
1587935236693,VDD_SYS_GPU,12200,VDD_SYS_SOC,12192,VDD_IN,12208,VDD_SYS_CPU,12200,
1587935236695,CRR_SYS_GPU,208,CRR_SYS_SOC,52,CRR_IN,428,CRR_SYS_CPU,8,
1587935236698,PWR_SYS_GPU,2537,PWR_SYS_SOC,633,PWR_IN,5225,PWR_SYS_CPU,97,
1587935237700,VDD_SYS_GPU,12200,VDD_SYS_SOC,12192,VDD_IN,12208,VDD_SYS_CPU,12200,
1587935237702,CRR_SYS_GPU,208,CRR_SYS_SOC,52,CRR_IN,428,CRR_SYS_CPU,8,
1587935237705,PWR_SYS_GPU,2537,PWR_SYS_SOC,633,PWR_IN,5221,PWR_SYS_CPU,97,
1587935238707,VDD_SYS_GPU,12200,VDD_SYS_SOC,12192,VDD_IN,12208,VDD_SYS_CPU,12200,
1587935238709,CRR_SYS_GPU,208,CRR_SYS_SOC,52,CRR_IN,428,CRR_SYS_CPU,8,
1587935238711,PWR_SYS_GPU,2537,PWR_SYS_SOC,633,PWR_IN,5225,PWR_SYS_CPU,97,
1587935239713,VDD_SYS_GPU,12200,VDD_SYS_SOC,12192,VDD_IN,12200,VDD_SYS_CPU,12200,
1587935239715,CRR_SYS_GPU,208,CRR_SYS_SOC,52,CRR_IN,428,CRR_SYS_CPU,8,
1587935239718,PWR_SYS_GPU,2537,PWR_SYS_SOC,633,PWR_IN,5221,PWR_SYS_CPU,97,
1587935240720,VDD_SYS_GPU,12200,VDD_SYS_SOC,12192,VDD_IN,12208,VDD_SYS_CPU,12200,
1587935240722,CRR_SYS_GPU,208,CRR_SYS_SOC,52,CRR_IN,428,CRR_SYS_CPU,8,
1587935240725,PWR_SYS_GPU,2537,PWR_SYS_SOC,633,PWR_IN,5225,PWR_SYS_CPU,97,
1587935241727,VDD_SYS_GPU,12200,VDD_SYS_SOC,12192,VDD_IN,12200,VDD_SYS_CPU,12200,
1587935241729,CRR_SYS_GPU,208,CRR_SYS_SOC,52,CRR_IN,428,CRR_SYS_CPU,8,
1587935241731,PWR_SYS_GPU,2537,PWR_SYS_SOC,633,PWR_IN,5221,PWR_SYS_CPU,97,
1587935242733,VDD_SYS_GPU,12200,VDD_SYS_SOC,12192,VDD_IN,12208,VDD_SYS_CPU,12200,
1587935242736,CRR_SYS_GPU,208,CRR_SYS_SOC,52,CRR_IN,428,CRR_SYS_CPU,8,
1587935242739,PWR_SYS_GPU,2537,PWR_SYS_SOC,633,PWR_IN,5225,PWR_SYS_CPU,97,
1587935243741,VDD_SYS_GPU,12200,VDD_SYS_SOC,12192,VDD_IN,12200,VDD_SYS_CPU,12200,
1587935243743,CRR_SYS_GPU,208,CRR_SYS_SOC,52,CRR_IN,428,CRR_SYS_CPU,8,
1587935243746,PWR_SYS_GPU,2537,PWR_SYS_SOC,633,PWR_IN,5221,PWR_SYS_CPU,97,
1587935244748,VDD_SYS_GPU,12200,VDD_SYS_SOC,12192,VDD_IN,12208,VDD_SYS_CPU,12200,
1587935244750,CRR_SYS_GPU,208,CRR_SYS_SOC,52,CRR_IN,428,CRR_SYS_CPU,8,
1587935244753,PWR_SYS_GPU,2537,PWR_SYS_SOC,633,PWR_IN,5225,PWR_SYS_CPU,97,
1587935245755,VDD_SYS_GPU,12200,VDD_SYS_SOC,12192,VDD_IN,12208,VDD_SYS_CPU,12200,
1587935245757,CRR_SYS_GPU,208,CRR_SYS_SOC,52,CRR_IN,428,CRR_SYS_CPU,8,
1587935245759,PWR_SYS_GPU,2537,PWR_SYS_SOC,633,PWR_IN,5225,PWR_SYS_CPU,97,
1587935246761,VDD_SYS_GPU,12200,VDD_SYS_SOC,12192,VDD_IN,12208,VDD_SYS_CPU,12200,
1587935246763,CRR_SYS_GPU,208,CRR_SYS_SOC,52,CRR_IN,428,CRR_SYS_CPU,8,
1587935246766,PWR_SYS_GPU,2537,PWR_SYS_SOC,633,PWR_IN,5225,PWR_SYS_CPU,97,
1587935247768,VDD_SYS_GPU,12200,VDD_SYS_SOC,12192,VDD_IN,12200,VDD_SYS_CPU,12200,
1587935247770,CRR_SYS_GPU,208,CRR_SYS_SOC,52,CRR_IN,428,CRR_SYS_CPU,8,
1587935247772,PWR_SYS_GPU,2537,PWR_SYS_SOC,633,PWR_IN,5221,PWR_SYS_CPU,97,
1587935248774,VDD_SYS_GPU,12200,VDD_SYS_SOC,12192,VDD_IN,12200,VDD_SYS_CPU,12200,
1587935248776,CRR_SYS_GPU,208,CRR_SYS_SOC,52,CRR_IN,434,CRR_SYS_CPU,8,
1587935248779,PWR_SYS_GPU,2537,PWR_SYS_SOC,633,PWR_IN,5294,PWR_SYS_CPU,97,
1587935249781,VDD_SYS_GPU,12192,VDD_SYS_SOC,12192,VDD_IN,12200,VDD_SYS_CPU,12200,
1587935249783,CRR_SYS_GPU,208,CRR_SYS_SOC,52,CRR_IN,436,CRR_SYS_CPU,8,
1587935249786,PWR_SYS_GPU,2535,PWR_SYS_SOC,633,PWR_IN,5319,PWR_SYS_CPU,97,
1587935250788,VDD_SYS_GPU,12192,VDD_SYS_SOC,12192,VDD_IN,12200,VDD_SYS_CPU,12192,
1587935250790,CRR_SYS_GPU,208,CRR_SYS_SOC,56,CRR_IN,436,CRR_SYS_CPU,8,
1587935250793,PWR_SYS_GPU,2535,PWR_SYS_SOC,682,PWR_IN,5319,PWR_SYS_CPU,97,
1587935251795,VDD_SYS_GPU,12200,VDD_SYS_SOC,12192,VDD_IN,12200,VDD_SYS_CPU,12200,
1587935251797,CRR_SYS_GPU,208,CRR_SYS_SOC,56,CRR_IN,436,CRR_SYS_CPU,8,
1587935251800,PWR_SYS_GPU,2537,PWR_SYS_SOC,682,PWR_IN,5319,PWR_SYS_CPU,97,
1587935252802,VDD_SYS_GPU,12192,VDD_SYS_SOC,12192,VDD_IN,12200,VDD_SYS_CPU,12192,
1587935252804,CRR_SYS_GPU,208,CRR_SYS_SOC,56,CRR_IN,458,CRR_SYS_CPU,8,
1587935252807,PWR_SYS_GPU,2535,PWR_SYS_SOC,682,PWR_IN,5612,PWR_SYS_CPU,97,
1587935253809,VDD_SYS_GPU,12192,VDD_SYS_SOC,12192,VDD_IN,12200,VDD_SYS_CPU,12192,
1587935253811,CRR_SYS_GPU,208,CRR_SYS_SOC,56,CRR_IN,468,CRR_SYS_CPU,8,
1587935253814,PWR_SYS_GPU,2535,PWR_SYS_SOC,682,PWR_IN,5709,PWR_SYS_CPU,97,
1587935254816,VDD_SYS_GPU,12192,VDD_SYS_SOC,12192,VDD_IN,12200,VDD_SYS_CPU,12192,
1587935254818,CRR_SYS_GPU,208,CRR_SYS_SOC,52,CRR_IN,440,CRR_SYS_CPU,8,
1587935254821,PWR_SYS_GPU,2535,PWR_SYS_SOC,682,PWR_IN,5368,PWR_SYS_CPU,97,
1587935255823,VDD_SYS_GPU,12192,VDD_SYS_SOC,12192,VDD_IN,12200,VDD_SYS_CPU,12192,
1587935255825,CRR_SYS_GPU,208,CRR_SYS_SOC,52,CRR_IN,436,CRR_SYS_CPU,8,
1587935255828,PWR_SYS_GPU,2535,PWR_SYS_SOC,633,PWR_IN,5319,PWR_SYS_CPU,97,
1587935256830,VDD_SYS_GPU,12192,VDD_SYS_SOC,12192,VDD_IN,12200,VDD_SYS_CPU,12200,
1587935256832,CRR_SYS_GPU,208,CRR_SYS_SOC,52,CRR_IN,436,CRR_SYS_CPU,8,
1587935256834,PWR_SYS_GPU,2535,PWR_SYS_SOC,633,PWR_IN,5319,PWR_SYS_CPU,97,
1587935257837,VDD_SYS_GPU,12200,VDD_SYS_SOC,12192,VDD_IN,12200,VDD_SYS_CPU,12200,
1587935257839,CRR_SYS_GPU,208,CRR_SYS_SOC,56,CRR_IN,436,CRR_SYS_CPU,8,
1587935257841,PWR_SYS_GPU,2535,PWR_SYS_SOC,682,PWR_IN,5319,PWR_SYS_CPU,97,
1587935258843,VDD_SYS_GPU,12200,VDD_SYS_SOC,12192,VDD_IN,12200,VDD_SYS_CPU,12200,
1587935258845,CRR_SYS_GPU,208,CRR_SYS_SOC,52,CRR_IN,436,CRR_SYS_CPU,8,
1587935258848,PWR_SYS_GPU,2537,PWR_SYS_SOC,633,PWR_IN,5319,PWR_SYS_CPU,97,
1587935259850,VDD_SYS_GPU,12200,VDD_SYS_SOC,12192,VDD_IN,12200,VDD_SYS_CPU,12200,
1587935259852,CRR_SYS_GPU,208,CRR_SYS_SOC,56,CRR_IN,436,CRR_SYS_CPU,8,
1587935259855,PWR_SYS_GPU,2537,PWR_SYS_SOC,682,PWR_IN,5319,PWR_SYS_CPU,97,
1587935260857,VDD_SYS_GPU,12192,VDD_SYS_SOC,12192,VDD_IN,12200,VDD_SYS_CPU,12192,
1587935260859,CRR_SYS_GPU,208,CRR_SYS_SOC,56,CRR_IN,436,CRR_SYS_CPU,8,
1587935260862,PWR_SYS_GPU,2535,PWR_SYS_SOC,682,PWR_IN,5319,PWR_SYS_CPU,97,
1587935261864,VDD_SYS_GPU,12200,VDD_SYS_SOC,12192,VDD_IN,12200,VDD_SYS_CPU,12200,
1587935261866,CRR_SYS_GPU,208,CRR_SYS_SOC,52,CRR_IN,434,CRR_SYS_CPU,8,
1587935261868,PWR_SYS_GPU,2537,PWR_SYS_SOC,633,PWR_IN,5294,PWR_SYS_CPU,97,
1587935262871,VDD_SYS_GPU,12200,VDD_SYS_SOC,12192,VDD_IN,12200,VDD_SYS_CPU,12200,
1587935262873,CRR_SYS_GPU,208,CRR_SYS_SOC,52,CRR_IN,434,CRR_SYS_CPU,8,
1587935262876,PWR_SYS_GPU,2537,PWR_SYS_SOC,682,PWR_IN,5294,PWR_SYS_CPU,97,
1587935263878,VDD_SYS_GPU,12200,VDD_SYS_SOC,12192,VDD_IN,12200,VDD_SYS_CPU,12200,
1587935263880,CRR_SYS_GPU,208,CRR_SYS_SOC,56,CRR_IN,432,CRR_SYS_CPU,8,
1587935263883,PWR_SYS_GPU,2537,PWR_SYS_SOC,682,PWR_IN,5270,PWR_SYS_CPU,97,
1587935264885,VDD_SYS_GPU,12200,VDD_SYS_SOC,12192,VDD_IN,12208,VDD_SYS_CPU,12200,
1587935264887,CRR_SYS_GPU,208,CRR_SYS_SOC,56,CRR_IN,432,CRR_SYS_CPU,8,
1587935264890,PWR_SYS_GPU,2537,PWR_SYS_SOC,682,PWR_IN,5273,PWR_SYS_CPU,97,
1587935265892,VDD_SYS_GPU,12200,VDD_SYS_SOC,12192,VDD_IN,12208,VDD_SYS_CPU,12200,
1587935265894,CRR_SYS_GPU,208,CRR_SYS_SOC,52,CRR_IN,432,CRR_SYS_CPU,8,
1587935265897,PWR_SYS_GPU,2537,PWR_SYS_SOC,633,PWR_IN,5270,PWR_SYS_CPU,97,
1587935266899,VDD_SYS_GPU,12200,VDD_SYS_SOC,12192,VDD_IN,12200,VDD_SYS_CPU,12200,
1587935266901,CRR_SYS_GPU,208,CRR_SYS_SOC,52,CRR_IN,434,CRR_SYS_CPU,8,
1587935266903,PWR_SYS_GPU,2537,PWR_SYS_SOC,682,PWR_IN,5294,PWR_SYS_CPU,97,
1587935267905,VDD_SYS_GPU,12200,VDD_SYS_SOC,12192,VDD_IN,12200,VDD_SYS_CPU,12200,
1587935267908,CRR_SYS_GPU,208,CRR_SYS_SOC,56,CRR_IN,434,CRR_SYS_CPU,8,
1587935267911,PWR_SYS_GPU,2537,PWR_SYS_SOC,682,PWR_IN,5294,PWR_SYS_CPU,97,
1587935268913,VDD_SYS_GPU,12200,VDD_SYS_SOC,12192,VDD_IN,12200,VDD_SYS_CPU,12200,
1587935268915,CRR_SYS_GPU,208,CRR_SYS_SOC,56,CRR_IN,434,CRR_SYS_CPU,8,
1587935268918,PWR_SYS_GPU,2537,PWR_SYS_SOC,682,PWR_IN,5294,PWR_SYS_CPU,97,
1587935269920,VDD_SYS_GPU,12200,VDD_SYS_SOC,12192,VDD_IN,12200,VDD_SYS_CPU,12200,
1587935269922,CRR_SYS_GPU,208,CRR_SYS_SOC,56,CRR_IN,436,CRR_SYS_CPU,8,
1587935269925,PWR_SYS_GPU,2535,PWR_SYS_SOC,682,PWR_IN,5319,PWR_SYS_CPU,97,
1587935270927,VDD_SYS_GPU,12200,VDD_SYS_SOC,12192,VDD_IN,12200,VDD_SYS_CPU,12200,
1587935270929,CRR_SYS_GPU,208,CRR_SYS_SOC,52,CRR_IN,432,CRR_SYS_CPU,8,
1587935270931,PWR_SYS_GPU,2537,PWR_SYS_SOC,633,PWR_IN,5270,PWR_SYS_CPU,97,
1587935271933,VDD_SYS_GPU,12200,VDD_SYS_SOC,12192,VDD_IN,12200,VDD_SYS_CPU,12200,
1587935271936,CRR_SYS_GPU,208,CRR_SYS_SOC,52,CRR_IN,434,CRR_SYS_CPU,8,
1587935271938,PWR_SYS_GPU,2537,PWR_SYS_SOC,633,PWR_IN,5294,PWR_SYS_CPU,97,
1587935272941,VDD_SYS_GPU,12200,VDD_SYS_SOC,12192,VDD_IN,12200,VDD_SYS_CPU,12200,
1587935272943,CRR_SYS_GPU,208,CRR_SYS_SOC,56,CRR_IN,434,CRR_SYS_CPU,8,
1587935272946,PWR_SYS_GPU,2537,PWR_SYS_SOC,682,PWR_IN,5294,PWR_SYS_CPU,97,
1587935273948,VDD_SYS_GPU,12200,VDD_SYS_SOC,12192,VDD_IN,12200,VDD_SYS_CPU,12200,
1587935273950,CRR_SYS_GPU,208,CRR_SYS_SOC,52,CRR_IN,434,CRR_SYS_CPU,8,
1587935273953,PWR_SYS_GPU,2537,PWR_SYS_SOC,633,PWR_IN,5294,PWR_SYS_CPU,97,
1587935274955,VDD_SYS_GPU,12192,VDD_SYS_SOC,12192,VDD_IN,12200,VDD_SYS_CPU,12200,
1587935274957,CRR_SYS_GPU,208,CRR_SYS_SOC,56,CRR_IN,436,CRR_SYS_CPU,8,
1587935274960,PWR_SYS_GPU,2537,PWR_SYS_SOC,682,PWR_IN,5319,PWR_SYS_CPU,97,
1587935275962,VDD_SYS_GPU,12200,VDD_SYS_SOC,12192,VDD_IN,12200,VDD_SYS_CPU,12200,
1587935275964,CRR_SYS_GPU,208,CRR_SYS_SOC,52,CRR_IN,434,CRR_SYS_CPU,8,
1587935275966,PWR_SYS_GPU,2537,PWR_SYS_SOC,633,PWR_IN,5294,PWR_SYS_CPU,97,
1587935276969,VDD_SYS_GPU,12200,VDD_SYS_SOC,12192,VDD_IN,12200,VDD_SYS_CPU,12200,
1587935276970,CRR_SYS_GPU,208,CRR_SYS_SOC,56,CRR_IN,436,CRR_SYS_CPU,8,
1587935276973,PWR_SYS_GPU,2537,PWR_SYS_SOC,682,PWR_IN,5319,PWR_SYS_CPU,97,
1587935277975,VDD_SYS_GPU,12200,VDD_SYS_SOC,12192,VDD_IN,12200,VDD_SYS_CPU,12200,
1587935277978,CRR_SYS_GPU,208,CRR_SYS_SOC,56,CRR_IN,436,CRR_SYS_CPU,8,
1587935277980,PWR_SYS_GPU,2535,PWR_SYS_SOC,682,PWR_IN,5319,PWR_SYS_CPU,97,
1587935278982,VDD_SYS_GPU,12200,VDD_SYS_SOC,12192,VDD_IN,12200,VDD_SYS_CPU,12200,
1587935278984,CRR_SYS_GPU,208,CRR_SYS_SOC,56,CRR_IN,432,CRR_SYS_CPU,8,
1587935278986,PWR_SYS_GPU,2537,PWR_SYS_SOC,682,PWR_IN,5270,PWR_SYS_CPU,97,
1587935279989,VDD_SYS_GPU,12200,VDD_SYS_SOC,12192,VDD_IN,12200,VDD_SYS_CPU,12200,
1587935279990,CRR_SYS_GPU,208,CRR_SYS_SOC,56,CRR_IN,434,CRR_SYS_CPU,8,
1587935279993,PWR_SYS_GPU,2537,PWR_SYS_SOC,682,PWR_IN,5294,PWR_SYS_CPU,97,
1587935280996,VDD_SYS_GPU,12200,VDD_SYS_SOC,12192,VDD_IN,12200,VDD_SYS_CPU,12200,
1587935280997,CRR_SYS_GPU,208,CRR_SYS_SOC,56,CRR_IN,436,CRR_SYS_CPU,8,
1587935281000,PWR_SYS_GPU,2537,PWR_SYS_SOC,682,PWR_IN,5319,PWR_SYS_CPU,97,
1587935282002,VDD_SYS_GPU,12192,VDD_SYS_SOC,12192,VDD_IN,12200,VDD_SYS_CPU,12192,
1587935282004,CRR_SYS_GPU,208,CRR_SYS_SOC,56,CRR_IN,436,CRR_SYS_CPU,8,
1587935282007,PWR_SYS_GPU,2535,PWR_SYS_SOC,682,PWR_IN,5319,PWR_SYS_CPU,97,
1587935283009,VDD_SYS_GPU,12192,VDD_SYS_SOC,12192,VDD_IN,12200,VDD_SYS_CPU,12192,
1587935283011,CRR_SYS_GPU,208,CRR_SYS_SOC,52,CRR_IN,436,CRR_SYS_CPU,8,
1587935283014,PWR_SYS_GPU,2535,PWR_SYS_SOC,633,PWR_IN,5319,PWR_SYS_CPU,97,
1587935283527,state,done matching images
1587935283527,state,MATCHING
1587935283527,state,TRIANGULATE
1587935283682,state,TRIANGULATE
1587935283682,state,FILTER
1587935284017,VDD_SYS_GPU,12216,VDD_SYS_SOC,12208,VDD_IN,12216,VDD_SYS_CPU,12208,
1587935284018,CRR_SYS_GPU,104,CRR_SYS_SOC,52,CRR_IN,310,CRR_SYS_CPU,16,
1587935284021,PWR_SYS_GPU,1270,PWR_SYS_SOC,634,PWR_IN,3786,PWR_SYS_CPU,195,
1587935285022,VDD_SYS_GPU,12216,VDD_SYS_SOC,12216,VDD_IN,12216,VDD_SYS_CPU,12216,
1587935285024,CRR_SYS_GPU,76,CRR_SYS_SOC,52,CRR_IN,272,CRR_SYS_CPU,12,
1587935285026,PWR_SYS_GPU,928,PWR_SYS_SOC,635,PWR_IN,3322,PWR_SYS_CPU,146,
1587935286028,VDD_SYS_GPU,12216,VDD_SYS_SOC,12216,VDD_IN,12216,VDD_SYS_CPU,12216,
1587935286030,CRR_SYS_GPU,76,CRR_SYS_SOC,52,CRR_IN,270,CRR_SYS_CPU,12,
1587935286032,PWR_SYS_GPU,928,PWR_SYS_SOC,635,PWR_IN,3298,PWR_SYS_CPU,146,
1587935286534,state,FILTER
1587935286534,state,BA
1587935286534,state,BA
1587935286535,state,end
