1587939447475,Log Generated,out/ssrlcv.log
1587939447475,state,start
1587939447475,state,SEED
1587939447502,VDD_SYS_GPU,12224,VDD_SYS_SOC,12224,VDD_IN,12224,VDD_SYS_CPU,12224,
1587939447503,CRR_SYS_GPU,4,CRR_SYS_SOC,32,CRR_IN,130,CRR_SYS_CPU,16,
1587939447504,PWR_SYS_GPU,48,PWR_SYS_SOC,390,PWR_IN,1589,PWR_SYS_CPU,195,
1587939448506,VDD_SYS_GPU,12176,VDD_SYS_SOC,12176,VDD_IN,12184,VDD_SYS_CPU,12176,
1587939448508,CRR_SYS_GPU,316,CRR_SYS_SOC,44,CRR_IN,506,CRR_SYS_CPU,16,
1587939448511,PWR_SYS_GPU,3847,PWR_SYS_SOC,535,PWR_IN,6165,PWR_SYS_CPU,194,
1587939449513,VDD_SYS_GPU,12144,VDD_SYS_SOC,12144,VDD_IN,12160,VDD_SYS_CPU,12152,
1587939449514,CRR_SYS_GPU,512,CRR_SYS_SOC,48,CRR_IN,702,CRR_SYS_CPU,12,
1587939449517,PWR_SYS_GPU,6217,PWR_SYS_SOC,582,PWR_IN,8536,PWR_SYS_CPU,145,
1587939450519,VDD_SYS_GPU,12144,VDD_SYS_SOC,12144,VDD_IN,12160,VDD_SYS_CPU,12144,
1587939450521,CRR_SYS_GPU,544,CRR_SYS_SOC,48,CRR_IN,732,CRR_SYS_CPU,8,
1587939450524,PWR_SYS_GPU,6606,PWR_SYS_SOC,582,PWR_IN,8901,PWR_SYS_CPU,97,
1587939451526,VDD_SYS_GPU,12136,VDD_SYS_SOC,12136,VDD_IN,12152,VDD_SYS_CPU,12144,
1587939451528,CRR_SYS_GPU,572,CRR_SYS_SOC,48,CRR_IN,756,CRR_SYS_CPU,8,
1587939451530,PWR_SYS_GPU,6941,PWR_SYS_SOC,582,PWR_IN,9186,PWR_SYS_CPU,97,
1587939452533,VDD_SYS_GPU,12168,VDD_SYS_SOC,12168,VDD_IN,12184,VDD_SYS_CPU,12176,
1587939452535,CRR_SYS_GPU,328,CRR_SYS_SOC,48,CRR_IN,560,CRR_SYS_CPU,44,
1587939452539,PWR_SYS_GPU,3991,PWR_SYS_SOC,584,PWR_IN,6847,PWR_SYS_CPU,535,
1587939453541,VDD_SYS_GPU,12144,VDD_SYS_SOC,12144,VDD_IN,12160,VDD_SYS_CPU,12144,
1587939453543,CRR_SYS_GPU,540,CRR_SYS_SOC,48,CRR_IN,724,CRR_SYS_CPU,12,
1587939453545,PWR_SYS_GPU,6557,PWR_SYS_SOC,582,PWR_IN,8803,PWR_SYS_CPU,145,
1587939454548,VDD_SYS_GPU,12192,VDD_SYS_SOC,12192,VDD_IN,12200,VDD_SYS_CPU,12192,
1587939454550,CRR_SYS_GPU,232,CRR_SYS_SOC,48,CRR_IN,434,CRR_SYS_CPU,20,
1587939454553,PWR_SYS_GPU,2828,PWR_SYS_SOC,585,PWR_IN,5294,PWR_SYS_CPU,243,
1587939455555,VDD_SYS_GPU,12208,VDD_SYS_SOC,12208,VDD_IN,12216,VDD_SYS_CPU,12208,
1587939455557,CRR_SYS_GPU,116,CRR_SYS_SOC,52,CRR_IN,344,CRR_SYS_CPU,36,
1587939455559,PWR_SYS_GPU,1416,PWR_SYS_SOC,634,PWR_IN,4177,PWR_SYS_CPU,439,
1587939456561,VDD_SYS_GPU,12216,VDD_SYS_SOC,12216,VDD_IN,12224,VDD_SYS_CPU,12216,
1587939456563,CRR_SYS_GPU,124,CRR_SYS_SOC,48,CRR_IN,304,CRR_SYS_CPU,8,
1587939456566,PWR_SYS_GPU,1514,PWR_SYS_SOC,586,PWR_IN,3716,PWR_SYS_CPU,97,
1587939456753,state,SEED
1587939456753,state,FEATURES
1587939457568,VDD_SYS_GPU,12160,VDD_SYS_SOC,12160,VDD_IN,12176,VDD_SYS_CPU,12160,
1587939457570,CRR_SYS_GPU,420,CRR_SYS_SOC,48,CRR_IN,620,CRR_SYS_CPU,16,
1587939457573,PWR_SYS_GPU,5107,PWR_SYS_SOC,583,PWR_IN,7573,PWR_SYS_CPU,194,
1587939458576,VDD_SYS_GPU,12144,VDD_SYS_SOC,12144,VDD_IN,12160,VDD_SYS_CPU,12152,
1587939458577,CRR_SYS_GPU,512,CRR_SYS_SOC,48,CRR_IN,708,CRR_SYS_CPU,12,
1587939458580,PWR_SYS_GPU,6217,PWR_SYS_SOC,582,PWR_IN,8609,PWR_SYS_CPU,145,
1587939459582,VDD_SYS_GPU,12136,VDD_SYS_SOC,12136,VDD_IN,12152,VDD_SYS_CPU,12144,
1587939459584,CRR_SYS_GPU,572,CRR_SYS_SOC,48,CRR_IN,760,CRR_SYS_CPU,8,
1587939459587,PWR_SYS_GPU,6941,PWR_SYS_SOC,582,PWR_IN,9235,PWR_SYS_CPU,97,
1587939460589,VDD_SYS_GPU,12136,VDD_SYS_SOC,12136,VDD_IN,12152,VDD_SYS_CPU,12136,
1587939460591,CRR_SYS_GPU,580,CRR_SYS_SOC,48,CRR_IN,764,CRR_SYS_CPU,8,
1587939460594,PWR_SYS_GPU,7038,PWR_SYS_SOC,582,PWR_IN,9284,PWR_SYS_CPU,97,
1587939461596,VDD_SYS_GPU,12136,VDD_SYS_SOC,12136,VDD_IN,12152,VDD_SYS_CPU,12136,
1587939461598,CRR_SYS_GPU,584,CRR_SYS_SOC,48,CRR_IN,770,CRR_SYS_CPU,8,
1587939461601,PWR_SYS_GPU,7087,PWR_SYS_SOC,582,PWR_IN,9357,PWR_SYS_CPU,97,
1587939462602,VDD_SYS_GPU,12184,VDD_SYS_SOC,12176,VDD_IN,12192,VDD_SYS_CPU,12184,
1587939462604,CRR_SYS_GPU,268,CRR_SYS_SOC,48,CRR_IN,514,CRR_SYS_CPU,60,
1587939462606,PWR_SYS_GPU,3265,PWR_SYS_SOC,584,PWR_IN,6266,PWR_SYS_CPU,731,
1587939463609,VDD_SYS_GPU,12144,VDD_SYS_SOC,12144,VDD_IN,12160,VDD_SYS_CPU,12144,
1587939463611,CRR_SYS_GPU,528,CRR_SYS_SOC,48,CRR_IN,716,CRR_SYS_CPU,12,
1587939463613,PWR_SYS_GPU,6412,PWR_SYS_SOC,582,PWR_IN,8706,PWR_SYS_CPU,145,
1587939464615,VDD_SYS_GPU,12160,VDD_SYS_SOC,12160,VDD_IN,12176,VDD_SYS_CPU,12160,
1587939464616,CRR_SYS_GPU,412,CRR_SYS_SOC,48,CRR_IN,612,CRR_SYS_CPU,20,
1587939464618,PWR_SYS_GPU,4961,PWR_SYS_SOC,583,PWR_IN,7451,PWR_SYS_CPU,243,
1587939465619,VDD_SYS_GPU,12208,VDD_SYS_SOC,12200,VDD_IN,12208,VDD_SYS_CPU,12208,
1587939465620,CRR_SYS_GPU,140,CRR_SYS_SOC,48,CRR_IN,372,CRR_SYS_CPU,44,
1587939465621,PWR_SYS_GPU,1709,PWR_SYS_SOC,585,PWR_IN,4541,PWR_SYS_CPU,537,
1587939466624,VDD_SYS_GPU,12208,VDD_SYS_SOC,12208,VDD_IN,12216,VDD_SYS_CPU,12208,
1587939466625,CRR_SYS_GPU,116,CRR_SYS_SOC,52,CRR_IN,334,CRR_SYS_CPU,24,
1587939466628,PWR_SYS_GPU,1416,PWR_SYS_SOC,634,PWR_IN,4080,PWR_SYS_CPU,292,
1587939467630,VDD_SYS_GPU,12216,VDD_SYS_SOC,12216,VDD_IN,12224,VDD_SYS_CPU,12216,
1587939467632,CRR_SYS_GPU,124,CRR_SYS_SOC,48,CRR_IN,306,CRR_SYS_CPU,8,
1587939467634,PWR_SYS_GPU,1514,PWR_SYS_SOC,586,PWR_IN,3764,PWR_SYS_CPU,97,
1587939468637,VDD_SYS_GPU,12216,VDD_SYS_SOC,12216,VDD_IN,12224,VDD_SYS_CPU,12216,
1587939468638,CRR_SYS_GPU,124,CRR_SYS_SOC,48,CRR_IN,306,CRR_SYS_CPU,8,
1587939468641,PWR_SYS_GPU,1514,PWR_SYS_SOC,586,PWR_IN,3740,PWR_SYS_CPU,97,
1587939469643,VDD_SYS_GPU,12216,VDD_SYS_SOC,12216,VDD_IN,12224,VDD_SYS_CPU,12216,
1587939469645,CRR_SYS_GPU,124,CRR_SYS_SOC,48,CRR_IN,306,CRR_SYS_CPU,8,
1587939469648,PWR_SYS_GPU,1514,PWR_SYS_SOC,586,PWR_IN,3740,PWR_SYS_CPU,97,
1587939470650,VDD_SYS_GPU,12168,VDD_SYS_SOC,12168,VDD_IN,12176,VDD_SYS_CPU,12168,
1587939470652,CRR_SYS_GPU,380,CRR_SYS_SOC,48,CRR_IN,588,CRR_SYS_CPU,20,
1587939470654,PWR_SYS_GPU,4623,PWR_SYS_SOC,584,PWR_IN,7159,PWR_SYS_CPU,243,
1587939471657,VDD_SYS_GPU,12144,VDD_SYS_SOC,12152,VDD_IN,12160,VDD_SYS_CPU,12152,
1587939471658,CRR_SYS_GPU,496,CRR_SYS_SOC,48,CRR_IN,696,CRR_SYS_CPU,16,
1587939471661,PWR_SYS_GPU,6023,PWR_SYS_SOC,583,PWR_IN,8463,PWR_SYS_CPU,194,
1587939472663,VDD_SYS_GPU,12136,VDD_SYS_SOC,12136,VDD_IN,12152,VDD_SYS_CPU,12144,
1587939472666,CRR_SYS_GPU,572,CRR_SYS_SOC,48,CRR_IN,760,CRR_SYS_CPU,8,
1587939472668,PWR_SYS_GPU,6941,PWR_SYS_SOC,582,PWR_IN,9235,PWR_SYS_CPU,97,
1587939473670,VDD_SYS_GPU,12136,VDD_SYS_SOC,12136,VDD_IN,12152,VDD_SYS_CPU,12136,
1587939473672,CRR_SYS_GPU,576,CRR_SYS_SOC,48,CRR_IN,782,CRR_SYS_CPU,8,
1587939473674,PWR_SYS_GPU,6990,PWR_SYS_SOC,582,PWR_IN,9502,PWR_SYS_CPU,97,
1587939474677,VDD_SYS_GPU,12128,VDD_SYS_SOC,12128,VDD_IN,12144,VDD_SYS_CPU,12136,
1587939474678,CRR_SYS_GPU,588,CRR_SYS_SOC,48,CRR_IN,802,CRR_SYS_CPU,8,
1587939474681,PWR_SYS_GPU,7131,PWR_SYS_SOC,582,PWR_IN,9739,PWR_SYS_CPU,97,
1587939475682,VDD_SYS_GPU,12168,VDD_SYS_SOC,12168,VDD_IN,12184,VDD_SYS_CPU,12176,
1587939475683,CRR_SYS_GPU,328,CRR_SYS_SOC,52,CRR_IN,566,CRR_SYS_CPU,44,
1587939475685,PWR_SYS_GPU,3991,PWR_SYS_SOC,632,PWR_IN,6896,PWR_SYS_CPU,584,
1587939476687,VDD_SYS_GPU,12144,VDD_SYS_SOC,12144,VDD_IN,12160,VDD_SYS_CPU,12152,
1587939476689,CRR_SYS_GPU,516,CRR_SYS_SOC,48,CRR_IN,706,CRR_SYS_CPU,16,
1587939476692,PWR_SYS_GPU,6266,PWR_SYS_SOC,582,PWR_IN,8584,PWR_SYS_CPU,194,
1587939477693,VDD_SYS_GPU,12160,VDD_SYS_SOC,12160,VDD_IN,12168,VDD_SYS_CPU,12160,
1587939477695,CRR_SYS_GPU,444,CRR_SYS_SOC,48,CRR_IN,638,CRR_SYS_CPU,16,
1587939477697,PWR_SYS_GPU,5399,PWR_SYS_SOC,583,PWR_IN,7763,PWR_SYS_CPU,194,
1587939478698,VDD_SYS_GPU,12200,VDD_SYS_SOC,12200,VDD_IN,12208,VDD_SYS_CPU,12200,
1587939478699,CRR_SYS_GPU,168,CRR_SYS_SOC,48,CRR_IN,380,CRR_SYS_CPU,24,
1587939478701,PWR_SYS_GPU,2049,PWR_SYS_SOC,585,PWR_IN,4639,PWR_SYS_CPU,292,
1587939479703,VDD_SYS_GPU,12208,VDD_SYS_SOC,12208,VDD_IN,12216,VDD_SYS_CPU,12208,
1587939479705,CRR_SYS_GPU,116,CRR_SYS_SOC,52,CRR_IN,346,CRR_SYS_CPU,28,
1587939479708,PWR_SYS_GPU,1416,PWR_SYS_SOC,634,PWR_IN,4226,PWR_SYS_CPU,341,
1587939480710,VDD_SYS_GPU,12216,VDD_SYS_SOC,12216,VDD_IN,12224,VDD_SYS_CPU,12216,
1587939480712,CRR_SYS_GPU,124,CRR_SYS_SOC,48,CRR_IN,308,CRR_SYS_CPU,8,
1587939480714,PWR_SYS_GPU,1514,PWR_SYS_SOC,586,PWR_IN,3764,PWR_SYS_CPU,97,
1587939481717,VDD_SYS_GPU,12216,VDD_SYS_SOC,12216,VDD_IN,12224,VDD_SYS_CPU,12216,
1587939481719,CRR_SYS_GPU,124,CRR_SYS_SOC,48,CRR_IN,306,CRR_SYS_CPU,8,
1587939481721,PWR_SYS_GPU,1514,PWR_SYS_SOC,586,PWR_IN,3740,PWR_SYS_CPU,97,
1587939482723,VDD_SYS_GPU,12216,VDD_SYS_SOC,12216,VDD_IN,12224,VDD_SYS_CPU,12216,
1587939482727,CRR_SYS_GPU,124,CRR_SYS_SOC,48,CRR_IN,308,CRR_SYS_CPU,8,
1587939482729,PWR_SYS_GPU,1514,PWR_SYS_SOC,586,PWR_IN,3764,PWR_SYS_CPU,97,
1587939483445,state,FEATURES
1587939483445,state,MATCHING
1587939483731,VDD_SYS_GPU,12200,VDD_SYS_SOC,12200,VDD_IN,12208,VDD_SYS_CPU,12200,
1587939483733,CRR_SYS_GPU,164,CRR_SYS_SOC,52,CRR_IN,374,CRR_SYS_CPU,16,
1587939483736,PWR_SYS_GPU,2000,PWR_SYS_SOC,634,PWR_IN,4590,PWR_SYS_CPU,195,
1587939484738,VDD_SYS_GPU,12200,VDD_SYS_SOC,12192,VDD_IN,12208,VDD_SYS_CPU,12200,
1587939484740,CRR_SYS_GPU,204,CRR_SYS_SOC,52,CRR_IN,416,CRR_SYS_CPU,8,
1587939484743,PWR_SYS_GPU,2488,PWR_SYS_SOC,633,PWR_IN,5078,PWR_SYS_CPU,97,
1587939485745,VDD_SYS_GPU,12200,VDD_SYS_SOC,12192,VDD_IN,12200,VDD_SYS_CPU,12200,
1587939485747,CRR_SYS_GPU,204,CRR_SYS_SOC,52,CRR_IN,422,CRR_SYS_CPU,8,
1587939485749,PWR_SYS_GPU,2488,PWR_SYS_SOC,633,PWR_IN,5151,PWR_SYS_CPU,97,
1587939486751,VDD_SYS_GPU,12200,VDD_SYS_SOC,12192,VDD_IN,12208,VDD_SYS_CPU,12200,
1587939486753,CRR_SYS_GPU,208,CRR_SYS_SOC,52,CRR_IN,422,CRR_SYS_CPU,8,
1587939486756,PWR_SYS_GPU,2537,PWR_SYS_SOC,633,PWR_IN,5151,PWR_SYS_CPU,97,
1587939487758,VDD_SYS_GPU,12200,VDD_SYS_SOC,12192,VDD_IN,12208,VDD_SYS_CPU,12200,
1587939487760,CRR_SYS_GPU,204,CRR_SYS_SOC,52,CRR_IN,420,CRR_SYS_CPU,8,
1587939487763,PWR_SYS_GPU,2488,PWR_SYS_SOC,633,PWR_IN,5124,PWR_SYS_CPU,97,
1587939488765,VDD_SYS_GPU,12200,VDD_SYS_SOC,12192,VDD_IN,12200,VDD_SYS_CPU,12200,
1587939488767,CRR_SYS_GPU,204,CRR_SYS_SOC,52,CRR_IN,424,CRR_SYS_CPU,8,
1587939488769,PWR_SYS_GPU,2488,PWR_SYS_SOC,633,PWR_IN,5172,PWR_SYS_CPU,97,
1587939489771,VDD_SYS_GPU,12200,VDD_SYS_SOC,12192,VDD_IN,12200,VDD_SYS_CPU,12200,
1587939489773,CRR_SYS_GPU,204,CRR_SYS_SOC,52,CRR_IN,424,CRR_SYS_CPU,8,
1587939489776,PWR_SYS_GPU,2488,PWR_SYS_SOC,633,PWR_IN,5172,PWR_SYS_CPU,97,
1587939490778,VDD_SYS_GPU,12192,VDD_SYS_SOC,12192,VDD_IN,12200,VDD_SYS_CPU,12200,
1587939490780,CRR_SYS_GPU,204,CRR_SYS_SOC,52,CRR_IN,424,CRR_SYS_CPU,8,
1587939490783,PWR_SYS_GPU,2487,PWR_SYS_SOC,633,PWR_IN,5172,PWR_SYS_CPU,97,
1587939491785,VDD_SYS_GPU,12200,VDD_SYS_SOC,12192,VDD_IN,12200,VDD_SYS_CPU,12200,
1587939491787,CRR_SYS_GPU,204,CRR_SYS_SOC,52,CRR_IN,424,CRR_SYS_CPU,8,
1587939491790,PWR_SYS_GPU,2488,PWR_SYS_SOC,633,PWR_IN,5172,PWR_SYS_CPU,97,
1587939492792,VDD_SYS_GPU,12200,VDD_SYS_SOC,12192,VDD_IN,12200,VDD_SYS_CPU,12200,
1587939492794,CRR_SYS_GPU,208,CRR_SYS_SOC,52,CRR_IN,422,CRR_SYS_CPU,8,
1587939492796,PWR_SYS_GPU,2537,PWR_SYS_SOC,633,PWR_IN,5148,PWR_SYS_CPU,97,
1587939493798,VDD_SYS_GPU,12200,VDD_SYS_SOC,12192,VDD_IN,12200,VDD_SYS_CPU,12200,
1587939493800,CRR_SYS_GPU,204,CRR_SYS_SOC,52,CRR_IN,420,CRR_SYS_CPU,8,
1587939493803,PWR_SYS_GPU,2488,PWR_SYS_SOC,633,PWR_IN,5124,PWR_SYS_CPU,97,
1587939494805,VDD_SYS_GPU,12192,VDD_SYS_SOC,12192,VDD_IN,12200,VDD_SYS_CPU,12200,
1587939494807,CRR_SYS_GPU,204,CRR_SYS_SOC,52,CRR_IN,428,CRR_SYS_CPU,8,
1587939494810,PWR_SYS_GPU,2487,PWR_SYS_SOC,633,PWR_IN,5221,PWR_SYS_CPU,97,
1587939495812,VDD_SYS_GPU,12192,VDD_SYS_SOC,12192,VDD_IN,12200,VDD_SYS_CPU,12192,
1587939495814,CRR_SYS_GPU,204,CRR_SYS_SOC,52,CRR_IN,428,CRR_SYS_CPU,8,
1587939495817,PWR_SYS_GPU,2487,PWR_SYS_SOC,633,PWR_IN,5246,PWR_SYS_CPU,97,
1587939496819,VDD_SYS_GPU,12192,VDD_SYS_SOC,12192,VDD_IN,12200,VDD_SYS_CPU,12200,
1587939496821,CRR_SYS_GPU,204,CRR_SYS_SOC,52,CRR_IN,430,CRR_SYS_CPU,8,
1587939496824,PWR_SYS_GPU,2487,PWR_SYS_SOC,633,PWR_IN,5246,PWR_SYS_CPU,97,
1587939497826,VDD_SYS_GPU,12192,VDD_SYS_SOC,12192,VDD_IN,12200,VDD_SYS_CPU,12192,
1587939497828,CRR_SYS_GPU,204,CRR_SYS_SOC,52,CRR_IN,430,CRR_SYS_CPU,8,
1587939497831,PWR_SYS_GPU,2487,PWR_SYS_SOC,633,PWR_IN,5246,PWR_SYS_CPU,97,
1587939498833,VDD_SYS_GPU,12192,VDD_SYS_SOC,12192,VDD_IN,12200,VDD_SYS_CPU,12192,
1587939498835,CRR_SYS_GPU,204,CRR_SYS_SOC,52,CRR_IN,430,CRR_SYS_CPU,8,
1587939498838,PWR_SYS_GPU,2487,PWR_SYS_SOC,633,PWR_IN,5246,PWR_SYS_CPU,97,
1587939499840,VDD_SYS_GPU,12192,VDD_SYS_SOC,12192,VDD_IN,12200,VDD_SYS_CPU,12200,
1587939499842,CRR_SYS_GPU,204,CRR_SYS_SOC,52,CRR_IN,430,CRR_SYS_CPU,8,
1587939499845,PWR_SYS_GPU,2487,PWR_SYS_SOC,633,PWR_IN,5246,PWR_SYS_CPU,97,
1587939500847,VDD_SYS_GPU,12192,VDD_SYS_SOC,12192,VDD_IN,12200,VDD_SYS_CPU,12192,
1587939500849,CRR_SYS_GPU,204,CRR_SYS_SOC,52,CRR_IN,430,CRR_SYS_CPU,8,
1587939500852,PWR_SYS_GPU,2487,PWR_SYS_SOC,633,PWR_IN,5246,PWR_SYS_CPU,97,
1587939501854,VDD_SYS_GPU,12192,VDD_SYS_SOC,12192,VDD_IN,12200,VDD_SYS_CPU,12192,
1587939501856,CRR_SYS_GPU,204,CRR_SYS_SOC,52,CRR_IN,430,CRR_SYS_CPU,8,
1587939501859,PWR_SYS_GPU,2487,PWR_SYS_SOC,633,PWR_IN,5246,PWR_SYS_CPU,97,
1587939502861,VDD_SYS_GPU,12192,VDD_SYS_SOC,12192,VDD_IN,12200,VDD_SYS_CPU,12192,
1587939502863,CRR_SYS_GPU,204,CRR_SYS_SOC,52,CRR_IN,430,CRR_SYS_CPU,8,
1587939502866,PWR_SYS_GPU,2487,PWR_SYS_SOC,633,PWR_IN,5246,PWR_SYS_CPU,97,
1587939503869,VDD_SYS_GPU,12192,VDD_SYS_SOC,12192,VDD_IN,12200,VDD_SYS_CPU,12192,
1587939503870,CRR_SYS_GPU,204,CRR_SYS_SOC,52,CRR_IN,430,CRR_SYS_CPU,8,
1587939503873,PWR_SYS_GPU,2487,PWR_SYS_SOC,633,PWR_IN,5246,PWR_SYS_CPU,97,
1587939504875,VDD_SYS_GPU,12192,VDD_SYS_SOC,12192,VDD_IN,12200,VDD_SYS_CPU,12200,
1587939504877,CRR_SYS_GPU,204,CRR_SYS_SOC,52,CRR_IN,426,CRR_SYS_CPU,8,
1587939504880,PWR_SYS_GPU,2487,PWR_SYS_SOC,633,PWR_IN,5197,PWR_SYS_CPU,97,
1587939505882,VDD_SYS_GPU,12192,VDD_SYS_SOC,12192,VDD_IN,12200,VDD_SYS_CPU,12200,
1587939505884,CRR_SYS_GPU,204,CRR_SYS_SOC,52,CRR_IN,428,CRR_SYS_CPU,8,
1587939505887,PWR_SYS_GPU,2487,PWR_SYS_SOC,633,PWR_IN,5221,PWR_SYS_CPU,97,
1587939506889,VDD_SYS_GPU,12192,VDD_SYS_SOC,12192,VDD_IN,12200,VDD_SYS_CPU,12192,
1587939506891,CRR_SYS_GPU,204,CRR_SYS_SOC,52,CRR_IN,430,CRR_SYS_CPU,8,
1587939506893,PWR_SYS_GPU,2487,PWR_SYS_SOC,633,PWR_IN,5246,PWR_SYS_CPU,97,
1587939507895,VDD_SYS_GPU,12192,VDD_SYS_SOC,12192,VDD_IN,12200,VDD_SYS_CPU,12192,
1587939507897,CRR_SYS_GPU,204,CRR_SYS_SOC,52,CRR_IN,430,CRR_SYS_CPU,8,
1587939507900,PWR_SYS_GPU,2487,PWR_SYS_SOC,633,PWR_IN,5246,PWR_SYS_CPU,97,
1587939508902,VDD_SYS_GPU,12192,VDD_SYS_SOC,12192,VDD_IN,12200,VDD_SYS_CPU,12192,
1587939508904,CRR_SYS_GPU,204,CRR_SYS_SOC,52,CRR_IN,430,CRR_SYS_CPU,8,
1587939508906,PWR_SYS_GPU,2487,PWR_SYS_SOC,633,PWR_IN,5246,PWR_SYS_CPU,97,
1587939509909,VDD_SYS_GPU,12192,VDD_SYS_SOC,12192,VDD_IN,12200,VDD_SYS_CPU,12200,
1587939509910,CRR_SYS_GPU,204,CRR_SYS_SOC,52,CRR_IN,430,CRR_SYS_CPU,8,
1587939509913,PWR_SYS_GPU,2487,PWR_SYS_SOC,633,PWR_IN,5246,PWR_SYS_CPU,97,
1587939510915,VDD_SYS_GPU,12192,VDD_SYS_SOC,12192,VDD_IN,12200,VDD_SYS_CPU,12192,
1587939510917,CRR_SYS_GPU,204,CRR_SYS_SOC,52,CRR_IN,430,CRR_SYS_CPU,8,
1587939510920,PWR_SYS_GPU,2487,PWR_SYS_SOC,633,PWR_IN,5246,PWR_SYS_CPU,97,
1587939511922,VDD_SYS_GPU,12192,VDD_SYS_SOC,12192,VDD_IN,12200,VDD_SYS_CPU,12200,
1587939511924,CRR_SYS_GPU,204,CRR_SYS_SOC,52,CRR_IN,428,CRR_SYS_CPU,8,
1587939511927,PWR_SYS_GPU,2487,PWR_SYS_SOC,633,PWR_IN,5221,PWR_SYS_CPU,97,
1587939512929,VDD_SYS_GPU,12192,VDD_SYS_SOC,12192,VDD_IN,12200,VDD_SYS_CPU,12192,
1587939512931,CRR_SYS_GPU,204,CRR_SYS_SOC,52,CRR_IN,428,CRR_SYS_CPU,8,
1587939512934,PWR_SYS_GPU,2487,PWR_SYS_SOC,633,PWR_IN,5246,PWR_SYS_CPU,97,
1587939513937,VDD_SYS_GPU,12192,VDD_SYS_SOC,12192,VDD_IN,12200,VDD_SYS_CPU,12192,
1587939513938,CRR_SYS_GPU,204,CRR_SYS_SOC,52,CRR_IN,430,CRR_SYS_CPU,8,
1587939513941,PWR_SYS_GPU,2487,PWR_SYS_SOC,633,PWR_IN,5246,PWR_SYS_CPU,97,
1587939514943,VDD_SYS_GPU,12192,VDD_SYS_SOC,12192,VDD_IN,12200,VDD_SYS_CPU,12200,
1587939514945,CRR_SYS_GPU,204,CRR_SYS_SOC,52,CRR_IN,428,CRR_SYS_CPU,8,
1587939514948,PWR_SYS_GPU,2487,PWR_SYS_SOC,633,PWR_IN,5221,PWR_SYS_CPU,97,
1587939515950,VDD_SYS_GPU,12192,VDD_SYS_SOC,12192,VDD_IN,12200,VDD_SYS_CPU,12200,
1587939515952,CRR_SYS_GPU,204,CRR_SYS_SOC,52,CRR_IN,428,CRR_SYS_CPU,8,
1587939515955,PWR_SYS_GPU,2487,PWR_SYS_SOC,633,PWR_IN,5221,PWR_SYS_CPU,97,
1587939516957,VDD_SYS_GPU,12192,VDD_SYS_SOC,12192,VDD_IN,12200,VDD_SYS_CPU,12192,
1587939516959,CRR_SYS_GPU,204,CRR_SYS_SOC,52,CRR_IN,428,CRR_SYS_CPU,8,
1587939516962,PWR_SYS_GPU,2487,PWR_SYS_SOC,633,PWR_IN,5221,PWR_SYS_CPU,97,
1587939517964,VDD_SYS_GPU,12192,VDD_SYS_SOC,12192,VDD_IN,12200,VDD_SYS_CPU,12200,
1587939517966,CRR_SYS_GPU,204,CRR_SYS_SOC,52,CRR_IN,430,CRR_SYS_CPU,8,
1587939517969,PWR_SYS_GPU,2487,PWR_SYS_SOC,633,PWR_IN,5246,PWR_SYS_CPU,97,
1587939518971,VDD_SYS_GPU,12192,VDD_SYS_SOC,12192,VDD_IN,12200,VDD_SYS_CPU,12200,
1587939518973,CRR_SYS_GPU,204,CRR_SYS_SOC,52,CRR_IN,430,CRR_SYS_CPU,8,
1587939518976,PWR_SYS_GPU,2487,PWR_SYS_SOC,633,PWR_IN,5246,PWR_SYS_CPU,97,
1587939519978,VDD_SYS_GPU,12192,VDD_SYS_SOC,12192,VDD_IN,12200,VDD_SYS_CPU,12200,
1587939519980,CRR_SYS_GPU,204,CRR_SYS_SOC,52,CRR_IN,428,CRR_SYS_CPU,8,
1587939519982,PWR_SYS_GPU,2487,PWR_SYS_SOC,633,PWR_IN,5221,PWR_SYS_CPU,97,
1587939520985,VDD_SYS_GPU,12192,VDD_SYS_SOC,12192,VDD_IN,12200,VDD_SYS_CPU,12192,
1587939520986,CRR_SYS_GPU,204,CRR_SYS_SOC,52,CRR_IN,430,CRR_SYS_CPU,8,
1587939520989,PWR_SYS_GPU,2487,PWR_SYS_SOC,633,PWR_IN,5246,PWR_SYS_CPU,97,
1587939521991,VDD_SYS_GPU,12192,VDD_SYS_SOC,12192,VDD_IN,12200,VDD_SYS_CPU,12192,
1587939521993,CRR_SYS_GPU,204,CRR_SYS_SOC,52,CRR_IN,430,CRR_SYS_CPU,8,
1587939521996,PWR_SYS_GPU,2487,PWR_SYS_SOC,633,PWR_IN,5246,PWR_SYS_CPU,97,
1587939522998,VDD_SYS_GPU,12192,VDD_SYS_SOC,12192,VDD_IN,12200,VDD_SYS_CPU,12192,
1587939523000,CRR_SYS_GPU,204,CRR_SYS_SOC,52,CRR_IN,430,CRR_SYS_CPU,8,
1587939523003,PWR_SYS_GPU,2487,PWR_SYS_SOC,633,PWR_IN,5246,PWR_SYS_CPU,97,
1587939523682,state,matching images
1587939523683,state,done matching images
1587939523683,state,MATCHING
1587939523684,state,TRIANGULATE
1587939523785,state,TRIANGULATE
1587939523785,state,FILTER
1587939524004,VDD_SYS_GPU,12208,VDD_SYS_SOC,12208,VDD_IN,12216,VDD_SYS_CPU,12208,
1587939524006,CRR_SYS_GPU,128,CRR_SYS_SOC,52,CRR_IN,334,CRR_SYS_CPU,8,
1587939524008,PWR_SYS_GPU,1562,PWR_SYS_SOC,634,PWR_IN,4080,PWR_SYS_CPU,146,
1587939524407,state,FILTER
1587939524407,state,BA
1587939525010,VDD_SYS_GPU,12216,VDD_SYS_SOC,12208,VDD_IN,12216,VDD_SYS_CPU,12216,
1587939525012,CRR_SYS_GPU,48,CRR_SYS_SOC,48,CRR_IN,282,CRR_SYS_CPU,48,
1587939525015,PWR_SYS_GPU,586,PWR_SYS_SOC,585,PWR_IN,3444,PWR_SYS_CPU,586,
1587939526017,VDD_SYS_GPU,12216,VDD_SYS_SOC,12208,VDD_IN,12216,VDD_SYS_CPU,12216,
1587939526019,CRR_SYS_GPU,72,CRR_SYS_SOC,48,CRR_IN,260,CRR_SYS_CPU,12,
1587939526022,PWR_SYS_GPU,879,PWR_SYS_SOC,585,PWR_IN,3176,PWR_SYS_CPU,146,
1587939527024,VDD_SYS_GPU,12216,VDD_SYS_SOC,12208,VDD_IN,12216,VDD_SYS_CPU,12216,
1587939527026,CRR_SYS_GPU,72,CRR_SYS_SOC,48,CRR_IN,262,CRR_SYS_CPU,8,
1587939527029,PWR_SYS_GPU,879,PWR_SYS_SOC,585,PWR_IN,3200,PWR_SYS_CPU,97,
1587939528031,VDD_SYS_GPU,12216,VDD_SYS_SOC,12208,VDD_IN,12216,VDD_SYS_CPU,12216,
1587939528033,CRR_SYS_GPU,72,CRR_SYS_SOC,48,CRR_IN,258,CRR_SYS_CPU,8,
1587939528036,PWR_SYS_GPU,879,PWR_SYS_SOC,585,PWR_IN,3176,PWR_SYS_CPU,97,
1587939529038,VDD_SYS_GPU,12216,VDD_SYS_SOC,12208,VDD_IN,12216,VDD_SYS_CPU,12216,
1587939529040,CRR_SYS_GPU,72,CRR_SYS_SOC,48,CRR_IN,262,CRR_SYS_CPU,8,
1587939529043,PWR_SYS_GPU,879,PWR_SYS_SOC,585,PWR_IN,3200,PWR_SYS_CPU,97,
1587939530045,VDD_SYS_GPU,12216,VDD_SYS_SOC,12208,VDD_IN,12216,VDD_SYS_CPU,12216,
1587939530047,CRR_SYS_GPU,72,CRR_SYS_SOC,48,CRR_IN,262,CRR_SYS_CPU,8,
1587939530050,PWR_SYS_GPU,879,PWR_SYS_SOC,585,PWR_IN,3200,PWR_SYS_CPU,97,
1587939531052,VDD_SYS_GPU,12216,VDD_SYS_SOC,12208,VDD_IN,12216,VDD_SYS_CPU,12208,
1587939531054,CRR_SYS_GPU,72,CRR_SYS_SOC,48,CRR_IN,262,CRR_SYS_CPU,8,
1587939531057,PWR_SYS_GPU,879,PWR_SYS_SOC,585,PWR_IN,3200,PWR_SYS_CPU,97,
1587939532059,VDD_SYS_GPU,12216,VDD_SYS_SOC,12208,VDD_IN,12216,VDD_SYS_CPU,12216,
1587939532061,CRR_SYS_GPU,72,CRR_SYS_SOC,48,CRR_IN,262,CRR_SYS_CPU,8,
1587939532063,PWR_SYS_GPU,879,PWR_SYS_SOC,585,PWR_IN,3200,PWR_SYS_CPU,97,
1587939533066,VDD_SYS_GPU,12216,VDD_SYS_SOC,12208,VDD_IN,12216,VDD_SYS_CPU,12216,
1587939533068,CRR_SYS_GPU,72,CRR_SYS_SOC,48,CRR_IN,262,CRR_SYS_CPU,8,
1587939533071,PWR_SYS_GPU,879,PWR_SYS_SOC,585,PWR_IN,3200,PWR_SYS_CPU,97,
1587939534073,VDD_SYS_GPU,12216,VDD_SYS_SOC,12208,VDD_IN,12216,VDD_SYS_CPU,12216,
1587939534075,CRR_SYS_GPU,72,CRR_SYS_SOC,48,CRR_IN,262,CRR_SYS_CPU,8,
1587939534077,PWR_SYS_GPU,879,PWR_SYS_SOC,585,PWR_IN,3200,PWR_SYS_CPU,97,
1587939535079,VDD_SYS_GPU,12216,VDD_SYS_SOC,12208,VDD_IN,12216,VDD_SYS_CPU,12216,
1587939535081,CRR_SYS_GPU,72,CRR_SYS_SOC,48,CRR_IN,262,CRR_SYS_CPU,8,
1587939535084,PWR_SYS_GPU,879,PWR_SYS_SOC,585,PWR_IN,3200,PWR_SYS_CPU,97,
1587939536086,VDD_SYS_GPU,12216,VDD_SYS_SOC,12208,VDD_IN,12216,VDD_SYS_CPU,12216,
1587939536088,CRR_SYS_GPU,72,CRR_SYS_SOC,48,CRR_IN,262,CRR_SYS_CPU,8,
1587939536091,PWR_SYS_GPU,879,PWR_SYS_SOC,585,PWR_IN,3200,PWR_SYS_CPU,97,
1587939537093,VDD_SYS_GPU,12216,VDD_SYS_SOC,12216,VDD_IN,12224,VDD_SYS_CPU,12216,
1587939537095,CRR_SYS_GPU,72,CRR_SYS_SOC,48,CRR_IN,288,CRR_SYS_CPU,8,
1587939537098,PWR_SYS_GPU,879,PWR_SYS_SOC,586,PWR_IN,3520,PWR_SYS_CPU,97,
1587939538100,VDD_SYS_GPU,12216,VDD_SYS_SOC,12216,VDD_IN,12224,VDD_SYS_CPU,12216,
1587939538102,CRR_SYS_GPU,72,CRR_SYS_SOC,48,CRR_IN,288,CRR_SYS_CPU,12,
1587939538105,PWR_SYS_GPU,879,PWR_SYS_SOC,586,PWR_IN,3520,PWR_SYS_CPU,146,
1587939539106,VDD_SYS_GPU,12216,VDD_SYS_SOC,12208,VDD_IN,12216,VDD_SYS_CPU,12216,
1587939539108,CRR_SYS_GPU,72,CRR_SYS_SOC,48,CRR_IN,262,CRR_SYS_CPU,8,
1587939539111,PWR_SYS_GPU,879,PWR_SYS_SOC,585,PWR_IN,3200,PWR_SYS_CPU,97,
1587939540113,VDD_SYS_GPU,12216,VDD_SYS_SOC,12208,VDD_IN,12216,VDD_SYS_CPU,12216,
1587939540115,CRR_SYS_GPU,72,CRR_SYS_SOC,48,CRR_IN,262,CRR_SYS_CPU,8,
1587939540118,PWR_SYS_GPU,879,PWR_SYS_SOC,585,PWR_IN,3200,PWR_SYS_CPU,97,
1587939541120,VDD_SYS_GPU,12216,VDD_SYS_SOC,12208,VDD_IN,12216,VDD_SYS_CPU,12216,
1587939541122,CRR_SYS_GPU,72,CRR_SYS_SOC,48,CRR_IN,262,CRR_SYS_CPU,8,
1587939541125,PWR_SYS_GPU,879,PWR_SYS_SOC,585,PWR_IN,3200,PWR_SYS_CPU,97,
1587939542127,VDD_SYS_GPU,12216,VDD_SYS_SOC,12208,VDD_IN,12216,VDD_SYS_CPU,12216,
1587939542129,CRR_SYS_GPU,72,CRR_SYS_SOC,48,CRR_IN,262,CRR_SYS_CPU,8,
1587939542131,PWR_SYS_GPU,879,PWR_SYS_SOC,585,PWR_IN,3200,PWR_SYS_CPU,97,
1587939543134,VDD_SYS_GPU,12216,VDD_SYS_SOC,12208,VDD_IN,12216,VDD_SYS_CPU,12216,
1587939543136,CRR_SYS_GPU,72,CRR_SYS_SOC,48,CRR_IN,262,CRR_SYS_CPU,8,
1587939543139,PWR_SYS_GPU,879,PWR_SYS_SOC,585,PWR_IN,3200,PWR_SYS_CPU,97,
1587939544141,VDD_SYS_GPU,12216,VDD_SYS_SOC,12208,VDD_IN,12216,VDD_SYS_CPU,12216,
1587939544143,CRR_SYS_GPU,72,CRR_SYS_SOC,48,CRR_IN,262,CRR_SYS_CPU,8,
1587939544146,PWR_SYS_GPU,879,PWR_SYS_SOC,585,PWR_IN,3200,PWR_SYS_CPU,97,
1587939545148,VDD_SYS_GPU,12216,VDD_SYS_SOC,12208,VDD_IN,12216,VDD_SYS_CPU,12216,
1587939545150,CRR_SYS_GPU,72,CRR_SYS_SOC,48,CRR_IN,262,CRR_SYS_CPU,8,
1587939545153,PWR_SYS_GPU,879,PWR_SYS_SOC,585,PWR_IN,3200,PWR_SYS_CPU,97,
1587939546155,VDD_SYS_GPU,12216,VDD_SYS_SOC,12208,VDD_IN,12216,VDD_SYS_CPU,12216,
1587939546157,CRR_SYS_GPU,72,CRR_SYS_SOC,48,CRR_IN,262,CRR_SYS_CPU,8,
1587939546160,PWR_SYS_GPU,879,PWR_SYS_SOC,585,PWR_IN,3200,PWR_SYS_CPU,97,
1587939547162,VDD_SYS_GPU,12216,VDD_SYS_SOC,12208,VDD_IN,12216,VDD_SYS_CPU,12216,
1587939547163,CRR_SYS_GPU,72,CRR_SYS_SOC,48,CRR_IN,262,CRR_SYS_CPU,8,
1587939547166,PWR_SYS_GPU,879,PWR_SYS_SOC,585,PWR_IN,3200,PWR_SYS_CPU,97,
1587939548168,VDD_SYS_GPU,12216,VDD_SYS_SOC,12208,VDD_IN,12216,VDD_SYS_CPU,12216,
1587939548170,CRR_SYS_GPU,72,CRR_SYS_SOC,48,CRR_IN,262,CRR_SYS_CPU,8,
1587939548173,PWR_SYS_GPU,879,PWR_SYS_SOC,585,PWR_IN,3200,PWR_SYS_CPU,97,
1587939549175,VDD_SYS_GPU,12216,VDD_SYS_SOC,12208,VDD_IN,12216,VDD_SYS_CPU,12216,
1587939549177,CRR_SYS_GPU,72,CRR_SYS_SOC,48,CRR_IN,262,CRR_SYS_CPU,8,
1587939549180,PWR_SYS_GPU,879,PWR_SYS_SOC,585,PWR_IN,3200,PWR_SYS_CPU,97,
1587939550182,VDD_SYS_GPU,12216,VDD_SYS_SOC,12208,VDD_IN,12216,VDD_SYS_CPU,12208,
1587939550184,CRR_SYS_GPU,72,CRR_SYS_SOC,48,CRR_IN,262,CRR_SYS_CPU,8,
1587939550186,PWR_SYS_GPU,879,PWR_SYS_SOC,585,PWR_IN,3200,PWR_SYS_CPU,97,
1587939551189,VDD_SYS_GPU,12216,VDD_SYS_SOC,12208,VDD_IN,12216,VDD_SYS_CPU,12216,
1587939551191,CRR_SYS_GPU,72,CRR_SYS_SOC,48,CRR_IN,262,CRR_SYS_CPU,8,
1587939551193,PWR_SYS_GPU,879,PWR_SYS_SOC,585,PWR_IN,3200,PWR_SYS_CPU,97,
1587939552195,VDD_SYS_GPU,12216,VDD_SYS_SOC,12208,VDD_IN,12216,VDD_SYS_CPU,12216,
1587939552197,CRR_SYS_GPU,72,CRR_SYS_SOC,48,CRR_IN,262,CRR_SYS_CPU,8,
1587939552200,PWR_SYS_GPU,879,PWR_SYS_SOC,585,PWR_IN,3200,PWR_SYS_CPU,97,
1587939553202,VDD_SYS_GPU,12216,VDD_SYS_SOC,12208,VDD_IN,12216,VDD_SYS_CPU,12216,
1587939553205,CRR_SYS_GPU,72,CRR_SYS_SOC,48,CRR_IN,262,CRR_SYS_CPU,8,
1587939553207,PWR_SYS_GPU,879,PWR_SYS_SOC,585,PWR_IN,3200,PWR_SYS_CPU,97,
1587939554209,VDD_SYS_GPU,12216,VDD_SYS_SOC,12208,VDD_IN,12216,VDD_SYS_CPU,12216,
1587939554211,CRR_SYS_GPU,72,CRR_SYS_SOC,48,CRR_IN,262,CRR_SYS_CPU,8,
1587939554214,PWR_SYS_GPU,879,PWR_SYS_SOC,585,PWR_IN,3200,PWR_SYS_CPU,97,
1587939555216,VDD_SYS_GPU,12216,VDD_SYS_SOC,12208,VDD_IN,12216,VDD_SYS_CPU,12216,
1587939555218,CRR_SYS_GPU,72,CRR_SYS_SOC,48,CRR_IN,264,CRR_SYS_CPU,8,
1587939555221,PWR_SYS_GPU,879,PWR_SYS_SOC,585,PWR_IN,3225,PWR_SYS_CPU,97,
1587939556223,VDD_SYS_GPU,12216,VDD_SYS_SOC,12208,VDD_IN,12216,VDD_SYS_CPU,12216,
1587939556225,CRR_SYS_GPU,72,CRR_SYS_SOC,48,CRR_IN,262,CRR_SYS_CPU,8,
1587939556228,PWR_SYS_GPU,879,PWR_SYS_SOC,585,PWR_IN,3200,PWR_SYS_CPU,97,
1587939557230,VDD_SYS_GPU,12216,VDD_SYS_SOC,12208,VDD_IN,12216,VDD_SYS_CPU,12216,
1587939557232,CRR_SYS_GPU,72,CRR_SYS_SOC,48,CRR_IN,262,CRR_SYS_CPU,8,
1587939557235,PWR_SYS_GPU,879,PWR_SYS_SOC,585,PWR_IN,3200,PWR_SYS_CPU,97,
1587939558237,VDD_SYS_GPU,12216,VDD_SYS_SOC,12208,VDD_IN,12216,VDD_SYS_CPU,12216,
1587939558239,CRR_SYS_GPU,72,CRR_SYS_SOC,48,CRR_IN,262,CRR_SYS_CPU,8,
1587939558241,PWR_SYS_GPU,879,PWR_SYS_SOC,585,PWR_IN,3225,PWR_SYS_CPU,97,
1587939559244,VDD_SYS_GPU,12216,VDD_SYS_SOC,12208,VDD_IN,12216,VDD_SYS_CPU,12216,
1587939559246,CRR_SYS_GPU,72,CRR_SYS_SOC,48,CRR_IN,262,CRR_SYS_CPU,8,
1587939559248,PWR_SYS_GPU,879,PWR_SYS_SOC,585,PWR_IN,3200,PWR_SYS_CPU,97,
1587939560250,VDD_SYS_GPU,12216,VDD_SYS_SOC,12208,VDD_IN,12216,VDD_SYS_CPU,12216,
1587939560252,CRR_SYS_GPU,72,CRR_SYS_SOC,48,CRR_IN,262,CRR_SYS_CPU,8,
1587939560255,PWR_SYS_GPU,879,PWR_SYS_SOC,585,PWR_IN,3200,PWR_SYS_CPU,97,
1587939561257,VDD_SYS_GPU,12216,VDD_SYS_SOC,12208,VDD_IN,12216,VDD_SYS_CPU,12216,
1587939561259,CRR_SYS_GPU,72,CRR_SYS_SOC,48,CRR_IN,262,CRR_SYS_CPU,8,
1587939561262,PWR_SYS_GPU,879,PWR_SYS_SOC,585,PWR_IN,3200,PWR_SYS_CPU,97,
1587939562264,VDD_SYS_GPU,12216,VDD_SYS_SOC,12208,VDD_IN,12216,VDD_SYS_CPU,12216,
1587939562266,CRR_SYS_GPU,72,CRR_SYS_SOC,48,CRR_IN,262,CRR_SYS_CPU,8,
1587939562269,PWR_SYS_GPU,879,PWR_SYS_SOC,585,PWR_IN,3200,PWR_SYS_CPU,97,
1587939563271,VDD_SYS_GPU,12216,VDD_SYS_SOC,12208,VDD_IN,12216,VDD_SYS_CPU,12216,
1587939563273,CRR_SYS_GPU,72,CRR_SYS_SOC,48,CRR_IN,262,CRR_SYS_CPU,8,
1587939563276,PWR_SYS_GPU,879,PWR_SYS_SOC,585,PWR_IN,3200,PWR_SYS_CPU,97,
1587939564279,VDD_SYS_GPU,12216,VDD_SYS_SOC,12216,VDD_IN,12216,VDD_SYS_CPU,12216,
1587939564281,CRR_SYS_GPU,72,CRR_SYS_SOC,48,CRR_IN,262,CRR_SYS_CPU,8,
1587939564283,PWR_SYS_GPU,879,PWR_SYS_SOC,586,PWR_IN,3200,PWR_SYS_CPU,97,
1587939565285,VDD_SYS_GPU,12216,VDD_SYS_SOC,12208,VDD_IN,12216,VDD_SYS_CPU,12216,
1587939565287,CRR_SYS_GPU,72,CRR_SYS_SOC,48,CRR_IN,262,CRR_SYS_CPU,8,
1587939565290,PWR_SYS_GPU,879,PWR_SYS_SOC,585,PWR_IN,3200,PWR_SYS_CPU,97,
1587939566292,VDD_SYS_GPU,12216,VDD_SYS_SOC,12208,VDD_IN,12216,VDD_SYS_CPU,12216,
1587939566294,CRR_SYS_GPU,72,CRR_SYS_SOC,48,CRR_IN,262,CRR_SYS_CPU,8,
1587939566297,PWR_SYS_GPU,879,PWR_SYS_SOC,585,PWR_IN,3200,PWR_SYS_CPU,97,
1587939567299,VDD_SYS_GPU,12216,VDD_SYS_SOC,12208,VDD_IN,12216,VDD_SYS_CPU,12216,
1587939567301,CRR_SYS_GPU,72,CRR_SYS_SOC,48,CRR_IN,262,CRR_SYS_CPU,8,
1587939567303,PWR_SYS_GPU,879,PWR_SYS_SOC,585,PWR_IN,3200,PWR_SYS_CPU,97,
1587939568305,VDD_SYS_GPU,12216,VDD_SYS_SOC,12208,VDD_IN,12216,VDD_SYS_CPU,12216,
1587939568308,CRR_SYS_GPU,72,CRR_SYS_SOC,48,CRR_IN,262,CRR_SYS_CPU,8,
1587939568311,PWR_SYS_GPU,879,PWR_SYS_SOC,585,PWR_IN,3200,PWR_SYS_CPU,97,
1587939569313,VDD_SYS_GPU,12216,VDD_SYS_SOC,12208,VDD_IN,12216,VDD_SYS_CPU,12216,
1587939569315,CRR_SYS_GPU,72,CRR_SYS_SOC,48,CRR_IN,262,CRR_SYS_CPU,8,
1587939569318,PWR_SYS_GPU,879,PWR_SYS_SOC,585,PWR_IN,3200,PWR_SYS_CPU,97,
1587939570320,VDD_SYS_GPU,12216,VDD_SYS_SOC,12208,VDD_IN,12216,VDD_SYS_CPU,12216,
1587939570322,CRR_SYS_GPU,72,CRR_SYS_SOC,48,CRR_IN,262,CRR_SYS_CPU,8,
1587939570325,PWR_SYS_GPU,879,PWR_SYS_SOC,585,PWR_IN,3200,PWR_SYS_CPU,97,
1587939571327,VDD_SYS_GPU,12216,VDD_SYS_SOC,12208,VDD_IN,12216,VDD_SYS_CPU,12216,
1587939571329,CRR_SYS_GPU,72,CRR_SYS_SOC,48,CRR_IN,260,CRR_SYS_CPU,8,
1587939571332,PWR_SYS_GPU,879,PWR_SYS_SOC,585,PWR_IN,3176,PWR_SYS_CPU,97,
1587939572334,VDD_SYS_GPU,12216,VDD_SYS_SOC,12208,VDD_IN,12216,VDD_SYS_CPU,12216,
1587939572336,CRR_SYS_GPU,72,CRR_SYS_SOC,48,CRR_IN,260,CRR_SYS_CPU,8,
1587939572339,PWR_SYS_GPU,879,PWR_SYS_SOC,585,PWR_IN,3176,PWR_SYS_CPU,97,
1587939573341,VDD_SYS_GPU,12216,VDD_SYS_SOC,12208,VDD_IN,12216,VDD_SYS_CPU,12216,
1587939573344,CRR_SYS_GPU,72,CRR_SYS_SOC,48,CRR_IN,262,CRR_SYS_CPU,8,
1587939573347,PWR_SYS_GPU,879,PWR_SYS_SOC,585,PWR_IN,3200,PWR_SYS_CPU,97,
1587939574349,VDD_SYS_GPU,12216,VDD_SYS_SOC,12208,VDD_IN,12216,VDD_SYS_CPU,12216,
1587939574351,CRR_SYS_GPU,72,CRR_SYS_SOC,48,CRR_IN,262,CRR_SYS_CPU,8,
1587939574354,PWR_SYS_GPU,879,PWR_SYS_SOC,585,PWR_IN,3200,PWR_SYS_CPU,97,
1587939575356,VDD_SYS_GPU,12216,VDD_SYS_SOC,12208,VDD_IN,12216,VDD_SYS_CPU,12216,
1587939575358,CRR_SYS_GPU,72,CRR_SYS_SOC,48,CRR_IN,262,CRR_SYS_CPU,8,
1587939575360,PWR_SYS_GPU,879,PWR_SYS_SOC,585,PWR_IN,3200,PWR_SYS_CPU,97,
1587939576363,VDD_SYS_GPU,12216,VDD_SYS_SOC,12208,VDD_IN,12216,VDD_SYS_CPU,12216,
1587939576365,CRR_SYS_GPU,72,CRR_SYS_SOC,48,CRR_IN,260,CRR_SYS_CPU,8,
1587939576367,PWR_SYS_GPU,879,PWR_SYS_SOC,585,PWR_IN,3176,PWR_SYS_CPU,97,
1587939577370,VDD_SYS_GPU,12216,VDD_SYS_SOC,12208,VDD_IN,12216,VDD_SYS_CPU,12216,
1587939577372,CRR_SYS_GPU,72,CRR_SYS_SOC,48,CRR_IN,260,CRR_SYS_CPU,8,
1587939577374,PWR_SYS_GPU,879,PWR_SYS_SOC,585,PWR_IN,3176,PWR_SYS_CPU,97,
1587939578377,VDD_SYS_GPU,12216,VDD_SYS_SOC,12208,VDD_IN,12216,VDD_SYS_CPU,12216,
1587939578379,CRR_SYS_GPU,72,CRR_SYS_SOC,48,CRR_IN,262,CRR_SYS_CPU,8,
1587939578381,PWR_SYS_GPU,879,PWR_SYS_SOC,585,PWR_IN,3225,PWR_SYS_CPU,97,
1587939579383,VDD_SYS_GPU,12216,VDD_SYS_SOC,12208,VDD_IN,12216,VDD_SYS_CPU,12216,
1587939579385,CRR_SYS_GPU,72,CRR_SYS_SOC,48,CRR_IN,264,CRR_SYS_CPU,8,
1587939579389,PWR_SYS_GPU,879,PWR_SYS_SOC,585,PWR_IN,3225,PWR_SYS_CPU,97,
1587939580391,VDD_SYS_GPU,12216,VDD_SYS_SOC,12208,VDD_IN,12216,VDD_SYS_CPU,12216,
1587939580393,CRR_SYS_GPU,72,CRR_SYS_SOC,48,CRR_IN,262,CRR_SYS_CPU,8,
1587939580395,PWR_SYS_GPU,879,PWR_SYS_SOC,585,PWR_IN,3200,PWR_SYS_CPU,97,
1587939581398,VDD_SYS_GPU,12216,VDD_SYS_SOC,12208,VDD_IN,12216,VDD_SYS_CPU,12216,
1587939581400,CRR_SYS_GPU,72,CRR_SYS_SOC,48,CRR_IN,262,CRR_SYS_CPU,8,
1587939581402,PWR_SYS_GPU,879,PWR_SYS_SOC,585,PWR_IN,3200,PWR_SYS_CPU,97,
1587939582405,VDD_SYS_GPU,12216,VDD_SYS_SOC,12208,VDD_IN,12216,VDD_SYS_CPU,12216,
1587939582406,CRR_SYS_GPU,72,CRR_SYS_SOC,48,CRR_IN,262,CRR_SYS_CPU,8,
1587939582409,PWR_SYS_GPU,879,PWR_SYS_SOC,585,PWR_IN,3200,PWR_SYS_CPU,97,
1587939583411,VDD_SYS_GPU,12216,VDD_SYS_SOC,12208,VDD_IN,12216,VDD_SYS_CPU,12216,
1587939583413,CRR_SYS_GPU,72,CRR_SYS_SOC,48,CRR_IN,262,CRR_SYS_CPU,8,
1587939583416,PWR_SYS_GPU,879,PWR_SYS_SOC,585,PWR_IN,3200,PWR_SYS_CPU,97,
1587939584418,VDD_SYS_GPU,12216,VDD_SYS_SOC,12208,VDD_IN,12216,VDD_SYS_CPU,12216,
1587939584420,CRR_SYS_GPU,72,CRR_SYS_SOC,48,CRR_IN,262,CRR_SYS_CPU,8,
1587939584422,PWR_SYS_GPU,879,PWR_SYS_SOC,585,PWR_IN,3200,PWR_SYS_CPU,97,
1587939585423,VDD_SYS_GPU,12216,VDD_SYS_SOC,12216,VDD_IN,12216,VDD_SYS_CPU,12216,
1587939585424,CRR_SYS_GPU,44,CRR_SYS_SOC,48,CRR_IN,280,CRR_SYS_CPU,52,
1587939585426,PWR_SYS_GPU,537,PWR_SYS_SOC,586,PWR_IN,3420,PWR_SYS_CPU,635,
1587939586428,VDD_SYS_GPU,12216,VDD_SYS_SOC,12208,VDD_IN,12216,VDD_SYS_CPU,12216,
1587939586430,CRR_SYS_GPU,68,CRR_SYS_SOC,48,CRR_IN,262,CRR_SYS_CPU,12,
1587939586433,PWR_SYS_GPU,830,PWR_SYS_SOC,585,PWR_IN,3200,PWR_SYS_CPU,146,
1587939587435,VDD_SYS_GPU,12216,VDD_SYS_SOC,12208,VDD_IN,12216,VDD_SYS_CPU,12216,
1587939587437,CRR_SYS_GPU,72,CRR_SYS_SOC,48,CRR_IN,262,CRR_SYS_CPU,8,
1587939587440,PWR_SYS_GPU,879,PWR_SYS_SOC,585,PWR_IN,3200,PWR_SYS_CPU,97,
1587939588442,VDD_SYS_GPU,12216,VDD_SYS_SOC,12208,VDD_IN,12216,VDD_SYS_CPU,12216,
1587939588444,CRR_SYS_GPU,72,CRR_SYS_SOC,48,CRR_IN,260,CRR_SYS_CPU,8,
1587939588447,PWR_SYS_GPU,879,PWR_SYS_SOC,585,PWR_IN,3176,PWR_SYS_CPU,97,
1587939589449,VDD_SYS_GPU,12216,VDD_SYS_SOC,12208,VDD_IN,12216,VDD_SYS_CPU,12216,
1587939589451,CRR_SYS_GPU,72,CRR_SYS_SOC,48,CRR_IN,260,CRR_SYS_CPU,8,
1587939589454,PWR_SYS_GPU,879,PWR_SYS_SOC,585,PWR_IN,3176,PWR_SYS_CPU,97,
1587939590456,VDD_SYS_GPU,12216,VDD_SYS_SOC,12208,VDD_IN,12216,VDD_SYS_CPU,12216,
1587939590458,CRR_SYS_GPU,72,CRR_SYS_SOC,48,CRR_IN,262,CRR_SYS_CPU,8,
1587939590461,PWR_SYS_GPU,879,PWR_SYS_SOC,585,PWR_IN,3200,PWR_SYS_CPU,97,
1587939591463,VDD_SYS_GPU,12216,VDD_SYS_SOC,12208,VDD_IN,12216,VDD_SYS_CPU,12216,
1587939591465,CRR_SYS_GPU,72,CRR_SYS_SOC,48,CRR_IN,262,CRR_SYS_CPU,8,
1587939591468,PWR_SYS_GPU,879,PWR_SYS_SOC,585,PWR_IN,3200,PWR_SYS_CPU,97,
1587939592470,VDD_SYS_GPU,12216,VDD_SYS_SOC,12208,VDD_IN,12216,VDD_SYS_CPU,12216,
1587939592472,CRR_SYS_GPU,72,CRR_SYS_SOC,48,CRR_IN,262,CRR_SYS_CPU,8,
1587939592475,PWR_SYS_GPU,879,PWR_SYS_SOC,585,PWR_IN,3200,PWR_SYS_CPU,97,
1587939593477,VDD_SYS_GPU,12216,VDD_SYS_SOC,12208,VDD_IN,12216,VDD_SYS_CPU,12216,
1587939593479,CRR_SYS_GPU,72,CRR_SYS_SOC,48,CRR_IN,262,CRR_SYS_CPU,8,
1587939593482,PWR_SYS_GPU,879,PWR_SYS_SOC,585,PWR_IN,3200,PWR_SYS_CPU,97,
1587939594484,VDD_SYS_GPU,12216,VDD_SYS_SOC,12208,VDD_IN,12216,VDD_SYS_CPU,12216,
1587939594486,CRR_SYS_GPU,72,CRR_SYS_SOC,48,CRR_IN,262,CRR_SYS_CPU,8,
1587939594489,PWR_SYS_GPU,879,PWR_SYS_SOC,585,PWR_IN,3200,PWR_SYS_CPU,97,
1587939595491,VDD_SYS_GPU,12216,VDD_SYS_SOC,12208,VDD_IN,12216,VDD_SYS_CPU,12216,
1587939595492,CRR_SYS_GPU,72,CRR_SYS_SOC,48,CRR_IN,262,CRR_SYS_CPU,8,
1587939595494,PWR_SYS_GPU,879,PWR_SYS_SOC,585,PWR_IN,3200,PWR_SYS_CPU,97,
1587939596496,VDD_SYS_GPU,12216,VDD_SYS_SOC,12208,VDD_IN,12216,VDD_SYS_CPU,12216,
1587939596498,CRR_SYS_GPU,72,CRR_SYS_SOC,48,CRR_IN,262,CRR_SYS_CPU,8,
1587939596501,PWR_SYS_GPU,879,PWR_SYS_SOC,585,PWR_IN,3200,PWR_SYS_CPU,97,
1587939597503,VDD_SYS_GPU,12216,VDD_SYS_SOC,12208,VDD_IN,12216,VDD_SYS_CPU,12216,
1587939597505,CRR_SYS_GPU,72,CRR_SYS_SOC,48,CRR_IN,264,CRR_SYS_CPU,8,
1587939597508,PWR_SYS_GPU,879,PWR_SYS_SOC,585,PWR_IN,3225,PWR_SYS_CPU,97,
1587939598510,VDD_SYS_GPU,12216,VDD_SYS_SOC,12208,VDD_IN,12216,VDD_SYS_CPU,12216,
1587939598512,CRR_SYS_GPU,72,CRR_SYS_SOC,48,CRR_IN,260,CRR_SYS_CPU,8,
1587939598515,PWR_SYS_GPU,879,PWR_SYS_SOC,585,PWR_IN,3176,PWR_SYS_CPU,97,
1587939599517,VDD_SYS_GPU,12216,VDD_SYS_SOC,12216,VDD_IN,12216,VDD_SYS_CPU,12216,
1587939599519,CRR_SYS_GPU,72,CRR_SYS_SOC,48,CRR_IN,272,CRR_SYS_CPU,8,
1587939599522,PWR_SYS_GPU,879,PWR_SYS_SOC,586,PWR_IN,3347,PWR_SYS_CPU,97,
1587939600524,VDD_SYS_GPU,12216,VDD_SYS_SOC,12216,VDD_IN,12224,VDD_SYS_CPU,12216,
1587939600526,CRR_SYS_GPU,72,CRR_SYS_SOC,48,CRR_IN,292,CRR_SYS_CPU,8,
1587939600528,PWR_SYS_GPU,879,PWR_SYS_SOC,586,PWR_IN,3569,PWR_SYS_CPU,97,
1587939601531,VDD_SYS_GPU,12216,VDD_SYS_SOC,12216,VDD_IN,12216,VDD_SYS_CPU,12216,
1587939601533,CRR_SYS_GPU,72,CRR_SYS_SOC,48,CRR_IN,270,CRR_SYS_CPU,8,
1587939601535,PWR_SYS_GPU,879,PWR_SYS_SOC,586,PWR_IN,3298,PWR_SYS_CPU,97,
1587939602537,VDD_SYS_GPU,12216,VDD_SYS_SOC,12208,VDD_IN,12216,VDD_SYS_CPU,12216,
1587939602538,CRR_SYS_GPU,72,CRR_SYS_SOC,48,CRR_IN,262,CRR_SYS_CPU,8,
1587939602541,PWR_SYS_GPU,879,PWR_SYS_SOC,585,PWR_IN,3200,PWR_SYS_CPU,97,
1587939603543,VDD_SYS_GPU,12216,VDD_SYS_SOC,12208,VDD_IN,12216,VDD_SYS_CPU,12216,
1587939603545,CRR_SYS_GPU,72,CRR_SYS_SOC,48,CRR_IN,262,CRR_SYS_CPU,8,
1587939603548,PWR_SYS_GPU,879,PWR_SYS_SOC,585,PWR_IN,3200,PWR_SYS_CPU,97,
1587939604550,VDD_SYS_GPU,12216,VDD_SYS_SOC,12208,VDD_IN,12216,VDD_SYS_CPU,12216,
1587939604552,CRR_SYS_GPU,72,CRR_SYS_SOC,48,CRR_IN,262,CRR_SYS_CPU,8,
1587939604555,PWR_SYS_GPU,879,PWR_SYS_SOC,585,PWR_IN,3200,PWR_SYS_CPU,97,
1587939605557,VDD_SYS_GPU,12216,VDD_SYS_SOC,12208,VDD_IN,12216,VDD_SYS_CPU,12216,
1587939605559,CRR_SYS_GPU,72,CRR_SYS_SOC,48,CRR_IN,262,CRR_SYS_CPU,8,
1587939605562,PWR_SYS_GPU,879,PWR_SYS_SOC,585,PWR_IN,3200,PWR_SYS_CPU,97,
1587939606564,VDD_SYS_GPU,12216,VDD_SYS_SOC,12208,VDD_IN,12216,VDD_SYS_CPU,12216,
1587939606566,CRR_SYS_GPU,72,CRR_SYS_SOC,48,CRR_IN,262,CRR_SYS_CPU,8,
1587939606569,PWR_SYS_GPU,879,PWR_SYS_SOC,585,PWR_IN,3200,PWR_SYS_CPU,97,
1587939607571,VDD_SYS_GPU,12216,VDD_SYS_SOC,12208,VDD_IN,12216,VDD_SYS_CPU,12216,
1587939607573,CRR_SYS_GPU,72,CRR_SYS_SOC,48,CRR_IN,262,CRR_SYS_CPU,8,
1587939607575,PWR_SYS_GPU,879,PWR_SYS_SOC,585,PWR_IN,3200,PWR_SYS_CPU,97,
1587939608577,VDD_SYS_GPU,12216,VDD_SYS_SOC,12208,VDD_IN,12216,VDD_SYS_CPU,12216,
1587939608581,CRR_SYS_GPU,72,CRR_SYS_SOC,48,CRR_IN,262,CRR_SYS_CPU,8,
1587939608583,PWR_SYS_GPU,879,PWR_SYS_SOC,585,PWR_IN,3200,PWR_SYS_CPU,97,
1587939609585,VDD_SYS_GPU,12216,VDD_SYS_SOC,12208,VDD_IN,12216,VDD_SYS_CPU,12216,
1587939609587,CRR_SYS_GPU,72,CRR_SYS_SOC,48,CRR_IN,262,CRR_SYS_CPU,8,
1587939609589,PWR_SYS_GPU,879,PWR_SYS_SOC,585,PWR_IN,3200,PWR_SYS_CPU,97,
1587939610591,VDD_SYS_GPU,12216,VDD_SYS_SOC,12208,VDD_IN,12216,VDD_SYS_CPU,12216,
1587939610593,CRR_SYS_GPU,72,CRR_SYS_SOC,48,CRR_IN,262,CRR_SYS_CPU,8,
1587939610596,PWR_SYS_GPU,879,PWR_SYS_SOC,585,PWR_IN,3200,PWR_SYS_CPU,97,
1587939611598,VDD_SYS_GPU,12216,VDD_SYS_SOC,12208,VDD_IN,12216,VDD_SYS_CPU,12216,
1587939611600,CRR_SYS_GPU,72,CRR_SYS_SOC,48,CRR_IN,262,CRR_SYS_CPU,8,
1587939611603,PWR_SYS_GPU,879,PWR_SYS_SOC,585,PWR_IN,3200,PWR_SYS_CPU,97,
1587939612605,VDD_SYS_GPU,12216,VDD_SYS_SOC,12208,VDD_IN,12216,VDD_SYS_CPU,12216,
1587939612607,CRR_SYS_GPU,72,CRR_SYS_SOC,48,CRR_IN,262,CRR_SYS_CPU,8,
1587939612610,PWR_SYS_GPU,879,PWR_SYS_SOC,585,PWR_IN,3200,PWR_SYS_CPU,97,
1587939613612,VDD_SYS_GPU,12216,VDD_SYS_SOC,12208,VDD_IN,12216,VDD_SYS_CPU,12216,
1587939613614,CRR_SYS_GPU,72,CRR_SYS_SOC,48,CRR_IN,264,CRR_SYS_CPU,8,
1587939613616,PWR_SYS_GPU,879,PWR_SYS_SOC,585,PWR_IN,3225,PWR_SYS_CPU,97,
1587939614618,VDD_SYS_GPU,12216,VDD_SYS_SOC,12208,VDD_IN,12216,VDD_SYS_CPU,12216,
1587939614620,CRR_SYS_GPU,72,CRR_SYS_SOC,48,CRR_IN,262,CRR_SYS_CPU,8,
1587939614623,PWR_SYS_GPU,879,PWR_SYS_SOC,585,PWR_IN,3200,PWR_SYS_CPU,97,
1587939615625,VDD_SYS_GPU,12216,VDD_SYS_SOC,12208,VDD_IN,12216,VDD_SYS_CPU,12216,
1587939615627,CRR_SYS_GPU,72,CRR_SYS_SOC,48,CRR_IN,262,CRR_SYS_CPU,8,
1587939615630,PWR_SYS_GPU,879,PWR_SYS_SOC,585,PWR_IN,3200,PWR_SYS_CPU,97,
1587939616633,VDD_SYS_GPU,12216,VDD_SYS_SOC,12208,VDD_IN,12216,VDD_SYS_CPU,12216,
1587939616634,CRR_SYS_GPU,72,CRR_SYS_SOC,48,CRR_IN,262,CRR_SYS_CPU,8,
1587939616637,PWR_SYS_GPU,879,PWR_SYS_SOC,585,PWR_IN,3200,PWR_SYS_CPU,97,
1587939617639,VDD_SYS_GPU,12216,VDD_SYS_SOC,12208,VDD_IN,12216,VDD_SYS_CPU,12216,
1587939617641,CRR_SYS_GPU,72,CRR_SYS_SOC,48,CRR_IN,262,CRR_SYS_CPU,8,
1587939617644,PWR_SYS_GPU,879,PWR_SYS_SOC,585,PWR_IN,3200,PWR_SYS_CPU,97,
1587939618647,VDD_SYS_GPU,12216,VDD_SYS_SOC,12208,VDD_IN,12216,VDD_SYS_CPU,12216,
1587939618649,CRR_SYS_GPU,72,CRR_SYS_SOC,48,CRR_IN,262,CRR_SYS_CPU,8,
1587939618652,PWR_SYS_GPU,879,PWR_SYS_SOC,585,PWR_IN,3200,PWR_SYS_CPU,97,
1587939619654,VDD_SYS_GPU,12216,VDD_SYS_SOC,12208,VDD_IN,12216,VDD_SYS_CPU,12216,
1587939619656,CRR_SYS_GPU,72,CRR_SYS_SOC,48,CRR_IN,262,CRR_SYS_CPU,8,
1587939619659,PWR_SYS_GPU,879,PWR_SYS_SOC,585,PWR_IN,3200,PWR_SYS_CPU,97,
1587939620661,VDD_SYS_GPU,12216,VDD_SYS_SOC,12208,VDD_IN,12216,VDD_SYS_CPU,12216,
1587939620663,CRR_SYS_GPU,72,CRR_SYS_SOC,48,CRR_IN,260,CRR_SYS_CPU,8,
1587939620666,PWR_SYS_GPU,879,PWR_SYS_SOC,585,PWR_IN,3176,PWR_SYS_CPU,97,
1587939621668,VDD_SYS_GPU,12216,VDD_SYS_SOC,12208,VDD_IN,12216,VDD_SYS_CPU,12216,
1587939621670,CRR_SYS_GPU,76,CRR_SYS_SOC,48,CRR_IN,262,CRR_SYS_CPU,8,
1587939621672,PWR_SYS_GPU,928,PWR_SYS_SOC,585,PWR_IN,3200,PWR_SYS_CPU,97,
1587939622674,VDD_SYS_GPU,12216,VDD_SYS_SOC,12208,VDD_IN,12216,VDD_SYS_CPU,12216,
1587939622676,CRR_SYS_GPU,72,CRR_SYS_SOC,48,CRR_IN,262,CRR_SYS_CPU,8,
1587939622679,PWR_SYS_GPU,879,PWR_SYS_SOC,585,PWR_IN,3200,PWR_SYS_CPU,97,
1587939623681,VDD_SYS_GPU,12216,VDD_SYS_SOC,12208,VDD_IN,12216,VDD_SYS_CPU,12216,
1587939623684,CRR_SYS_GPU,72,CRR_SYS_SOC,48,CRR_IN,262,CRR_SYS_CPU,8,
1587939623686,PWR_SYS_GPU,879,PWR_SYS_SOC,585,PWR_IN,3200,PWR_SYS_CPU,97,
1587939624688,VDD_SYS_GPU,12216,VDD_SYS_SOC,12216,VDD_IN,12216,VDD_SYS_CPU,12216,
1587939624690,CRR_SYS_GPU,72,CRR_SYS_SOC,48,CRR_IN,262,CRR_SYS_CPU,8,
1587939624693,PWR_SYS_GPU,879,PWR_SYS_SOC,586,PWR_IN,3200,PWR_SYS_CPU,97,
