1587933959520,Log Generated,out/ssrlcv.log
1587933959520,state,start
1587933959520,state,SEED
1587933959547,VDD_SYS_GPU,12224,VDD_SYS_SOC,12224,VDD_IN,12224,VDD_SYS_CPU,12224,
1587933959548,CRR_SYS_GPU,8,CRR_SYS_SOC,36,CRR_IN,136,CRR_SYS_CPU,16,
1587933959549,PWR_SYS_GPU,97,PWR_SYS_SOC,440,PWR_IN,1662,PWR_SYS_CPU,195,
1587933960551,VDD_SYS_GPU,12192,VDD_SYS_SOC,12192,VDD_IN,12200,VDD_SYS_CPU,12192,
1587933960553,CRR_SYS_GPU,220,CRR_SYS_SOC,44,CRR_IN,412,CRR_SYS_CPU,20,
1587933960556,PWR_SYS_GPU,2731,PWR_SYS_SOC,536,PWR_IN,5050,PWR_SYS_CPU,243,
1587933961558,VDD_SYS_GPU,12152,VDD_SYS_SOC,12152,VDD_IN,12168,VDD_SYS_CPU,12160,
1587933961560,CRR_SYS_GPU,460,CRR_SYS_SOC,48,CRR_IN,654,CRR_SYS_CPU,12,
1587933961563,PWR_SYS_GPU,5589,PWR_SYS_SOC,583,PWR_IN,7957,PWR_SYS_CPU,145,
1587933962565,VDD_SYS_GPU,12144,VDD_SYS_SOC,12144,VDD_IN,12160,VDD_SYS_CPU,12144,
1587933962567,CRR_SYS_GPU,528,CRR_SYS_SOC,48,CRR_IN,724,CRR_SYS_CPU,12,
1587933962570,PWR_SYS_GPU,6412,PWR_SYS_SOC,582,PWR_IN,8803,PWR_SYS_CPU,145,
1587933963572,VDD_SYS_GPU,12136,VDD_SYS_SOC,12136,VDD_IN,12152,VDD_SYS_CPU,12144,
1587933963574,CRR_SYS_GPU,572,CRR_SYS_SOC,48,CRR_IN,758,CRR_SYS_CPU,8,
1587933963577,PWR_SYS_GPU,6941,PWR_SYS_SOC,582,PWR_IN,9235,PWR_SYS_CPU,97,
1587933964578,VDD_SYS_GPU,12168,VDD_SYS_SOC,12168,VDD_IN,12176,VDD_SYS_CPU,12168,
1587933964579,CRR_SYS_GPU,372,CRR_SYS_SOC,48,CRR_IN,594,CRR_SYS_CPU,40,
1587933964584,PWR_SYS_GPU,4477,PWR_SYS_SOC,584,PWR_IN,7237,PWR_SYS_CPU,486,
1587933965586,VDD_SYS_GPU,12144,VDD_SYS_SOC,12144,VDD_IN,12160,VDD_SYS_CPU,12144,
1587933965588,CRR_SYS_GPU,524,CRR_SYS_SOC,48,CRR_IN,712,CRR_SYS_CPU,16,
1587933965591,PWR_SYS_GPU,6363,PWR_SYS_SOC,582,PWR_IN,8657,PWR_SYS_CPU,194,
1587933966593,VDD_SYS_GPU,12184,VDD_SYS_SOC,12184,VDD_IN,12192,VDD_SYS_CPU,12184,
1587933966594,CRR_SYS_GPU,264,CRR_SYS_SOC,52,CRR_IN,476,CRR_SYS_CPU,28,
1587933966597,PWR_SYS_GPU,3167,PWR_SYS_SOC,633,PWR_IN,5803,PWR_SYS_CPU,341,
1587933967598,VDD_SYS_GPU,12208,VDD_SYS_SOC,12200,VDD_IN,12208,VDD_SYS_CPU,12208,
1587933967599,CRR_SYS_GPU,116,CRR_SYS_SOC,52,CRR_IN,368,CRR_SYS_CPU,48,
1587933967602,PWR_SYS_GPU,1416,PWR_SYS_SOC,634,PWR_IN,4492,PWR_SYS_CPU,585,
1587933968604,VDD_SYS_GPU,12216,VDD_SYS_SOC,12216,VDD_IN,12224,VDD_SYS_CPU,12216,
1587933968606,CRR_SYS_GPU,124,CRR_SYS_SOC,48,CRR_IN,310,CRR_SYS_CPU,12,
1587933968608,PWR_SYS_GPU,1514,PWR_SYS_SOC,586,PWR_IN,3789,PWR_SYS_CPU,146,
1587933968968,state,SEED
1587933968968,state,FEATURES
1587933969611,VDD_SYS_GPU,12176,VDD_SYS_SOC,12168,VDD_IN,12184,VDD_SYS_CPU,12176,
1587933969613,CRR_SYS_GPU,344,CRR_SYS_SOC,48,CRR_IN,556,CRR_SYS_CPU,24,
1587933969615,PWR_SYS_GPU,4185,PWR_SYS_SOC,584,PWR_IN,6774,PWR_SYS_CPU,340,
1587933970616,VDD_SYS_GPU,12152,VDD_SYS_SOC,12152,VDD_IN,12168,VDD_SYS_CPU,12152,
1587933970618,CRR_SYS_GPU,488,CRR_SYS_SOC,48,CRR_IN,690,CRR_SYS_CPU,16,
1587933970619,PWR_SYS_GPU,5930,PWR_SYS_SOC,583,PWR_IN,8395,PWR_SYS_CPU,194,
1587933971621,VDD_SYS_GPU,12136,VDD_SYS_SOC,12136,VDD_IN,12152,VDD_SYS_CPU,12144,
1587933971623,CRR_SYS_GPU,572,CRR_SYS_SOC,48,CRR_IN,762,CRR_SYS_CPU,8,
1587933971626,PWR_SYS_GPU,6941,PWR_SYS_SOC,582,PWR_IN,9259,PWR_SYS_CPU,97,
1587933972628,VDD_SYS_GPU,12136,VDD_SYS_SOC,12136,VDD_IN,12152,VDD_SYS_CPU,12144,
1587933972630,CRR_SYS_GPU,576,CRR_SYS_SOC,48,CRR_IN,762,CRR_SYS_CPU,8,
1587933972633,PWR_SYS_GPU,6990,PWR_SYS_SOC,582,PWR_IN,9259,PWR_SYS_CPU,97,
1587933973635,VDD_SYS_GPU,12136,VDD_SYS_SOC,12136,VDD_IN,12152,VDD_SYS_CPU,12136,
1587933973637,CRR_SYS_GPU,588,CRR_SYS_SOC,48,CRR_IN,778,CRR_SYS_CPU,12,
1587933973640,PWR_SYS_GPU,7135,PWR_SYS_SOC,582,PWR_IN,9454,PWR_SYS_CPU,145,
1587933974641,VDD_SYS_GPU,12160,VDD_SYS_SOC,12160,VDD_IN,12176,VDD_SYS_CPU,12168,
1587933974642,CRR_SYS_GPU,392,CRR_SYS_SOC,52,CRR_IN,614,CRR_SYS_CPU,36,
1587933974644,PWR_SYS_GPU,4718,PWR_SYS_SOC,632,PWR_IN,7451,PWR_SYS_CPU,486,
1587933975646,VDD_SYS_GPU,12144,VDD_SYS_SOC,12152,VDD_IN,12160,VDD_SYS_CPU,12152,
1587933975649,CRR_SYS_GPU,496,CRR_SYS_SOC,48,CRR_IN,690,CRR_SYS_CPU,16,
1587933975651,PWR_SYS_GPU,6023,PWR_SYS_SOC,583,PWR_IN,8390,PWR_SYS_CPU,194,
1587933976654,VDD_SYS_GPU,12152,VDD_SYS_SOC,12152,VDD_IN,12168,VDD_SYS_CPU,12152,
1587933976656,CRR_SYS_GPU,488,CRR_SYS_SOC,48,CRR_IN,680,CRR_SYS_CPU,16,
1587933976658,PWR_SYS_GPU,5881,PWR_SYS_SOC,583,PWR_IN,8249,PWR_SYS_CPU,194,
1587933977660,VDD_SYS_GPU,12200,VDD_SYS_SOC,12200,VDD_IN,12208,VDD_SYS_CPU,12200,
1587933977662,CRR_SYS_GPU,200,CRR_SYS_SOC,48,CRR_IN,400,CRR_SYS_CPU,16,
1587933977665,PWR_SYS_GPU,2440,PWR_SYS_SOC,585,PWR_IN,4858,PWR_SYS_CPU,195,
1587933978667,VDD_SYS_GPU,12208,VDD_SYS_SOC,12200,VDD_IN,12208,VDD_SYS_CPU,12208,
1587933978669,CRR_SYS_GPU,116,CRR_SYS_SOC,52,CRR_IN,356,CRR_SYS_CPU,32,
1587933978671,PWR_SYS_GPU,1416,PWR_SYS_SOC,634,PWR_IN,4346,PWR_SYS_CPU,390,
1587933979674,VDD_SYS_GPU,12216,VDD_SYS_SOC,12216,VDD_IN,12224,VDD_SYS_CPU,12216,
1587933979676,CRR_SYS_GPU,124,CRR_SYS_SOC,48,CRR_IN,310,CRR_SYS_CPU,8,
1587933979679,PWR_SYS_GPU,1514,PWR_SYS_SOC,586,PWR_IN,3813,PWR_SYS_CPU,97,
1587933980681,VDD_SYS_GPU,12216,VDD_SYS_SOC,12216,VDD_IN,12224,VDD_SYS_CPU,12216,
1587933980683,CRR_SYS_GPU,128,CRR_SYS_SOC,48,CRR_IN,310,CRR_SYS_CPU,8,
1587933980686,PWR_SYS_GPU,1563,PWR_SYS_SOC,586,PWR_IN,3789,PWR_SYS_CPU,97,
1587933981688,VDD_SYS_GPU,12216,VDD_SYS_SOC,12216,VDD_IN,12224,VDD_SYS_CPU,12216,
1587933981690,CRR_SYS_GPU,128,CRR_SYS_SOC,48,CRR_IN,310,CRR_SYS_CPU,8,
1587933981693,PWR_SYS_GPU,1563,PWR_SYS_SOC,586,PWR_IN,3789,PWR_SYS_CPU,97,
1587933982695,VDD_SYS_GPU,12192,VDD_SYS_SOC,12192,VDD_IN,12200,VDD_SYS_CPU,12192,
1587933982697,CRR_SYS_GPU,200,CRR_SYS_SOC,48,CRR_IN,422,CRR_SYS_CPU,32,
1587933982699,PWR_SYS_GPU,2438,PWR_SYS_SOC,585,PWR_IN,5148,PWR_SYS_CPU,390,
1587933983701,VDD_SYS_GPU,12144,VDD_SYS_SOC,12144,VDD_IN,12160,VDD_SYS_CPU,12152,
1587933983703,CRR_SYS_GPU,516,CRR_SYS_SOC,48,CRR_IN,710,CRR_SYS_CPU,12,
1587933983706,PWR_SYS_GPU,6266,PWR_SYS_SOC,582,PWR_IN,8633,PWR_SYS_CPU,145,
1587933984708,VDD_SYS_GPU,12136,VDD_SYS_SOC,12136,VDD_IN,12152,VDD_SYS_CPU,12144,
1587933984710,CRR_SYS_GPU,564,CRR_SYS_SOC,48,CRR_IN,752,CRR_SYS_CPU,8,
1587933984712,PWR_SYS_GPU,6844,PWR_SYS_SOC,582,PWR_IN,9162,PWR_SYS_CPU,97,
1587933985714,VDD_SYS_GPU,12136,VDD_SYS_SOC,12136,VDD_IN,12152,VDD_SYS_CPU,12144,
1587933985716,CRR_SYS_GPU,560,CRR_SYS_SOC,48,CRR_IN,750,CRR_SYS_CPU,8,
1587933985719,PWR_SYS_GPU,6796,PWR_SYS_SOC,582,PWR_IN,9114,PWR_SYS_CPU,97,
1587933986721,VDD_SYS_GPU,12136,VDD_SYS_SOC,12136,VDD_IN,12152,VDD_SYS_CPU,12136,
1587933986723,CRR_SYS_GPU,588,CRR_SYS_SOC,48,CRR_IN,772,CRR_SYS_CPU,8,
1587933986725,PWR_SYS_GPU,7135,PWR_SYS_SOC,582,PWR_IN,9381,PWR_SYS_CPU,97,
1587933987728,VDD_SYS_GPU,12136,VDD_SYS_SOC,12136,VDD_IN,12152,VDD_SYS_CPU,12136,
1587933987730,CRR_SYS_GPU,588,CRR_SYS_SOC,48,CRR_IN,774,CRR_SYS_CPU,8,
1587933987732,PWR_SYS_GPU,7135,PWR_SYS_SOC,582,PWR_IN,9405,PWR_SYS_CPU,97,
1587933988734,VDD_SYS_GPU,12152,VDD_SYS_SOC,12152,VDD_IN,12168,VDD_SYS_CPU,12160,
1587933988736,CRR_SYS_GPU,452,CRR_SYS_SOC,48,CRR_IN,658,CRR_SYS_CPU,24,
1587933988739,PWR_SYS_GPU,5492,PWR_SYS_SOC,583,PWR_IN,8006,PWR_SYS_CPU,291,
1587933989741,VDD_SYS_GPU,12152,VDD_SYS_SOC,12152,VDD_IN,12168,VDD_SYS_CPU,12160,
1587933989742,CRR_SYS_GPU,448,CRR_SYS_SOC,48,CRR_IN,652,CRR_SYS_CPU,24,
1587933989745,PWR_SYS_GPU,5444,PWR_SYS_SOC,583,PWR_IN,7957,PWR_SYS_CPU,291,
1587933990747,VDD_SYS_GPU,12192,VDD_SYS_SOC,12192,VDD_IN,12200,VDD_SYS_CPU,12192,
1587933990749,CRR_SYS_GPU,224,CRR_SYS_SOC,52,CRR_IN,432,CRR_SYS_CPU,20,
1587933990752,PWR_SYS_GPU,2731,PWR_SYS_SOC,633,PWR_IN,5270,PWR_SYS_CPU,243,
1587933991753,VDD_SYS_GPU,12208,VDD_SYS_SOC,12208,VDD_IN,12216,VDD_SYS_CPU,12208,
1587933991754,CRR_SYS_GPU,104,CRR_SYS_SOC,52,CRR_IN,344,CRR_SYS_CPU,48,
1587933991756,PWR_SYS_GPU,1269,PWR_SYS_SOC,634,PWR_IN,4202,PWR_SYS_CPU,585,
1587933992758,VDD_SYS_GPU,12208,VDD_SYS_SOC,12208,VDD_IN,12216,VDD_SYS_CPU,12208,
1587933992760,CRR_SYS_GPU,124,CRR_SYS_SOC,48,CRR_IN,338,CRR_SYS_CPU,12,
1587933992762,PWR_SYS_GPU,1513,PWR_SYS_SOC,585,PWR_IN,4129,PWR_SYS_CPU,146,
1587933993765,VDD_SYS_GPU,12208,VDD_SYS_SOC,12208,VDD_IN,12216,VDD_SYS_CPU,12208,
1587933993766,CRR_SYS_GPU,128,CRR_SYS_SOC,48,CRR_IN,342,CRR_SYS_CPU,8,
1587933993769,PWR_SYS_GPU,1562,PWR_SYS_SOC,585,PWR_IN,4177,PWR_SYS_CPU,97,
1587933994771,VDD_SYS_GPU,12216,VDD_SYS_SOC,12216,VDD_IN,12224,VDD_SYS_CPU,12216,
1587933994775,CRR_SYS_GPU,128,CRR_SYS_SOC,48,CRR_IN,316,CRR_SYS_CPU,8,
1587933994777,PWR_SYS_GPU,1563,PWR_SYS_SOC,586,PWR_IN,3862,PWR_SYS_CPU,97,
1587933995780,VDD_SYS_GPU,12216,VDD_SYS_SOC,12216,VDD_IN,12224,VDD_SYS_CPU,12216,
1587933995781,CRR_SYS_GPU,128,CRR_SYS_SOC,48,CRR_IN,310,CRR_SYS_CPU,8,
1587933995784,PWR_SYS_GPU,1563,PWR_SYS_SOC,586,PWR_IN,3789,PWR_SYS_CPU,97,
1587933996013,state,FEATURES
1587933996013,state,MATCHING
1587933996786,VDD_SYS_GPU,12200,VDD_SYS_SOC,12200,VDD_IN,12208,VDD_SYS_CPU,12200,
1587933996788,CRR_SYS_GPU,192,CRR_SYS_SOC,52,CRR_IN,408,CRR_SYS_CPU,12,
1587933996791,PWR_SYS_GPU,2342,PWR_SYS_SOC,634,PWR_IN,4980,PWR_SYS_CPU,146,
1587933997793,VDD_SYS_GPU,12200,VDD_SYS_SOC,12192,VDD_IN,12208,VDD_SYS_CPU,12200,
1587933997795,CRR_SYS_GPU,204,CRR_SYS_SOC,52,CRR_IN,424,CRR_SYS_CPU,8,
1587933997798,PWR_SYS_GPU,2488,PWR_SYS_SOC,633,PWR_IN,5176,PWR_SYS_CPU,97,
1587933998800,VDD_SYS_GPU,12200,VDD_SYS_SOC,12192,VDD_IN,12200,VDD_SYS_CPU,12200,
1587933998802,CRR_SYS_GPU,208,CRR_SYS_SOC,52,CRR_IN,426,CRR_SYS_CPU,8,
1587933998805,PWR_SYS_GPU,2537,PWR_SYS_SOC,633,PWR_IN,5197,PWR_SYS_CPU,97,
1587933999807,VDD_SYS_GPU,12200,VDD_SYS_SOC,12192,VDD_IN,12208,VDD_SYS_CPU,12200,
1587933999809,CRR_SYS_GPU,208,CRR_SYS_SOC,52,CRR_IN,428,CRR_SYS_CPU,8,
1587933999812,PWR_SYS_GPU,2537,PWR_SYS_SOC,633,PWR_IN,5221,PWR_SYS_CPU,97,
1587934000814,VDD_SYS_GPU,12200,VDD_SYS_SOC,12192,VDD_IN,12200,VDD_SYS_CPU,12200,
1587934000816,CRR_SYS_GPU,208,CRR_SYS_SOC,52,CRR_IN,426,CRR_SYS_CPU,8,
1587934000819,PWR_SYS_GPU,2537,PWR_SYS_SOC,633,PWR_IN,5197,PWR_SYS_CPU,97,
1587934001821,VDD_SYS_GPU,12200,VDD_SYS_SOC,12192,VDD_IN,12200,VDD_SYS_CPU,12200,
1587934001823,CRR_SYS_GPU,208,CRR_SYS_SOC,52,CRR_IN,428,CRR_SYS_CPU,8,
1587934001825,PWR_SYS_GPU,2537,PWR_SYS_SOC,633,PWR_IN,5221,PWR_SYS_CPU,97,
1587934002827,VDD_SYS_GPU,12200,VDD_SYS_SOC,12192,VDD_IN,12200,VDD_SYS_CPU,12200,
1587934002829,CRR_SYS_GPU,208,CRR_SYS_SOC,52,CRR_IN,426,CRR_SYS_CPU,8,
1587934002832,PWR_SYS_GPU,2537,PWR_SYS_SOC,633,PWR_IN,5197,PWR_SYS_CPU,97,
1587934003834,VDD_SYS_GPU,12200,VDD_SYS_SOC,12192,VDD_IN,12200,VDD_SYS_CPU,12200,
1587934003835,CRR_SYS_GPU,208,CRR_SYS_SOC,52,CRR_IN,426,CRR_SYS_CPU,8,
1587934003838,PWR_SYS_GPU,2537,PWR_SYS_SOC,633,PWR_IN,5197,PWR_SYS_CPU,97,
1587934004840,VDD_SYS_GPU,12200,VDD_SYS_SOC,12192,VDD_IN,12208,VDD_SYS_CPU,12200,
1587934004842,CRR_SYS_GPU,208,CRR_SYS_SOC,52,CRR_IN,424,CRR_SYS_CPU,8,
1587934004845,PWR_SYS_GPU,2537,PWR_SYS_SOC,633,PWR_IN,5172,PWR_SYS_CPU,97,
1587934005847,VDD_SYS_GPU,12200,VDD_SYS_SOC,12192,VDD_IN,12208,VDD_SYS_CPU,12200,
1587934005849,CRR_SYS_GPU,208,CRR_SYS_SOC,52,CRR_IN,424,CRR_SYS_CPU,8,
1587934005852,PWR_SYS_GPU,2537,PWR_SYS_SOC,633,PWR_IN,5172,PWR_SYS_CPU,97,
1587934006854,VDD_SYS_GPU,12200,VDD_SYS_SOC,12192,VDD_IN,12200,VDD_SYS_CPU,12200,
1587934006856,CRR_SYS_GPU,208,CRR_SYS_SOC,52,CRR_IN,426,CRR_SYS_CPU,8,
1587934006859,PWR_SYS_GPU,2537,PWR_SYS_SOC,633,PWR_IN,5197,PWR_SYS_CPU,97,
1587934007861,VDD_SYS_GPU,12200,VDD_SYS_SOC,12192,VDD_IN,12200,VDD_SYS_CPU,12200,
1587934007863,CRR_SYS_GPU,204,CRR_SYS_SOC,52,CRR_IN,426,CRR_SYS_CPU,8,
1587934007866,PWR_SYS_GPU,2488,PWR_SYS_SOC,633,PWR_IN,5197,PWR_SYS_CPU,97,
1587934008868,VDD_SYS_GPU,12192,VDD_SYS_SOC,12192,VDD_IN,12200,VDD_SYS_CPU,12200,
1587934008870,CRR_SYS_GPU,204,CRR_SYS_SOC,52,CRR_IN,432,CRR_SYS_CPU,8,
1587934008873,PWR_SYS_GPU,2487,PWR_SYS_SOC,633,PWR_IN,5270,PWR_SYS_CPU,97,
1587934009874,VDD_SYS_GPU,12192,VDD_SYS_SOC,12192,VDD_IN,12200,VDD_SYS_CPU,12200,
1587934009877,CRR_SYS_GPU,204,CRR_SYS_SOC,52,CRR_IN,430,CRR_SYS_CPU,8,
1587934009879,PWR_SYS_GPU,2487,PWR_SYS_SOC,633,PWR_IN,5246,PWR_SYS_CPU,97,
1587934010881,VDD_SYS_GPU,12192,VDD_SYS_SOC,12192,VDD_IN,12200,VDD_SYS_CPU,12192,
1587934010883,CRR_SYS_GPU,204,CRR_SYS_SOC,52,CRR_IN,432,CRR_SYS_CPU,8,
1587934010885,PWR_SYS_GPU,2487,PWR_SYS_SOC,633,PWR_IN,5270,PWR_SYS_CPU,97,
1587934011888,VDD_SYS_GPU,12192,VDD_SYS_SOC,12192,VDD_IN,12200,VDD_SYS_CPU,12192,
1587934011890,CRR_SYS_GPU,204,CRR_SYS_SOC,52,CRR_IN,432,CRR_SYS_CPU,8,
1587934011892,PWR_SYS_GPU,2487,PWR_SYS_SOC,633,PWR_IN,5270,PWR_SYS_CPU,97,
1587934012894,VDD_SYS_GPU,12192,VDD_SYS_SOC,12192,VDD_IN,12200,VDD_SYS_CPU,12192,
1587934012896,CRR_SYS_GPU,204,CRR_SYS_SOC,52,CRR_IN,432,CRR_SYS_CPU,8,
1587934012898,PWR_SYS_GPU,2487,PWR_SYS_SOC,633,PWR_IN,5270,PWR_SYS_CPU,97,
1587934013900,VDD_SYS_GPU,12192,VDD_SYS_SOC,12192,VDD_IN,12200,VDD_SYS_CPU,12192,
1587934013902,CRR_SYS_GPU,204,CRR_SYS_SOC,52,CRR_IN,432,CRR_SYS_CPU,8,
1587934013905,PWR_SYS_GPU,2487,PWR_SYS_SOC,633,PWR_IN,5270,PWR_SYS_CPU,97,
1587934014907,VDD_SYS_GPU,12192,VDD_SYS_SOC,12192,VDD_IN,12200,VDD_SYS_CPU,12192,
1587934014909,CRR_SYS_GPU,204,CRR_SYS_SOC,52,CRR_IN,432,CRR_SYS_CPU,8,
1587934014912,PWR_SYS_GPU,2487,PWR_SYS_SOC,633,PWR_IN,5270,PWR_SYS_CPU,97,
1587934015914,VDD_SYS_GPU,12192,VDD_SYS_SOC,12192,VDD_IN,12200,VDD_SYS_CPU,12192,
1587934015916,CRR_SYS_GPU,204,CRR_SYS_SOC,52,CRR_IN,432,CRR_SYS_CPU,8,
1587934015919,PWR_SYS_GPU,2487,PWR_SYS_SOC,633,PWR_IN,5270,PWR_SYS_CPU,97,
1587934016921,VDD_SYS_GPU,12192,VDD_SYS_SOC,12192,VDD_IN,12200,VDD_SYS_CPU,12192,
1587934016923,CRR_SYS_GPU,204,CRR_SYS_SOC,52,CRR_IN,432,CRR_SYS_CPU,8,
1587934016926,PWR_SYS_GPU,2487,PWR_SYS_SOC,633,PWR_IN,5270,PWR_SYS_CPU,97,
1587934017928,VDD_SYS_GPU,12192,VDD_SYS_SOC,12192,VDD_IN,12200,VDD_SYS_CPU,12192,
1587934017930,CRR_SYS_GPU,204,CRR_SYS_SOC,52,CRR_IN,432,CRR_SYS_CPU,8,
1587934017933,PWR_SYS_GPU,2487,PWR_SYS_SOC,633,PWR_IN,5270,PWR_SYS_CPU,97,
1587934018935,VDD_SYS_GPU,12192,VDD_SYS_SOC,12192,VDD_IN,12200,VDD_SYS_CPU,12192,
1587934018937,CRR_SYS_GPU,204,CRR_SYS_SOC,52,CRR_IN,432,CRR_SYS_CPU,8,
1587934018940,PWR_SYS_GPU,2487,PWR_SYS_SOC,633,PWR_IN,5270,PWR_SYS_CPU,97,
1587934019942,VDD_SYS_GPU,12192,VDD_SYS_SOC,12192,VDD_IN,12200,VDD_SYS_CPU,12192,
1587934019944,CRR_SYS_GPU,204,CRR_SYS_SOC,52,CRR_IN,432,CRR_SYS_CPU,8,
1587934019947,PWR_SYS_GPU,2487,PWR_SYS_SOC,633,PWR_IN,5270,PWR_SYS_CPU,97,
1587934020949,VDD_SYS_GPU,12192,VDD_SYS_SOC,12192,VDD_IN,12200,VDD_SYS_CPU,12200,
1587934020951,CRR_SYS_GPU,204,CRR_SYS_SOC,52,CRR_IN,430,CRR_SYS_CPU,8,
1587934020954,PWR_SYS_GPU,2487,PWR_SYS_SOC,633,PWR_IN,5246,PWR_SYS_CPU,97,
1587934021956,VDD_SYS_GPU,12192,VDD_SYS_SOC,12192,VDD_IN,12200,VDD_SYS_CPU,12192,
1587934021958,CRR_SYS_GPU,204,CRR_SYS_SOC,52,CRR_IN,432,CRR_SYS_CPU,8,
1587934021960,PWR_SYS_GPU,2487,PWR_SYS_SOC,633,PWR_IN,5270,PWR_SYS_CPU,97,
1587934022963,VDD_SYS_GPU,12192,VDD_SYS_SOC,12192,VDD_IN,12200,VDD_SYS_CPU,12192,
1587934022965,CRR_SYS_GPU,204,CRR_SYS_SOC,52,CRR_IN,432,CRR_SYS_CPU,8,
1587934022967,PWR_SYS_GPU,2487,PWR_SYS_SOC,633,PWR_IN,5270,PWR_SYS_CPU,97,
1587934023969,VDD_SYS_GPU,12192,VDD_SYS_SOC,12192,VDD_IN,12200,VDD_SYS_CPU,12192,
1587934023971,CRR_SYS_GPU,204,CRR_SYS_SOC,52,CRR_IN,432,CRR_SYS_CPU,8,
1587934023974,PWR_SYS_GPU,2487,PWR_SYS_SOC,633,PWR_IN,5270,PWR_SYS_CPU,97,
1587934024976,VDD_SYS_GPU,12192,VDD_SYS_SOC,12192,VDD_IN,12200,VDD_SYS_CPU,12200,
1587934024978,CRR_SYS_GPU,204,CRR_SYS_SOC,52,CRR_IN,432,CRR_SYS_CPU,8,
1587934024982,PWR_SYS_GPU,2487,PWR_SYS_SOC,633,PWR_IN,5270,PWR_SYS_CPU,97,
1587934025984,VDD_SYS_GPU,12192,VDD_SYS_SOC,12192,VDD_IN,12200,VDD_SYS_CPU,12192,
1587934025986,CRR_SYS_GPU,204,CRR_SYS_SOC,52,CRR_IN,432,CRR_SYS_CPU,8,
1587934025988,PWR_SYS_GPU,2487,PWR_SYS_SOC,633,PWR_IN,5270,PWR_SYS_CPU,97,
1587934026991,VDD_SYS_GPU,12192,VDD_SYS_SOC,12192,VDD_IN,12200,VDD_SYS_CPU,12192,
1587934026993,CRR_SYS_GPU,204,CRR_SYS_SOC,52,CRR_IN,432,CRR_SYS_CPU,8,
1587934026995,PWR_SYS_GPU,2487,PWR_SYS_SOC,633,PWR_IN,5270,PWR_SYS_CPU,97,
1587934027997,VDD_SYS_GPU,12192,VDD_SYS_SOC,12192,VDD_IN,12200,VDD_SYS_CPU,12192,
1587934027999,CRR_SYS_GPU,204,CRR_SYS_SOC,52,CRR_IN,432,CRR_SYS_CPU,8,
1587934028002,PWR_SYS_GPU,2487,PWR_SYS_SOC,633,PWR_IN,5270,PWR_SYS_CPU,97,
1587934029004,VDD_SYS_GPU,12192,VDD_SYS_SOC,12192,VDD_IN,12200,VDD_SYS_CPU,12192,
1587934029006,CRR_SYS_GPU,204,CRR_SYS_SOC,52,CRR_IN,432,CRR_SYS_CPU,8,
1587934029009,PWR_SYS_GPU,2487,PWR_SYS_SOC,633,PWR_IN,5270,PWR_SYS_CPU,97,
1587934030011,VDD_SYS_GPU,12192,VDD_SYS_SOC,12192,VDD_IN,12200,VDD_SYS_CPU,12192,
1587934030013,CRR_SYS_GPU,204,CRR_SYS_SOC,52,CRR_IN,434,CRR_SYS_CPU,8,
1587934030016,PWR_SYS_GPU,2487,PWR_SYS_SOC,633,PWR_IN,5294,PWR_SYS_CPU,97,
1587934031018,VDD_SYS_GPU,12192,VDD_SYS_SOC,12192,VDD_IN,12200,VDD_SYS_CPU,12192,
1587934031020,CRR_SYS_GPU,204,CRR_SYS_SOC,52,CRR_IN,434,CRR_SYS_CPU,8,
1587934031022,PWR_SYS_GPU,2487,PWR_SYS_SOC,633,PWR_IN,5294,PWR_SYS_CPU,97,
1587934032024,VDD_SYS_GPU,12192,VDD_SYS_SOC,12192,VDD_IN,12200,VDD_SYS_CPU,12192,
1587934032026,CRR_SYS_GPU,204,CRR_SYS_SOC,52,CRR_IN,432,CRR_SYS_CPU,8,
1587934032029,PWR_SYS_GPU,2487,PWR_SYS_SOC,633,PWR_IN,5270,PWR_SYS_CPU,97,
1587934033031,VDD_SYS_GPU,12192,VDD_SYS_SOC,12192,VDD_IN,12200,VDD_SYS_CPU,12200,
1587934033033,CRR_SYS_GPU,204,CRR_SYS_SOC,52,CRR_IN,432,CRR_SYS_CPU,8,
1587934033035,PWR_SYS_GPU,2487,PWR_SYS_SOC,633,PWR_IN,5270,PWR_SYS_CPU,97,
1587934034037,VDD_SYS_GPU,12192,VDD_SYS_SOC,12192,VDD_IN,12200,VDD_SYS_CPU,12200,
1587934034039,CRR_SYS_GPU,204,CRR_SYS_SOC,52,CRR_IN,432,CRR_SYS_CPU,8,
1587934034041,PWR_SYS_GPU,2487,PWR_SYS_SOC,633,PWR_IN,5270,PWR_SYS_CPU,97,
1587934035044,VDD_SYS_GPU,12192,VDD_SYS_SOC,12192,VDD_IN,12200,VDD_SYS_CPU,12192,
1587934035046,CRR_SYS_GPU,204,CRR_SYS_SOC,52,CRR_IN,432,CRR_SYS_CPU,8,
1587934035048,PWR_SYS_GPU,2487,PWR_SYS_SOC,633,PWR_IN,5270,PWR_SYS_CPU,97,
1587934036050,VDD_SYS_GPU,12192,VDD_SYS_SOC,12192,VDD_IN,12200,VDD_SYS_CPU,12192,
1587934036052,CRR_SYS_GPU,204,CRR_SYS_SOC,52,CRR_IN,432,CRR_SYS_CPU,8,
1587934036055,PWR_SYS_GPU,2487,PWR_SYS_SOC,633,PWR_IN,5270,PWR_SYS_CPU,97,
1587934037057,VDD_SYS_GPU,12192,VDD_SYS_SOC,12192,VDD_IN,12200,VDD_SYS_CPU,12192,
1587934037059,CRR_SYS_GPU,204,CRR_SYS_SOC,52,CRR_IN,434,CRR_SYS_CPU,8,
1587934037062,PWR_SYS_GPU,2487,PWR_SYS_SOC,633,PWR_IN,5294,PWR_SYS_CPU,97,
1587934038064,VDD_SYS_GPU,12192,VDD_SYS_SOC,12192,VDD_IN,12200,VDD_SYS_CPU,12192,
1587934038066,CRR_SYS_GPU,204,CRR_SYS_SOC,52,CRR_IN,432,CRR_SYS_CPU,8,
1587934038069,PWR_SYS_GPU,2487,PWR_SYS_SOC,633,PWR_IN,5270,PWR_SYS_CPU,97,
1587934039071,VDD_SYS_GPU,12192,VDD_SYS_SOC,12192,VDD_IN,12200,VDD_SYS_CPU,12192,
1587934039073,CRR_SYS_GPU,204,CRR_SYS_SOC,52,CRR_IN,432,CRR_SYS_CPU,8,
1587934039076,PWR_SYS_GPU,2487,PWR_SYS_SOC,633,PWR_IN,5270,PWR_SYS_CPU,97,
1587934040078,VDD_SYS_GPU,12192,VDD_SYS_SOC,12192,VDD_IN,12200,VDD_SYS_CPU,12192,
1587934040081,CRR_SYS_GPU,204,CRR_SYS_SOC,52,CRR_IN,432,CRR_SYS_CPU,8,
1587934040083,PWR_SYS_GPU,2487,PWR_SYS_SOC,633,PWR_IN,5270,PWR_SYS_CPU,97,
1587934041085,VDD_SYS_GPU,12192,VDD_SYS_SOC,12192,VDD_IN,12200,VDD_SYS_CPU,12192,
1587934041087,CRR_SYS_GPU,204,CRR_SYS_SOC,52,CRR_IN,432,CRR_SYS_CPU,8,
1587934041089,PWR_SYS_GPU,2487,PWR_SYS_SOC,633,PWR_IN,5270,PWR_SYS_CPU,97,
1587934042092,VDD_SYS_GPU,12192,VDD_SYS_SOC,12192,VDD_IN,12200,VDD_SYS_CPU,12192,
1587934042094,CRR_SYS_GPU,204,CRR_SYS_SOC,52,CRR_IN,434,CRR_SYS_CPU,8,
1587934042096,PWR_SYS_GPU,2487,PWR_SYS_SOC,633,PWR_IN,5294,PWR_SYS_CPU,97,
1587934043098,VDD_SYS_GPU,12192,VDD_SYS_SOC,12192,VDD_IN,12200,VDD_SYS_CPU,12192,
1587934043100,CRR_SYS_GPU,204,CRR_SYS_SOC,52,CRR_IN,434,CRR_SYS_CPU,8,
1587934043103,PWR_SYS_GPU,2487,PWR_SYS_SOC,633,PWR_IN,5294,PWR_SYS_CPU,97,
1587934043432,state,matching images
1587934043433,state,done matching images
1587934043434,state,MATCHING
1587934043434,state,TRIANGULATE
1587934043555,state,TRIANGULATE
1587934043555,state,FILTER
1587934044104,VDD_SYS_GPU,12208,VDD_SYS_SOC,12208,VDD_IN,12216,VDD_SYS_CPU,12208,
1587934044105,CRR_SYS_GPU,96,CRR_SYS_SOC,52,CRR_IN,304,CRR_SYS_CPU,16,
1587934044107,PWR_SYS_GPU,1171,PWR_SYS_SOC,634,PWR_IN,3713,PWR_SYS_CPU,195,
1587934044190,state,FILTER
1587934044190,state,BA
1587934045109,VDD_SYS_GPU,12216,VDD_SYS_SOC,12216,VDD_IN,12216,VDD_SYS_CPU,12216,
1587934045111,CRR_SYS_GPU,64,CRR_SYS_SOC,48,CRR_IN,274,CRR_SYS_CPU,28,
1587934045114,PWR_SYS_GPU,781,PWR_SYS_SOC,586,PWR_IN,3347,PWR_SYS_CPU,342,
1587934046117,VDD_SYS_GPU,12216,VDD_SYS_SOC,12216,VDD_IN,12216,VDD_SYS_CPU,12216,
1587934046118,CRR_SYS_GPU,72,CRR_SYS_SOC,48,CRR_IN,262,CRR_SYS_CPU,12,
1587934046121,PWR_SYS_GPU,879,PWR_SYS_SOC,586,PWR_IN,3200,PWR_SYS_CPU,146,
1587934047123,VDD_SYS_GPU,12216,VDD_SYS_SOC,12216,VDD_IN,12216,VDD_SYS_CPU,12216,
1587934047124,CRR_SYS_GPU,72,CRR_SYS_SOC,48,CRR_IN,262,CRR_SYS_CPU,8,
1587934047127,PWR_SYS_GPU,879,PWR_SYS_SOC,586,PWR_IN,3200,PWR_SYS_CPU,97,
1587934048129,VDD_SYS_GPU,12216,VDD_SYS_SOC,12216,VDD_IN,12216,VDD_SYS_CPU,12216,
1587934048131,CRR_SYS_GPU,72,CRR_SYS_SOC,48,CRR_IN,262,CRR_SYS_CPU,8,
1587934048134,PWR_SYS_GPU,879,PWR_SYS_SOC,586,PWR_IN,3200,PWR_SYS_CPU,97,
1587934049136,VDD_SYS_GPU,12216,VDD_SYS_SOC,12216,VDD_IN,12216,VDD_SYS_CPU,12216,
1587934049138,CRR_SYS_GPU,72,CRR_SYS_SOC,48,CRR_IN,264,CRR_SYS_CPU,8,
1587934049141,PWR_SYS_GPU,879,PWR_SYS_SOC,586,PWR_IN,3225,PWR_SYS_CPU,97,
1587934050143,VDD_SYS_GPU,12216,VDD_SYS_SOC,12216,VDD_IN,12216,VDD_SYS_CPU,12216,
1587934050145,CRR_SYS_GPU,72,CRR_SYS_SOC,48,CRR_IN,264,CRR_SYS_CPU,8,
1587934050147,PWR_SYS_GPU,879,PWR_SYS_SOC,586,PWR_IN,3227,PWR_SYS_CPU,146,
1587934051149,VDD_SYS_GPU,12216,VDD_SYS_SOC,12216,VDD_IN,12224,VDD_SYS_CPU,12216,
1587934051151,CRR_SYS_GPU,72,CRR_SYS_SOC,48,CRR_IN,264,CRR_SYS_CPU,8,
1587934051154,PWR_SYS_GPU,879,PWR_SYS_SOC,586,PWR_IN,3227,PWR_SYS_CPU,97,
1587934052156,VDD_SYS_GPU,12216,VDD_SYS_SOC,12216,VDD_IN,12216,VDD_SYS_CPU,12216,
1587934052158,CRR_SYS_GPU,72,CRR_SYS_SOC,48,CRR_IN,264,CRR_SYS_CPU,8,
1587934052161,PWR_SYS_GPU,879,PWR_SYS_SOC,586,PWR_IN,3225,PWR_SYS_CPU,97,
1587934053163,VDD_SYS_GPU,12216,VDD_SYS_SOC,12216,VDD_IN,12216,VDD_SYS_CPU,12216,
1587934053165,CRR_SYS_GPU,72,CRR_SYS_SOC,48,CRR_IN,264,CRR_SYS_CPU,8,
1587934053167,PWR_SYS_GPU,879,PWR_SYS_SOC,586,PWR_IN,3225,PWR_SYS_CPU,97,
1587934054170,VDD_SYS_GPU,12216,VDD_SYS_SOC,12216,VDD_IN,12216,VDD_SYS_CPU,12216,
1587934054172,CRR_SYS_GPU,72,CRR_SYS_SOC,48,CRR_IN,262,CRR_SYS_CPU,8,
1587934054174,PWR_SYS_GPU,879,PWR_SYS_SOC,586,PWR_IN,3200,PWR_SYS_CPU,97,
1587934055177,VDD_SYS_GPU,12216,VDD_SYS_SOC,12216,VDD_IN,12216,VDD_SYS_CPU,12216,
1587934055179,CRR_SYS_GPU,72,CRR_SYS_SOC,48,CRR_IN,264,CRR_SYS_CPU,8,
1587934055181,PWR_SYS_GPU,879,PWR_SYS_SOC,586,PWR_IN,3225,PWR_SYS_CPU,97,
1587934056183,VDD_SYS_GPU,12216,VDD_SYS_SOC,12216,VDD_IN,12224,VDD_SYS_CPU,12216,
1587934056184,CRR_SYS_GPU,72,CRR_SYS_SOC,48,CRR_IN,294,CRR_SYS_CPU,8,
1587934056187,PWR_SYS_GPU,879,PWR_SYS_SOC,586,PWR_IN,3593,PWR_SYS_CPU,97,
1587934057189,VDD_SYS_GPU,12216,VDD_SYS_SOC,12216,VDD_IN,12224,VDD_SYS_CPU,12216,
1587934057191,CRR_SYS_GPU,72,CRR_SYS_SOC,48,CRR_IN,286,CRR_SYS_CPU,12,
1587934057194,PWR_SYS_GPU,879,PWR_SYS_SOC,586,PWR_IN,3496,PWR_SYS_CPU,146,
1587934058196,VDD_SYS_GPU,12216,VDD_SYS_SOC,12216,VDD_IN,12216,VDD_SYS_CPU,12216,
1587934058198,CRR_SYS_GPU,72,CRR_SYS_SOC,48,CRR_IN,266,CRR_SYS_CPU,8,
1587934058200,PWR_SYS_GPU,879,PWR_SYS_SOC,586,PWR_IN,3249,PWR_SYS_CPU,97,
1587934059202,VDD_SYS_GPU,12216,VDD_SYS_SOC,12216,VDD_IN,12216,VDD_SYS_CPU,12216,
1587934059203,CRR_SYS_GPU,72,CRR_SYS_SOC,48,CRR_IN,264,CRR_SYS_CPU,8,
1587934059205,PWR_SYS_GPU,879,PWR_SYS_SOC,586,PWR_IN,3225,PWR_SYS_CPU,97,
1587934060208,VDD_SYS_GPU,12216,VDD_SYS_SOC,12216,VDD_IN,12216,VDD_SYS_CPU,12216,
1587934060210,CRR_SYS_GPU,72,CRR_SYS_SOC,48,CRR_IN,264,CRR_SYS_CPU,8,
1587934060212,PWR_SYS_GPU,879,PWR_SYS_SOC,586,PWR_IN,3225,PWR_SYS_CPU,97,
1587934061214,VDD_SYS_GPU,12216,VDD_SYS_SOC,12216,VDD_IN,12216,VDD_SYS_CPU,12216,
1587934061215,CRR_SYS_GPU,72,CRR_SYS_SOC,48,CRR_IN,262,CRR_SYS_CPU,8,
1587934061218,PWR_SYS_GPU,879,PWR_SYS_SOC,586,PWR_IN,3200,PWR_SYS_CPU,97,
1587934062220,VDD_SYS_GPU,12216,VDD_SYS_SOC,12216,VDD_IN,12216,VDD_SYS_CPU,12216,
1587934062222,CRR_SYS_GPU,72,CRR_SYS_SOC,48,CRR_IN,264,CRR_SYS_CPU,8,
1587934062225,PWR_SYS_GPU,879,PWR_SYS_SOC,586,PWR_IN,3225,PWR_SYS_CPU,97,
1587934063227,VDD_SYS_GPU,12216,VDD_SYS_SOC,12216,VDD_IN,12216,VDD_SYS_CPU,12216,
1587934063229,CRR_SYS_GPU,72,CRR_SYS_SOC,48,CRR_IN,264,CRR_SYS_CPU,8,
1587934063231,PWR_SYS_GPU,879,PWR_SYS_SOC,586,PWR_IN,3225,PWR_SYS_CPU,97,
1587934064233,VDD_SYS_GPU,12216,VDD_SYS_SOC,12216,VDD_IN,12216,VDD_SYS_CPU,12216,
1587934064235,CRR_SYS_GPU,72,CRR_SYS_SOC,48,CRR_IN,264,CRR_SYS_CPU,8,
1587934064238,PWR_SYS_GPU,879,PWR_SYS_SOC,586,PWR_IN,3225,PWR_SYS_CPU,97,
1587934065240,VDD_SYS_GPU,12216,VDD_SYS_SOC,12216,VDD_IN,12224,VDD_SYS_CPU,12216,
1587934065242,CRR_SYS_GPU,72,CRR_SYS_SOC,48,CRR_IN,264,CRR_SYS_CPU,8,
1587934065244,PWR_SYS_GPU,879,PWR_SYS_SOC,586,PWR_IN,3249,PWR_SYS_CPU,97,
1587934066246,VDD_SYS_GPU,12216,VDD_SYS_SOC,12216,VDD_IN,12224,VDD_SYS_CPU,12216,
1587934066248,CRR_SYS_GPU,72,CRR_SYS_SOC,48,CRR_IN,266,CRR_SYS_CPU,8,
1587934066250,PWR_SYS_GPU,879,PWR_SYS_SOC,586,PWR_IN,3251,PWR_SYS_CPU,97,
1587934067253,VDD_SYS_GPU,12216,VDD_SYS_SOC,12216,VDD_IN,12224,VDD_SYS_CPU,12216,
1587934067254,CRR_SYS_GPU,72,CRR_SYS_SOC,48,CRR_IN,266,CRR_SYS_CPU,8,
1587934067257,PWR_SYS_GPU,879,PWR_SYS_SOC,586,PWR_IN,3251,PWR_SYS_CPU,97,
1587934068259,VDD_SYS_GPU,12216,VDD_SYS_SOC,12216,VDD_IN,12216,VDD_SYS_CPU,12216,
1587934068261,CRR_SYS_GPU,72,CRR_SYS_SOC,48,CRR_IN,264,CRR_SYS_CPU,8,
1587934068264,PWR_SYS_GPU,879,PWR_SYS_SOC,586,PWR_IN,3225,PWR_SYS_CPU,97,
1587934069265,VDD_SYS_GPU,12216,VDD_SYS_SOC,12216,VDD_IN,12216,VDD_SYS_CPU,12216,
1587934069267,CRR_SYS_GPU,72,CRR_SYS_SOC,48,CRR_IN,262,CRR_SYS_CPU,8,
1587934069269,PWR_SYS_GPU,879,PWR_SYS_SOC,586,PWR_IN,3200,PWR_SYS_CPU,97,
1587934070271,VDD_SYS_GPU,12216,VDD_SYS_SOC,12216,VDD_IN,12216,VDD_SYS_CPU,12216,
1587934070273,CRR_SYS_GPU,72,CRR_SYS_SOC,48,CRR_IN,262,CRR_SYS_CPU,8,
1587934070276,PWR_SYS_GPU,879,PWR_SYS_SOC,586,PWR_IN,3225,PWR_SYS_CPU,97,
1587934071278,VDD_SYS_GPU,12216,VDD_SYS_SOC,12216,VDD_IN,12216,VDD_SYS_CPU,12216,
1587934071280,CRR_SYS_GPU,72,CRR_SYS_SOC,48,CRR_IN,264,CRR_SYS_CPU,8,
1587934071282,PWR_SYS_GPU,879,PWR_SYS_SOC,586,PWR_IN,3225,PWR_SYS_CPU,97,
1587934072284,VDD_SYS_GPU,12216,VDD_SYS_SOC,12216,VDD_IN,12216,VDD_SYS_CPU,12216,
1587934072286,CRR_SYS_GPU,72,CRR_SYS_SOC,48,CRR_IN,264,CRR_SYS_CPU,8,
1587934072288,PWR_SYS_GPU,879,PWR_SYS_SOC,586,PWR_IN,3225,PWR_SYS_CPU,97,
1587934073290,VDD_SYS_GPU,12216,VDD_SYS_SOC,12216,VDD_IN,12216,VDD_SYS_CPU,12216,
1587934073292,CRR_SYS_GPU,72,CRR_SYS_SOC,48,CRR_IN,264,CRR_SYS_CPU,8,
1587934073295,PWR_SYS_GPU,879,PWR_SYS_SOC,586,PWR_IN,3225,PWR_SYS_CPU,97,
1587934074297,VDD_SYS_GPU,12216,VDD_SYS_SOC,12216,VDD_IN,12216,VDD_SYS_CPU,12216,
1587934074299,CRR_SYS_GPU,72,CRR_SYS_SOC,48,CRR_IN,264,CRR_SYS_CPU,8,
1587934074301,PWR_SYS_GPU,879,PWR_SYS_SOC,586,PWR_IN,3225,PWR_SYS_CPU,97,
1587934075304,VDD_SYS_GPU,12216,VDD_SYS_SOC,12216,VDD_IN,12216,VDD_SYS_CPU,12216,
1587934075306,CRR_SYS_GPU,72,CRR_SYS_SOC,48,CRR_IN,260,CRR_SYS_CPU,8,
1587934075308,PWR_SYS_GPU,879,PWR_SYS_SOC,586,PWR_IN,3176,PWR_SYS_CPU,97,
1587934076310,VDD_SYS_GPU,12216,VDD_SYS_SOC,12216,VDD_IN,12216,VDD_SYS_CPU,12216,
1587934076312,CRR_SYS_GPU,72,CRR_SYS_SOC,48,CRR_IN,264,CRR_SYS_CPU,8,
1587934076315,PWR_SYS_GPU,879,PWR_SYS_SOC,586,PWR_IN,3225,PWR_SYS_CPU,97,
1587934077317,VDD_SYS_GPU,12216,VDD_SYS_SOC,12216,VDD_IN,12216,VDD_SYS_CPU,12216,
1587934077319,CRR_SYS_GPU,72,CRR_SYS_SOC,48,CRR_IN,266,CRR_SYS_CPU,8,
1587934077322,PWR_SYS_GPU,879,PWR_SYS_SOC,586,PWR_IN,3249,PWR_SYS_CPU,97,
1587934078324,VDD_SYS_GPU,12216,VDD_SYS_SOC,12216,VDD_IN,12216,VDD_SYS_CPU,12216,
1587934078326,CRR_SYS_GPU,72,CRR_SYS_SOC,48,CRR_IN,266,CRR_SYS_CPU,8,
1587934078328,PWR_SYS_GPU,879,PWR_SYS_SOC,586,PWR_IN,3249,PWR_SYS_CPU,97,
1587934079330,VDD_SYS_GPU,12216,VDD_SYS_SOC,12216,VDD_IN,12216,VDD_SYS_CPU,12216,
1587934079332,CRR_SYS_GPU,72,CRR_SYS_SOC,48,CRR_IN,266,CRR_SYS_CPU,8,
1587934079334,PWR_SYS_GPU,879,PWR_SYS_SOC,586,PWR_IN,3249,PWR_SYS_CPU,97,
1587934080337,VDD_SYS_GPU,12216,VDD_SYS_SOC,12216,VDD_IN,12216,VDD_SYS_CPU,12216,
1587934080339,CRR_SYS_GPU,72,CRR_SYS_SOC,48,CRR_IN,264,CRR_SYS_CPU,8,
1587934080341,PWR_SYS_GPU,879,PWR_SYS_SOC,586,PWR_IN,3249,PWR_SYS_CPU,97,
1587934081343,VDD_SYS_GPU,12216,VDD_SYS_SOC,12216,VDD_IN,12216,VDD_SYS_CPU,12216,
1587934081345,CRR_SYS_GPU,72,CRR_SYS_SOC,48,CRR_IN,266,CRR_SYS_CPU,8,
1587934081348,PWR_SYS_GPU,879,PWR_SYS_SOC,586,PWR_IN,3249,PWR_SYS_CPU,97,
1587934082350,VDD_SYS_GPU,12216,VDD_SYS_SOC,12216,VDD_IN,12224,VDD_SYS_CPU,12216,
1587934082352,CRR_SYS_GPU,72,CRR_SYS_SOC,48,CRR_IN,264,CRR_SYS_CPU,8,
1587934082354,PWR_SYS_GPU,879,PWR_SYS_SOC,586,PWR_IN,3227,PWR_SYS_CPU,97,
1587934083357,VDD_SYS_GPU,12216,VDD_SYS_SOC,12216,VDD_IN,12224,VDD_SYS_CPU,12216,
1587934083358,CRR_SYS_GPU,72,CRR_SYS_SOC,48,CRR_IN,264,CRR_SYS_CPU,8,
1587934083361,PWR_SYS_GPU,879,PWR_SYS_SOC,586,PWR_IN,3225,PWR_SYS_CPU,97,
1587934084364,VDD_SYS_GPU,12216,VDD_SYS_SOC,12216,VDD_IN,12216,VDD_SYS_CPU,12216,
1587934084366,CRR_SYS_GPU,72,CRR_SYS_SOC,48,CRR_IN,266,CRR_SYS_CPU,8,
1587934084368,PWR_SYS_GPU,879,PWR_SYS_SOC,586,PWR_IN,3249,PWR_SYS_CPU,97,
1587934085371,VDD_SYS_GPU,12216,VDD_SYS_SOC,12216,VDD_IN,12216,VDD_SYS_CPU,12216,
1587934085373,CRR_SYS_GPU,72,CRR_SYS_SOC,48,CRR_IN,264,CRR_SYS_CPU,8,
1587934085376,PWR_SYS_GPU,879,PWR_SYS_SOC,586,PWR_IN,3225,PWR_SYS_CPU,97,
1587934086378,VDD_SYS_GPU,12216,VDD_SYS_SOC,12216,VDD_IN,12216,VDD_SYS_CPU,12216,
1587934086380,CRR_SYS_GPU,72,CRR_SYS_SOC,48,CRR_IN,264,CRR_SYS_CPU,8,
1587934086383,PWR_SYS_GPU,879,PWR_SYS_SOC,586,PWR_IN,3225,PWR_SYS_CPU,97,
1587934087385,VDD_SYS_GPU,12216,VDD_SYS_SOC,12216,VDD_IN,12216,VDD_SYS_CPU,12216,
1587934087387,CRR_SYS_GPU,72,CRR_SYS_SOC,48,CRR_IN,264,CRR_SYS_CPU,8,
1587934087389,PWR_SYS_GPU,879,PWR_SYS_SOC,586,PWR_IN,3225,PWR_SYS_CPU,97,
1587934088391,VDD_SYS_GPU,12216,VDD_SYS_SOC,12216,VDD_IN,12216,VDD_SYS_CPU,12216,
1587934088393,CRR_SYS_GPU,72,CRR_SYS_SOC,48,CRR_IN,264,CRR_SYS_CPU,8,
1587934088396,PWR_SYS_GPU,879,PWR_SYS_SOC,586,PWR_IN,3225,PWR_SYS_CPU,97,
1587934089398,VDD_SYS_GPU,12216,VDD_SYS_SOC,12216,VDD_IN,12216,VDD_SYS_CPU,12216,
1587934089400,CRR_SYS_GPU,72,CRR_SYS_SOC,48,CRR_IN,264,CRR_SYS_CPU,8,
1587934089402,PWR_SYS_GPU,879,PWR_SYS_SOC,586,PWR_IN,3225,PWR_SYS_CPU,97,
1587934090405,VDD_SYS_GPU,12216,VDD_SYS_SOC,12216,VDD_IN,12216,VDD_SYS_CPU,12216,
1587934090407,CRR_SYS_GPU,72,CRR_SYS_SOC,48,CRR_IN,266,CRR_SYS_CPU,8,
1587934090409,PWR_SYS_GPU,879,PWR_SYS_SOC,586,PWR_IN,3249,PWR_SYS_CPU,97,
1587934091410,VDD_SYS_GPU,12216,VDD_SYS_SOC,12216,VDD_IN,12216,VDD_SYS_CPU,12216,
1587934091412,CRR_SYS_GPU,72,CRR_SYS_SOC,48,CRR_IN,266,CRR_SYS_CPU,8,
1587934091415,PWR_SYS_GPU,879,PWR_SYS_SOC,586,PWR_IN,3249,PWR_SYS_CPU,97,
1587934092417,VDD_SYS_GPU,12216,VDD_SYS_SOC,12216,VDD_IN,12216,VDD_SYS_CPU,12216,
1587934092419,CRR_SYS_GPU,72,CRR_SYS_SOC,48,CRR_IN,264,CRR_SYS_CPU,8,
1587934092422,PWR_SYS_GPU,879,PWR_SYS_SOC,586,PWR_IN,3225,PWR_SYS_CPU,97,
1587934093425,VDD_SYS_GPU,12216,VDD_SYS_SOC,12216,VDD_IN,12216,VDD_SYS_CPU,12216,
1587934093427,CRR_SYS_GPU,72,CRR_SYS_SOC,48,CRR_IN,264,CRR_SYS_CPU,8,
1587934093429,PWR_SYS_GPU,879,PWR_SYS_SOC,586,PWR_IN,3225,PWR_SYS_CPU,97,
1587934094432,VDD_SYS_GPU,12216,VDD_SYS_SOC,12216,VDD_IN,12216,VDD_SYS_CPU,12216,
1587934094433,CRR_SYS_GPU,72,CRR_SYS_SOC,48,CRR_IN,264,CRR_SYS_CPU,8,
1587934094436,PWR_SYS_GPU,879,PWR_SYS_SOC,586,PWR_IN,3225,PWR_SYS_CPU,97,
1587934095438,VDD_SYS_GPU,12216,VDD_SYS_SOC,12216,VDD_IN,12216,VDD_SYS_CPU,12216,
1587934095441,CRR_SYS_GPU,72,CRR_SYS_SOC,48,CRR_IN,264,CRR_SYS_CPU,8,
1587934095444,PWR_SYS_GPU,879,PWR_SYS_SOC,586,PWR_IN,3225,PWR_SYS_CPU,97,
1587934096446,VDD_SYS_GPU,12216,VDD_SYS_SOC,12216,VDD_IN,12216,VDD_SYS_CPU,12216,
1587934096448,CRR_SYS_GPU,72,CRR_SYS_SOC,48,CRR_IN,264,CRR_SYS_CPU,8,
1587934096451,PWR_SYS_GPU,879,PWR_SYS_SOC,586,PWR_IN,3225,PWR_SYS_CPU,97,
1587934097453,VDD_SYS_GPU,12216,VDD_SYS_SOC,12216,VDD_IN,12216,VDD_SYS_CPU,12216,
1587934097455,CRR_SYS_GPU,72,CRR_SYS_SOC,48,CRR_IN,264,CRR_SYS_CPU,8,
1587934097458,PWR_SYS_GPU,879,PWR_SYS_SOC,586,PWR_IN,3225,PWR_SYS_CPU,97,
1587934098460,VDD_SYS_GPU,12216,VDD_SYS_SOC,12216,VDD_IN,12216,VDD_SYS_CPU,12216,
1587934098462,CRR_SYS_GPU,72,CRR_SYS_SOC,48,CRR_IN,264,CRR_SYS_CPU,8,
1587934098464,PWR_SYS_GPU,879,PWR_SYS_SOC,586,PWR_IN,3225,PWR_SYS_CPU,97,
1587934099467,VDD_SYS_GPU,12216,VDD_SYS_SOC,12216,VDD_IN,12216,VDD_SYS_CPU,12216,
1587934099469,CRR_SYS_GPU,72,CRR_SYS_SOC,48,CRR_IN,264,CRR_SYS_CPU,8,
1587934099471,PWR_SYS_GPU,879,PWR_SYS_SOC,586,PWR_IN,3225,PWR_SYS_CPU,97,
1587934100473,VDD_SYS_GPU,12216,VDD_SYS_SOC,12216,VDD_IN,12216,VDD_SYS_CPU,12216,
1587934100476,CRR_SYS_GPU,72,CRR_SYS_SOC,48,CRR_IN,262,CRR_SYS_CPU,8,
1587934100479,PWR_SYS_GPU,879,PWR_SYS_SOC,586,PWR_IN,3200,PWR_SYS_CPU,97,
1587934101481,VDD_SYS_GPU,12216,VDD_SYS_SOC,12216,VDD_IN,12216,VDD_SYS_CPU,12216,
1587934101483,CRR_SYS_GPU,72,CRR_SYS_SOC,48,CRR_IN,264,CRR_SYS_CPU,8,
1587934101486,PWR_SYS_GPU,879,PWR_SYS_SOC,586,PWR_IN,3225,PWR_SYS_CPU,97,
1587934102488,VDD_SYS_GPU,12216,VDD_SYS_SOC,12216,VDD_IN,12224,VDD_SYS_CPU,12216,
1587934102489,CRR_SYS_GPU,60,CRR_SYS_SOC,48,CRR_IN,270,CRR_SYS_CPU,28,
1587934102492,PWR_SYS_GPU,732,PWR_SYS_SOC,586,PWR_IN,3300,PWR_SYS_CPU,342,
1587934103493,VDD_SYS_GPU,12216,VDD_SYS_SOC,12216,VDD_IN,12216,VDD_SYS_CPU,12216,
1587934103494,CRR_SYS_GPU,68,CRR_SYS_SOC,48,CRR_IN,264,CRR_SYS_CPU,12,
1587934103497,PWR_SYS_GPU,830,PWR_SYS_SOC,586,PWR_IN,3225,PWR_SYS_CPU,146,
1587934104499,VDD_SYS_GPU,12216,VDD_SYS_SOC,12216,VDD_IN,12216,VDD_SYS_CPU,12216,
1587934104501,CRR_SYS_GPU,72,CRR_SYS_SOC,48,CRR_IN,264,CRR_SYS_CPU,8,
1587934104504,PWR_SYS_GPU,879,PWR_SYS_SOC,586,PWR_IN,3225,PWR_SYS_CPU,97,
1587934105506,VDD_SYS_GPU,12216,VDD_SYS_SOC,12216,VDD_IN,12216,VDD_SYS_CPU,12216,
1587934105508,CRR_SYS_GPU,72,CRR_SYS_SOC,48,CRR_IN,260,CRR_SYS_CPU,8,
1587934105510,PWR_SYS_GPU,879,PWR_SYS_SOC,586,PWR_IN,3176,PWR_SYS_CPU,97,
1587934106512,VDD_SYS_GPU,12216,VDD_SYS_SOC,12216,VDD_IN,12216,VDD_SYS_CPU,12216,
1587934106514,CRR_SYS_GPU,72,CRR_SYS_SOC,48,CRR_IN,264,CRR_SYS_CPU,8,
1587934106517,PWR_SYS_GPU,879,PWR_SYS_SOC,586,PWR_IN,3225,PWR_SYS_CPU,97,
1587934107519,VDD_SYS_GPU,12216,VDD_SYS_SOC,12216,VDD_IN,12216,VDD_SYS_CPU,12216,
1587934107521,CRR_SYS_GPU,72,CRR_SYS_SOC,48,CRR_IN,262,CRR_SYS_CPU,8,
1587934107524,PWR_SYS_GPU,879,PWR_SYS_SOC,586,PWR_IN,3200,PWR_SYS_CPU,97,
1587934108526,VDD_SYS_GPU,12216,VDD_SYS_SOC,12216,VDD_IN,12216,VDD_SYS_CPU,12216,
1587934108528,CRR_SYS_GPU,72,CRR_SYS_SOC,48,CRR_IN,264,CRR_SYS_CPU,8,
1587934108531,PWR_SYS_GPU,879,PWR_SYS_SOC,586,PWR_IN,3225,PWR_SYS_CPU,97,
1587934109533,VDD_SYS_GPU,12216,VDD_SYS_SOC,12216,VDD_IN,12216,VDD_SYS_CPU,12216,
1587934109535,CRR_SYS_GPU,72,CRR_SYS_SOC,48,CRR_IN,264,CRR_SYS_CPU,8,
1587934109539,PWR_SYS_GPU,879,PWR_SYS_SOC,586,PWR_IN,3225,PWR_SYS_CPU,97,
1587934110540,VDD_SYS_GPU,12216,VDD_SYS_SOC,12216,VDD_IN,12216,VDD_SYS_CPU,12216,
1587934110542,CRR_SYS_GPU,72,CRR_SYS_SOC,48,CRR_IN,264,CRR_SYS_CPU,8,
1587934110545,PWR_SYS_GPU,879,PWR_SYS_SOC,586,PWR_IN,3249,PWR_SYS_CPU,97,
1587934111547,VDD_SYS_GPU,12216,VDD_SYS_SOC,12216,VDD_IN,12216,VDD_SYS_CPU,12216,
1587934111549,CRR_SYS_GPU,72,CRR_SYS_SOC,48,CRR_IN,266,CRR_SYS_CPU,8,
1587934111551,PWR_SYS_GPU,879,PWR_SYS_SOC,586,PWR_IN,3249,PWR_SYS_CPU,97,
1587934112552,VDD_SYS_GPU,12216,VDD_SYS_SOC,12216,VDD_IN,12216,VDD_SYS_CPU,12216,
1587934112553,CRR_SYS_GPU,72,CRR_SYS_SOC,48,CRR_IN,262,CRR_SYS_CPU,8,
1587934112555,PWR_SYS_GPU,879,PWR_SYS_SOC,586,PWR_IN,3200,PWR_SYS_CPU,97,
1587934113556,VDD_SYS_GPU,12216,VDD_SYS_SOC,12216,VDD_IN,12216,VDD_SYS_CPU,12216,
1587934113557,CRR_SYS_GPU,72,CRR_SYS_SOC,48,CRR_IN,262,CRR_SYS_CPU,8,
1587934113559,PWR_SYS_GPU,879,PWR_SYS_SOC,586,PWR_IN,3200,PWR_SYS_CPU,97,
1587934114561,VDD_SYS_GPU,12216,VDD_SYS_SOC,12216,VDD_IN,12216,VDD_SYS_CPU,12216,
1587934114562,CRR_SYS_GPU,72,CRR_SYS_SOC,48,CRR_IN,262,CRR_SYS_CPU,8,
1587934114564,PWR_SYS_GPU,879,PWR_SYS_SOC,585,PWR_IN,3225,PWR_SYS_CPU,97,
1587934115567,VDD_SYS_GPU,12216,VDD_SYS_SOC,12216,VDD_IN,12216,VDD_SYS_CPU,12216,
1587934115569,CRR_SYS_GPU,72,CRR_SYS_SOC,48,CRR_IN,262,CRR_SYS_CPU,8,
1587934115572,PWR_SYS_GPU,879,PWR_SYS_SOC,586,PWR_IN,3200,PWR_SYS_CPU,97,
1587934116574,VDD_SYS_GPU,12216,VDD_SYS_SOC,12216,VDD_IN,12216,VDD_SYS_CPU,12216,
1587934116576,CRR_SYS_GPU,72,CRR_SYS_SOC,48,CRR_IN,264,CRR_SYS_CPU,8,
1587934116580,PWR_SYS_GPU,879,PWR_SYS_SOC,586,PWR_IN,3225,PWR_SYS_CPU,97,
1587934117582,VDD_SYS_GPU,12216,VDD_SYS_SOC,12216,VDD_IN,12216,VDD_SYS_CPU,12216,
1587934117584,CRR_SYS_GPU,72,CRR_SYS_SOC,48,CRR_IN,260,CRR_SYS_CPU,8,
1587934117587,PWR_SYS_GPU,879,PWR_SYS_SOC,586,PWR_IN,3176,PWR_SYS_CPU,97,
1587934118589,VDD_SYS_GPU,12216,VDD_SYS_SOC,12216,VDD_IN,12216,VDD_SYS_CPU,12216,
1587934118591,CRR_SYS_GPU,72,CRR_SYS_SOC,48,CRR_IN,280,CRR_SYS_CPU,8,
1587934118595,PWR_SYS_GPU,879,PWR_SYS_SOC,586,PWR_IN,3444,PWR_SYS_CPU,97,
1587934119597,VDD_SYS_GPU,12216,VDD_SYS_SOC,12216,VDD_IN,12224,VDD_SYS_CPU,12216,
1587934119599,CRR_SYS_GPU,72,CRR_SYS_SOC,48,CRR_IN,290,CRR_SYS_CPU,8,
1587934119602,PWR_SYS_GPU,879,PWR_SYS_SOC,586,PWR_IN,3544,PWR_SYS_CPU,97,
1587934120604,VDD_SYS_GPU,12216,VDD_SYS_SOC,12216,VDD_IN,12216,VDD_SYS_CPU,12216,
1587934120608,CRR_SYS_GPU,72,CRR_SYS_SOC,48,CRR_IN,266,CRR_SYS_CPU,8,
1587934120610,PWR_SYS_GPU,879,PWR_SYS_SOC,586,PWR_IN,3249,PWR_SYS_CPU,97,
1587934121612,VDD_SYS_GPU,12216,VDD_SYS_SOC,12216,VDD_IN,12216,VDD_SYS_CPU,12216,
1587934121614,CRR_SYS_GPU,72,CRR_SYS_SOC,48,CRR_IN,264,CRR_SYS_CPU,8,
1587934121616,PWR_SYS_GPU,879,PWR_SYS_SOC,586,PWR_IN,3225,PWR_SYS_CPU,97,
1587934122618,VDD_SYS_GPU,12216,VDD_SYS_SOC,12216,VDD_IN,12216,VDD_SYS_CPU,12216,
1587934122620,CRR_SYS_GPU,72,CRR_SYS_SOC,48,CRR_IN,264,CRR_SYS_CPU,8,
1587934122623,PWR_SYS_GPU,879,PWR_SYS_SOC,586,PWR_IN,3225,PWR_SYS_CPU,97,
1587934123625,VDD_SYS_GPU,12216,VDD_SYS_SOC,12216,VDD_IN,12216,VDD_SYS_CPU,12216,
1587934123627,CRR_SYS_GPU,72,CRR_SYS_SOC,48,CRR_IN,262,CRR_SYS_CPU,8,
1587934123629,PWR_SYS_GPU,879,PWR_SYS_SOC,586,PWR_IN,3200,PWR_SYS_CPU,97,
1587934124631,VDD_SYS_GPU,12216,VDD_SYS_SOC,12216,VDD_IN,12216,VDD_SYS_CPU,12216,
1587934124633,CRR_SYS_GPU,72,CRR_SYS_SOC,48,CRR_IN,264,CRR_SYS_CPU,8,
1587934124636,PWR_SYS_GPU,879,PWR_SYS_SOC,586,PWR_IN,3225,PWR_SYS_CPU,97,
1587934125638,VDD_SYS_GPU,12216,VDD_SYS_SOC,12216,VDD_IN,12216,VDD_SYS_CPU,12216,
1587934125640,CRR_SYS_GPU,72,CRR_SYS_SOC,48,CRR_IN,264,CRR_SYS_CPU,8,
1587934125642,PWR_SYS_GPU,879,PWR_SYS_SOC,586,PWR_IN,3225,PWR_SYS_CPU,97,
1587934126643,VDD_SYS_GPU,12216,VDD_SYS_SOC,12216,VDD_IN,12216,VDD_SYS_CPU,12216,
1587934126645,CRR_SYS_GPU,72,CRR_SYS_SOC,48,CRR_IN,264,CRR_SYS_CPU,8,
1587934126648,PWR_SYS_GPU,879,PWR_SYS_SOC,586,PWR_IN,3200,PWR_SYS_CPU,97,
1587934127650,VDD_SYS_GPU,12216,VDD_SYS_SOC,12216,VDD_IN,12216,VDD_SYS_CPU,12216,
1587934127652,CRR_SYS_GPU,72,CRR_SYS_SOC,48,CRR_IN,264,CRR_SYS_CPU,8,
1587934127654,PWR_SYS_GPU,879,PWR_SYS_SOC,586,PWR_IN,3225,PWR_SYS_CPU,97,
1587934128657,VDD_SYS_GPU,12216,VDD_SYS_SOC,12216,VDD_IN,12216,VDD_SYS_CPU,12216,
1587934128658,CRR_SYS_GPU,72,CRR_SYS_SOC,48,CRR_IN,264,CRR_SYS_CPU,8,
1587934128661,PWR_SYS_GPU,879,PWR_SYS_SOC,586,PWR_IN,3225,PWR_SYS_CPU,97,
1587934129663,VDD_SYS_GPU,12216,VDD_SYS_SOC,12208,VDD_IN,12216,VDD_SYS_CPU,12216,
1587934129665,CRR_SYS_GPU,72,CRR_SYS_SOC,48,CRR_IN,262,CRR_SYS_CPU,8,
1587934129668,PWR_SYS_GPU,879,PWR_SYS_SOC,586,PWR_IN,3200,PWR_SYS_CPU,97,
1587934130670,VDD_SYS_GPU,12216,VDD_SYS_SOC,12208,VDD_IN,12216,VDD_SYS_CPU,12216,
1587934130672,CRR_SYS_GPU,72,CRR_SYS_SOC,48,CRR_IN,262,CRR_SYS_CPU,8,
1587934130674,PWR_SYS_GPU,879,PWR_SYS_SOC,585,PWR_IN,3225,PWR_SYS_CPU,97,
1587934131676,VDD_SYS_GPU,12216,VDD_SYS_SOC,12208,VDD_IN,12216,VDD_SYS_CPU,12216,
1587934131678,CRR_SYS_GPU,72,CRR_SYS_SOC,48,CRR_IN,262,CRR_SYS_CPU,8,
1587934131681,PWR_SYS_GPU,879,PWR_SYS_SOC,586,PWR_IN,3200,PWR_SYS_CPU,97,
1587934132683,VDD_SYS_GPU,12216,VDD_SYS_SOC,12216,VDD_IN,12216,VDD_SYS_CPU,12216,
1587934132685,CRR_SYS_GPU,72,CRR_SYS_SOC,48,CRR_IN,262,CRR_SYS_CPU,8,
1587934132687,PWR_SYS_GPU,879,PWR_SYS_SOC,586,PWR_IN,3200,PWR_SYS_CPU,97,
1587934133689,VDD_SYS_GPU,12216,VDD_SYS_SOC,12216,VDD_IN,12216,VDD_SYS_CPU,12216,
1587934133691,CRR_SYS_GPU,72,CRR_SYS_SOC,48,CRR_IN,264,CRR_SYS_CPU,8,
1587934133693,PWR_SYS_GPU,879,PWR_SYS_SOC,586,PWR_IN,3200,PWR_SYS_CPU,97,
1587934134695,VDD_SYS_GPU,12216,VDD_SYS_SOC,12216,VDD_IN,12216,VDD_SYS_CPU,12216,
1587934134697,CRR_SYS_GPU,72,CRR_SYS_SOC,48,CRR_IN,264,CRR_SYS_CPU,8,
1587934134699,PWR_SYS_GPU,879,PWR_SYS_SOC,586,PWR_IN,3225,PWR_SYS_CPU,97,
1587934135701,VDD_SYS_GPU,12216,VDD_SYS_SOC,12216,VDD_IN,12216,VDD_SYS_CPU,12216,
1587934135703,CRR_SYS_GPU,72,CRR_SYS_SOC,48,CRR_IN,262,CRR_SYS_CPU,8,
1587934135705,PWR_SYS_GPU,879,PWR_SYS_SOC,586,PWR_IN,3225,PWR_SYS_CPU,97,
1587934136707,VDD_SYS_GPU,12216,VDD_SYS_SOC,12216,VDD_IN,12216,VDD_SYS_CPU,12216,
1587934136709,CRR_SYS_GPU,72,CRR_SYS_SOC,48,CRR_IN,262,CRR_SYS_CPU,8,
1587934136712,PWR_SYS_GPU,879,PWR_SYS_SOC,586,PWR_IN,3200,PWR_SYS_CPU,97,
1587934137714,VDD_SYS_GPU,12216,VDD_SYS_SOC,12216,VDD_IN,12216,VDD_SYS_CPU,12216,
1587934137717,CRR_SYS_GPU,72,CRR_SYS_SOC,48,CRR_IN,262,CRR_SYS_CPU,8,
1587934137720,PWR_SYS_GPU,879,PWR_SYS_SOC,586,PWR_IN,3200,PWR_SYS_CPU,97,
1587934138722,VDD_SYS_GPU,12216,VDD_SYS_SOC,12216,VDD_IN,12216,VDD_SYS_CPU,12216,
1587934138725,CRR_SYS_GPU,72,CRR_SYS_SOC,48,CRR_IN,262,CRR_SYS_CPU,8,
1587934138728,PWR_SYS_GPU,879,PWR_SYS_SOC,586,PWR_IN,3200,PWR_SYS_CPU,97,
1587934139730,VDD_SYS_GPU,12216,VDD_SYS_SOC,12208,VDD_IN,12216,VDD_SYS_CPU,12216,
1587934139732,CRR_SYS_GPU,72,CRR_SYS_SOC,48,CRR_IN,262,CRR_SYS_CPU,8,
1587934139735,PWR_SYS_GPU,879,PWR_SYS_SOC,585,PWR_IN,3200,PWR_SYS_CPU,97,
1587934140737,VDD_SYS_GPU,12216,VDD_SYS_SOC,12216,VDD_IN,12216,VDD_SYS_CPU,12216,
1587934140739,CRR_SYS_GPU,72,CRR_SYS_SOC,48,CRR_IN,262,CRR_SYS_CPU,8,
1587934140741,PWR_SYS_GPU,879,PWR_SYS_SOC,586,PWR_IN,3200,PWR_SYS_CPU,97,
1587934141744,VDD_SYS_GPU,12216,VDD_SYS_SOC,12216,VDD_IN,12216,VDD_SYS_CPU,12216,
1587934141746,CRR_SYS_GPU,72,CRR_SYS_SOC,48,CRR_IN,262,CRR_SYS_CPU,8,
1587934141749,PWR_SYS_GPU,879,PWR_SYS_SOC,586,PWR_IN,3200,PWR_SYS_CPU,97,
1587934142751,VDD_SYS_GPU,12216,VDD_SYS_SOC,12216,VDD_IN,12216,VDD_SYS_CPU,12216,
1587934142752,CRR_SYS_GPU,72,CRR_SYS_SOC,48,CRR_IN,262,CRR_SYS_CPU,8,
1587934142755,PWR_SYS_GPU,879,PWR_SYS_SOC,586,PWR_IN,3200,PWR_SYS_CPU,97,
1587934143757,VDD_SYS_GPU,12216,VDD_SYS_SOC,12216,VDD_IN,12216,VDD_SYS_CPU,12216,
1587934143758,CRR_SYS_GPU,72,CRR_SYS_SOC,48,CRR_IN,262,CRR_SYS_CPU,8,
1587934143761,PWR_SYS_GPU,879,PWR_SYS_SOC,586,PWR_IN,3200,PWR_SYS_CPU,97,
1587934144763,VDD_SYS_GPU,12216,VDD_SYS_SOC,12216,VDD_IN,12216,VDD_SYS_CPU,12216,
1587934144765,CRR_SYS_GPU,72,CRR_SYS_SOC,48,CRR_IN,262,CRR_SYS_CPU,8,
1587934144768,PWR_SYS_GPU,879,PWR_SYS_SOC,586,PWR_IN,3225,PWR_SYS_CPU,97,
1587934145770,VDD_SYS_GPU,12216,VDD_SYS_SOC,12216,VDD_IN,12216,VDD_SYS_CPU,12216,
1587934145772,CRR_SYS_GPU,72,CRR_SYS_SOC,48,CRR_IN,264,CRR_SYS_CPU,8,
1587934145774,PWR_SYS_GPU,879,PWR_SYS_SOC,586,PWR_IN,3225,PWR_SYS_CPU,97,
1587934146776,VDD_SYS_GPU,12216,VDD_SYS_SOC,12216,VDD_IN,12216,VDD_SYS_CPU,12216,
1587934146778,CRR_SYS_GPU,72,CRR_SYS_SOC,48,CRR_IN,264,CRR_SYS_CPU,8,
1587934146781,PWR_SYS_GPU,879,PWR_SYS_SOC,586,PWR_IN,3225,PWR_SYS_CPU,97,
1587934147783,VDD_SYS_GPU,12216,VDD_SYS_SOC,12216,VDD_IN,12216,VDD_SYS_CPU,12216,
1587934147785,CRR_SYS_GPU,72,CRR_SYS_SOC,48,CRR_IN,262,CRR_SYS_CPU,8,
1587934147787,PWR_SYS_GPU,879,PWR_SYS_SOC,586,PWR_IN,3200,PWR_SYS_CPU,97,
1587934148789,VDD_SYS_GPU,12216,VDD_SYS_SOC,12216,VDD_IN,12216,VDD_SYS_CPU,12216,
1587934148791,CRR_SYS_GPU,72,CRR_SYS_SOC,48,CRR_IN,262,CRR_SYS_CPU,8,
1587934148793,PWR_SYS_GPU,879,PWR_SYS_SOC,586,PWR_IN,3200,PWR_SYS_CPU,97,
1587934149796,VDD_SYS_GPU,12216,VDD_SYS_SOC,12216,VDD_IN,12216,VDD_SYS_CPU,12216,
1587934149797,CRR_SYS_GPU,72,CRR_SYS_SOC,48,CRR_IN,264,CRR_SYS_CPU,8,
1587934149800,PWR_SYS_GPU,879,PWR_SYS_SOC,586,PWR_IN,3225,PWR_SYS_CPU,97,
1587934150802,VDD_SYS_GPU,12216,VDD_SYS_SOC,12216,VDD_IN,12216,VDD_SYS_CPU,12216,
1587934150804,CRR_SYS_GPU,72,CRR_SYS_SOC,48,CRR_IN,262,CRR_SYS_CPU,8,
1587934150806,PWR_SYS_GPU,879,PWR_SYS_SOC,586,PWR_IN,3225,PWR_SYS_CPU,97,
1587934151808,VDD_SYS_GPU,12216,VDD_SYS_SOC,12216,VDD_IN,12216,VDD_SYS_CPU,12216,
1587934151810,CRR_SYS_GPU,72,CRR_SYS_SOC,48,CRR_IN,264,CRR_SYS_CPU,8,
1587934151812,PWR_SYS_GPU,879,PWR_SYS_SOC,586,PWR_IN,3225,PWR_SYS_CPU,97,
1587934152814,VDD_SYS_GPU,12216,VDD_SYS_SOC,12216,VDD_IN,12216,VDD_SYS_CPU,12216,
1587934152816,CRR_SYS_GPU,72,CRR_SYS_SOC,48,CRR_IN,264,CRR_SYS_CPU,8,
1587934152819,PWR_SYS_GPU,879,PWR_SYS_SOC,586,PWR_IN,3225,PWR_SYS_CPU,97,
1587934153821,VDD_SYS_GPU,12216,VDD_SYS_SOC,12216,VDD_IN,12216,VDD_SYS_CPU,12216,
1587934153823,CRR_SYS_GPU,72,CRR_SYS_SOC,48,CRR_IN,262,CRR_SYS_CPU,8,
1587934153826,PWR_SYS_GPU,879,PWR_SYS_SOC,586,PWR_IN,3200,PWR_SYS_CPU,97,
1587934154828,VDD_SYS_GPU,12216,VDD_SYS_SOC,12216,VDD_IN,12216,VDD_SYS_CPU,12216,
1587934154830,CRR_SYS_GPU,72,CRR_SYS_SOC,48,CRR_IN,262,CRR_SYS_CPU,8,
1587934154833,PWR_SYS_GPU,879,PWR_SYS_SOC,586,PWR_IN,3200,PWR_SYS_CPU,97,
1587934155835,VDD_SYS_GPU,12216,VDD_SYS_SOC,12216,VDD_IN,12216,VDD_SYS_CPU,12216,
1587934155837,CRR_SYS_GPU,72,CRR_SYS_SOC,48,CRR_IN,264,CRR_SYS_CPU,8,
1587934155841,PWR_SYS_GPU,879,PWR_SYS_SOC,586,PWR_IN,3225,PWR_SYS_CPU,97,
1587934156843,VDD_SYS_GPU,12216,VDD_SYS_SOC,12216,VDD_IN,12216,VDD_SYS_CPU,12216,
1587934156845,CRR_SYS_GPU,72,CRR_SYS_SOC,48,CRR_IN,264,CRR_SYS_CPU,8,
1587934156848,PWR_SYS_GPU,879,PWR_SYS_SOC,586,PWR_IN,3225,PWR_SYS_CPU,97,
1587934157850,VDD_SYS_GPU,12216,VDD_SYS_SOC,12216,VDD_IN,12216,VDD_SYS_CPU,12216,
1587934157852,CRR_SYS_GPU,72,CRR_SYS_SOC,48,CRR_IN,262,CRR_SYS_CPU,8,
1587934157855,PWR_SYS_GPU,879,PWR_SYS_SOC,586,PWR_IN,3200,PWR_SYS_CPU,97,
1587934158857,VDD_SYS_GPU,12216,VDD_SYS_SOC,12216,VDD_IN,12216,VDD_SYS_CPU,12216,
1587934158859,CRR_SYS_GPU,72,CRR_SYS_SOC,48,CRR_IN,262,CRR_SYS_CPU,8,
1587934158861,PWR_SYS_GPU,879,PWR_SYS_SOC,586,PWR_IN,3200,PWR_SYS_CPU,97,
1587934159210,state,BA
1587934159210,state,end
